2017-12-15 10:45:09,098 DEBUG (BaseJdbcLogger.java:159)- <==      Total: 1
2017-12-15 10:45:09,113 DEBUG (BaseJdbcLogger.java:159)- ==>  Preparing: select logid, userphone, failtimes, lastfailtime from userlog where userphone = ? 
2017-12-15 10:45:09,114 DEBUG (BaseJdbcLogger.java:159)- ==> Parameters: 15161182029(String)
2017-12-15 10:45:09,115 DEBUG (BaseJdbcLogger.java:159)- <==      Total: 1
2017-12-15 10:45:09,116 INFO (UserController.java:171)- 登陆成功
2017-12-15 10:45:09,116 INFO (UserController.java:172)- 重置用户密码输错次数……
2017-12-15 10:45:09,117 DEBUG (BaseJdbcLogger.java:159)- ==>  Preparing: update userlog set failtimes = 0 where userphone = ? 
2017-12-15 10:45:09,119 DEBUG (BaseJdbcLogger.java:159)- ==> Parameters: 15161182029(String)
2017-12-15 10:45:09,202 DEBUG (BaseJdbcLogger.java:159)- <==    Updates: 1
2017-12-15 10:45:09,203 INFO (UserController.java:175)- 用户密码输错次数已重置为0……
2017-12-15 10:45:09,209 DEBUG (BaseJdbcLogger.java:159)- ==>  Preparing: select a.*,u.username from article a,user u where a.articleuserid=u.userid ORDER BY articlelastcommenttime DESC 
2017-12-15 10:45:09,210 DEBUG (BaseJdbcLogger.java:159)- ==> Parameters: 
2017-12-15 10:45:09,214 DEBUG (BaseJdbcLogger.java:159)- <==      Total: 21
2017-12-15 10:45:09,215 INFO (ArticleServiceImpl.java:49)- 共有21条记录
2017-12-15 10:45:09,215 INFO (ArticleServiceImpl.java:52)- 共有3页
2017-12-15 10:45:09,215 INFO (ArticleServiceImpl.java:55)- 当前的起始记录为第：0条
2017-12-15 10:45:09,215 DEBUG (BaseJdbcLogger.java:159)- ==>  Preparing: select a.*,u.username from article a,user u where a.articleuserid=u.userid ORDER BY articlelastcommenttime DESC limit ?,? 
2017-12-15 10:45:09,216 DEBUG (BaseJdbcLogger.java:159)- ==> Parameters: 0(Integer), 10(Integer)
2017-12-15 10:45:09,221 DEBUG (BaseJdbcLogger.java:159)- <==      Total: 10
2017-12-15 10:45:09,222 DEBUG (BaseJdbcLogger.java:159)- ==>  Preparing: select a.*,u.username from article a,user u where a.articleuserid=u.userid ORDER BY articlelastcommenttime DESC 
2017-12-15 10:45:09,223 DEBUG (BaseJdbcLogger.java:159)- ==> Parameters: 
2017-12-15 10:45:09,227 DEBUG (BaseJdbcLogger.java:159)- <==      Total: 21
2017-12-15 10:45:11,057 DEBUG (BaseJdbcLogger.java:159)- ==>  Preparing: select a.*,u.username from article a,user u where articleid = ? AND a.articleuserid=u.userid 
2017-12-15 10:45:11,058 DEBUG (BaseJdbcLogger.java:159)- ==> Parameters: 21(Integer)
2017-12-15 10:45:11,059 DEBUG (BaseJdbcLogger.java:159)- <==      Total: 1
2017-12-15 10:45:11,060 DEBUG (BaseJdbcLogger.java:159)- ==>  Preparing: select co.*,u.username,u.usergrade,u.userid from comment co,user u where co.commentarticleid = ? AND co.commentuserid=u.userid 
2017-12-15 10:45:11,060 DEBUG (BaseJdbcLogger.java:159)- ==> Parameters: 21(Integer)
2017-12-15 10:45:11,062 DEBUG (BaseJdbcLogger.java:159)- <==      Total: 4
2017-12-15 10:45:36,058 INFO (CommentController.java:37)- 腾讯会贯彻党的十九大决策部署221
2017-12-15 10:45:36,061 DEBUG (BaseJdbcLogger.java:159)- ==>  Preparing: insert into comment ( commentcontent, commentuserid, commentarticleid, commenttime ) values ( ?, ?, ?, ? ) 
2017-12-15 10:45:36,062 DEBUG (BaseJdbcLogger.java:159)- ==> Parameters: 腾讯会贯彻党的十九大决策部署(String), 2(Integer), 21(Integer), 2017-12-15 10:45:36.0(Timestamp)
2017-12-15 10:45:36,103 DEBUG (BaseJdbcLogger.java:159)- <==    Updates: 1
2017-12-15 10:45:36,104 DEBUG (BaseJdbcLogger.java:159)- ==>  Preparing: select a.*,u.username from article a,user u where articleid = ? AND a.articleuserid=u.userid 
2017-12-15 10:45:36,104 DEBUG (BaseJdbcLogger.java:159)- ==> Parameters: 21(Integer)
2017-12-15 10:45:36,105 DEBUG (BaseJdbcLogger.java:159)- <==      Total: 1
2017-12-15 10:45:36,107 DEBUG (BaseJdbcLogger.java:159)- ==>  Preparing: update article SET articlecommentnum = ?, articlelastcommenttime = ? where articleid = ? 
2017-12-15 10:45:36,108 DEBUG (BaseJdbcLogger.java:159)- ==> Parameters: 5(Integer), 2017-12-15 10:45:36.0(Timestamp), 21(Integer)
2017-12-15 10:45:36,137 DEBUG (BaseJdbcLogger.java:159)- <==    Updates: 1
2017-12-15 10:45:36,142 DEBUG (BaseJdbcLogger.java:159)- ==>  Preparing: select a.*,u.username from article a,user u where articleid = ? AND a.articleuserid=u.userid 
2017-12-15 10:45:36,142 DEBUG (BaseJdbcLogger.java:159)- ==> Parameters: 21(Integer)
2017-12-15 10:45:36,143 DEBUG (BaseJdbcLogger.java:159)- <==      Total: 1
2017-12-15 10:45:36,144 DEBUG (BaseJdbcLogger.java:159)- ==>  Preparing: select co.*,u.username,u.usergrade,u.userid from comment co,user u where co.commentarticleid = ? AND co.commentuserid=u.userid 
2017-12-15 10:45:36,145 DEBUG (BaseJdbcLogger.java:159)- ==> Parameters: 21(Integer)
2017-12-15 10:45:36,147 DEBUG (BaseJdbcLogger.java:159)- <==      Total: 5
2017-12-15 10:45:37,177 DEBUG (BaseJdbcLogger.java:159)- ==>  Preparing: select a.*,u.username from article a,user u where articleid = ? AND a.articleuserid=u.userid 
2017-12-15 10:45:37,178 DEBUG (BaseJdbcLogger.java:159)- ==> Parameters: 21(Integer)
2017-12-15 10:45:37,181 DEBUG (BaseJdbcLogger.java:159)- <==      Total: 1
2017-12-15 10:45:37,183 DEBUG (BaseJdbcLogger.java:159)- ==>  Preparing: select co.*,u.username,u.usergrade,u.userid from comment co,user u where co.commentarticleid = ? AND co.commentuserid=u.userid 
2017-12-15 10:45:37,186 DEBUG (BaseJdbcLogger.java:159)- ==> Parameters: 21(Integer)
2017-12-15 10:45:37,190 DEBUG (BaseJdbcLogger.java:159)- <==      Total: 5
2017-12-15 10:45:42,120 DEBUG (BaseJdbcLogger.java:159)- ==>  Preparing: select a.*,u.username from article a,user u where a.articleuserid=u.userid ORDER BY articlelastcommenttime DESC 
2017-12-15 10:45:42,121 DEBUG (BaseJdbcLogger.java:159)- ==> Parameters: 
2017-12-15 10:45:42,126 DEBUG (BaseJdbcLogger.java:159)- <==      Total: 21
2017-12-15 10:45:42,127 INFO (ArticleServiceImpl.java:49)- 共有21条记录
2017-12-15 10:45:42,128 INFO (ArticleServiceImpl.java:52)- 共有3页
2017-12-15 10:45:42,128 INFO (ArticleServiceImpl.java:55)- 当前的起始记录为第：0条
2017-12-15 10:45:42,129 DEBUG (BaseJdbcLogger.java:159)- ==>  Preparing: select a.*,u.username from article a,user u where a.articleuserid=u.userid ORDER BY articlelastcommenttime DESC limit ?,? 
2017-12-15 10:45:42,130 DEBUG (BaseJdbcLogger.java:159)- ==> Parameters: 0(Integer), 10(Integer)
2017-12-15 10:45:42,133 DEBUG (BaseJdbcLogger.java:159)- <==      Total: 10
2017-12-15 10:45:42,134 DEBUG (BaseJdbcLogger.java:159)- ==>  Preparing: select a.*,u.username from article a,user u where a.articleuserid=u.userid ORDER BY articlelastcommenttime DESC 
2017-12-15 10:45:42,135 DEBUG (BaseJdbcLogger.java:159)- ==> Parameters: 
2017-12-15 10:45:42,139 DEBUG (BaseJdbcLogger.java:159)- <==      Total: 21
2017-12-15 10:46:12,880 INFO (CommentController.java:37)- /微笑421
2017-12-15 10:46:12,883 DEBUG (BaseJdbcLogger.java:159)- ==>  Preparing: insert into comment ( commentcontent, commentuserid, commentarticleid, commenttime ) values ( ?, ?, ?, ? ) 
2017-12-15 10:46:12,884 DEBUG (BaseJdbcLogger.java:159)- ==> Parameters: /微笑(String), 4(Integer), 21(Integer), 2017-12-15 10:46:12.0(Timestamp)
2017-12-15 10:46:12,921 DEBUG (BaseJdbcLogger.java:159)- <==    Updates: 1
2017-12-15 10:46:12,923 DEBUG (BaseJdbcLogger.java:159)- ==>  Preparing: select a.*,u.username from article a,user u where articleid = ? AND a.articleuserid=u.userid 
2017-12-15 10:46:12,923 DEBUG (BaseJdbcLogger.java:159)- ==> Parameters: 21(Integer)
2017-12-15 10:46:12,924 DEBUG (BaseJdbcLogger.java:159)- <==      Total: 1
2017-12-15 10:46:12,927 DEBUG (BaseJdbcLogger.java:159)- ==>  Preparing: update article SET articlecommentnum = ?, articlelastcommenttime = ? where articleid = ? 
2017-12-15 10:46:12,927 DEBUG (BaseJdbcLogger.java:159)- ==> Parameters: 6(Integer), 2017-12-15 10:46:12.0(Timestamp), 21(Integer)
2017-12-15 10:46:12,955 DEBUG (BaseJdbcLogger.java:159)- <==    Updates: 1
2017-12-15 10:46:12,963 DEBUG (BaseJdbcLogger.java:159)- ==>  Preparing: select a.*,u.username from article a,user u where articleid = ? AND a.articleuserid=u.userid 
2017-12-15 10:46:12,964 DEBUG (BaseJdbcLogger.java:159)- ==> Parameters: 21(Integer)
2017-12-15 10:46:12,965 DEBUG (BaseJdbcLogger.java:159)- <==      Total: 1
2017-12-15 10:46:12,965 DEBUG (BaseJdbcLogger.java:159)- ==>  Preparing: select co.*,u.username,u.usergrade,u.userid from comment co,user u where co.commentarticleid = ? AND co.commentuserid=u.userid 
2017-12-15 10:46:12,966 DEBUG (BaseJdbcLogger.java:159)- ==> Parameters: 21(Integer)
2017-12-15 10:46:12,967 DEBUG (BaseJdbcLogger.java:159)- <==      Total: 6
2017-12-15 10:46:13,991 DEBUG (BaseJdbcLogger.java:159)- ==>  Preparing: select a.*,u.username from article a,user u where articleid = ? AND a.articleuserid=u.userid 
2017-12-15 10:46:13,998 DEBUG (BaseJdbcLogger.java:159)- ==> Parameters: 21(Integer)
2017-12-15 10:46:14,001 DEBUG (BaseJdbcLogger.java:159)- <==      Total: 1
2017-12-15 10:46:14,004 DEBUG (BaseJdbcLogger.java:159)- ==>  Preparing: select co.*,u.username,u.usergrade,u.userid from comment co,user u where co.commentarticleid = ? AND co.commentuserid=u.userid 
2017-12-15 10:46:14,005 DEBUG (BaseJdbcLogger.java:159)- ==> Parameters: 21(Integer)
2017-12-15 10:46:14,009 DEBUG (BaseJdbcLogger.java:159)- <==      Total: 6
2017-12-15 10:46:22,751 DEBUG (BaseJdbcLogger.java:159)- ==>  Preparing: select a.*,u.username from article a,user u where a.articleuserid=u.userid ORDER BY articlelastcommenttime DESC 
2017-12-15 10:46:22,752 DEBUG (BaseJdbcLogger.java:159)- ==> Parameters: 
2017-12-15 10:46:22,756 DEBUG (BaseJdbcLogger.java:159)- <==      Total: 21
2017-12-15 10:46:22,757 INFO (ArticleServiceImpl.java:49)- 共有21条记录
2017-12-15 10:46:22,758 INFO (ArticleServiceImpl.java:52)- 共有3页
2017-12-15 10:46:22,758 INFO (ArticleServiceImpl.java:55)- 当前的起始记录为第：0条
2017-12-15 10:46:22,759 DEBUG (BaseJdbcLogger.java:159)- ==>  Preparing: select a.*,u.username from article a,user u where a.articleuserid=u.userid ORDER BY articlelastcommenttime DESC limit ?,? 
2017-12-15 10:46:22,759 DEBUG (BaseJdbcLogger.java:159)- ==> Parameters: 0(Integer), 10(Integer)
2017-12-15 10:46:22,763 DEBUG (BaseJdbcLogger.java:159)- <==      Total: 10
2017-12-15 10:46:22,764 DEBUG (BaseJdbcLogger.java:159)- ==>  Preparing: select a.*,u.username from article a,user u where a.articleuserid=u.userid ORDER BY articlelastcommenttime DESC 
2017-12-15 10:46:22,765 DEBUG (BaseJdbcLogger.java:159)- ==> Parameters: 
2017-12-15 10:46:22,768 DEBUG (BaseJdbcLogger.java:159)- <==      Total: 21
2017-12-15 11:29:45,046 INFO (StartupInfoLogger.java:48)- Starting Work2ZacharyApplication on nkgw10nh1485 with PID 6508 (E:\WorkSpace\Work2_Zachary\target\classes started by Zach.Zhang in E:\WorkSpace\Work2_Zachary)
2017-12-15 11:29:45,053 DEBUG (StartupInfoLogger.java:51)- Running with Spring Boot v1.5.9.RELEASE, Spring v4.3.13.RELEASE
2017-12-15 11:29:45,053 INFO (SpringApplication.java:593)- No active profile set, falling back to default profiles: default
2017-12-15 11:29:52,883 INFO (StartupInfoLogger.java:57)- Started Work2ZacharyApplication in 8.597 seconds (JVM running for 9.428)
2017-12-15 11:30:04,611 INFO (UserController.java:42)- 正在前往登录页面…………
2017-12-15 11:30:04,720 INFO (UserController.java:42)- 正在前往登录页面…………
2017-12-15 11:30:08,279 INFO (UserController.java:74)- 正在检测用户手机号是否存在…………
2017-12-15 11:30:08,280 INFO (UserController.java:75)- userphoneuserphoneuserphoneuserphone15161182029
2017-12-15 11:30:08,649 DEBUG (BaseJdbcLogger.java:159)- ==>  Preparing: select userid,username,userphone,userpassword,usergrade from user where userphone = ? 
2017-12-15 11:30:08,692 DEBUG (BaseJdbcLogger.java:159)- ==> Parameters: 15161182029(String)
2017-12-15 11:30:08,713 DEBUG (BaseJdbcLogger.java:159)- <==      Total: 1
2017-12-15 11:30:08,714 ERROR (UserController.java:79)- 已存在
2017-12-15 11:30:08,716 INFO (UserController.java:85)- 检测完成…………
2017-12-15 11:30:10,730 DEBUG (BaseJdbcLogger.java:159)- ==>  Preparing: select userid,username,userphone,userpassword,usergrade from user where userphone = ? 
2017-12-15 11:30:10,731 DEBUG (BaseJdbcLogger.java:159)- ==> Parameters: 15161182029(String)
2017-12-15 11:30:10,737 DEBUG (BaseJdbcLogger.java:159)- <==      Total: 1
2017-12-15 11:30:10,740 DEBUG (BaseJdbcLogger.java:159)- ==>  Preparing: select userid,username,userphone,userpassword,usergrade from user where userphone = ? and userpassword = ? 
2017-12-15 11:30:10,741 DEBUG (BaseJdbcLogger.java:159)- ==> Parameters: 15161182029(String), e10adc3949ba59abbe56e057f20f883e(String)
2017-12-15 11:30:10,743 DEBUG (BaseJdbcLogger.java:159)- <==      Total: 1
2017-12-15 11:30:10,744 DEBUG (BaseJdbcLogger.java:159)- ==>  Preparing: select logid, userphone, failtimes, lastfailtime from userlog where userphone = ? 
2017-12-15 11:30:10,745 DEBUG (BaseJdbcLogger.java:159)- ==> Parameters: 15161182029(String)
2017-12-15 11:30:10,747 DEBUG (BaseJdbcLogger.java:159)- <==      Total: 1
2017-12-15 11:30:10,748 INFO (UserController.java:171)- 登陆成功
2017-12-15 11:30:10,748 INFO (UserController.java:172)- 重置用户密码输错次数……
2017-12-15 11:30:10,749 DEBUG (BaseJdbcLogger.java:159)- ==>  Preparing: update userlog set failtimes = 0 where userphone = ? 
2017-12-15 11:30:10,749 DEBUG (BaseJdbcLogger.java:159)- ==> Parameters: 15161182029(String)
2017-12-15 11:30:10,833 DEBUG (BaseJdbcLogger.java:159)- <==    Updates: 1
2017-12-15 11:30:10,834 INFO (UserController.java:175)- 用户密码输错次数已重置为0……
2017-12-15 11:30:10,849 DEBUG (BaseJdbcLogger.java:159)- ==>  Preparing: select a.*,u.username from article a,user u where a.articleuserid=u.userid ORDER BY articlelastcommenttime DESC 
2017-12-15 11:30:10,850 DEBUG (BaseJdbcLogger.java:159)- ==> Parameters: 
2017-12-15 11:30:10,886 DEBUG (BaseJdbcLogger.java:159)- <==      Total: 21
2017-12-15 11:30:10,887 INFO (ArticleServiceImpl.java:48)- 共有21条记录
2017-12-15 11:30:10,888 INFO (ArticleServiceImpl.java:51)- 共有3页
2017-12-15 11:30:10,888 INFO (ArticleServiceImpl.java:54)- 当前的起始记录为第：0条
2017-12-15 11:30:10,893 DEBUG (BaseJdbcLogger.java:159)- ==>  Preparing: select a.*,u.username from article a,user u where a.articleuserid=u.userid ORDER BY articlelastcommenttime DESC limit ?,? 
2017-12-15 11:30:10,894 DEBUG (BaseJdbcLogger.java:159)- ==> Parameters: 0(Integer), 10(Integer)
2017-12-15 11:30:10,903 DEBUG (BaseJdbcLogger.java:159)- <==      Total: 10
2017-12-15 11:30:10,904 DEBUG (BaseJdbcLogger.java:159)- ==>  Preparing: select a.*,u.username from article a,user u where a.articleuserid=u.userid ORDER BY articlelastcommenttime DESC 
2017-12-15 11:30:10,905 DEBUG (BaseJdbcLogger.java:159)- ==> Parameters: 
2017-12-15 11:30:10,912 DEBUG (BaseJdbcLogger.java:159)- <==      Total: 21
2017-12-15 11:36:58,098 DEBUG (BaseJdbcLogger.java:159)- ==>  Preparing: select a.*,u.username from article a,user u where articleid = ? AND a.articleuserid=u.userid 
2017-12-15 11:36:58,100 DEBUG (BaseJdbcLogger.java:159)- ==> Parameters: 21(Integer)
2017-12-15 11:36:58,103 DEBUG (BaseJdbcLogger.java:159)- <==      Total: 1
2017-12-15 11:36:58,106 DEBUG (BaseJdbcLogger.java:159)- ==>  Preparing: select co.*,u.username,u.usergrade,u.userid from comment co,user u where co.commentarticleid = ? AND co.commentuserid=u.userid 
2017-12-15 11:36:58,107 DEBUG (BaseJdbcLogger.java:159)- ==> Parameters: 21(Integer)
2017-12-15 11:36:58,110 DEBUG (BaseJdbcLogger.java:159)- <==      Total: 6
2017-12-15 11:37:07,858 INFO (UserController.java:42)- 正在前往登录页面…………
2017-12-15 11:37:34,806 INFO (UserController.java:74)- 正在检测用户手机号是否存在…………
2017-12-15 11:37:34,807 INFO (UserController.java:75)- userphoneuserphoneuserphoneuserphone13000000000
2017-12-15 11:37:34,810 DEBUG (BaseJdbcLogger.java:159)- ==>  Preparing: select userid,username,userphone,userpassword,usergrade from user where userphone = ? 
2017-12-15 11:37:34,811 DEBUG (BaseJdbcLogger.java:159)- ==> Parameters: 13000000000(String)
2017-12-15 11:37:34,814 DEBUG (BaseJdbcLogger.java:159)- <==      Total: 1
2017-12-15 11:37:34,816 ERROR (UserController.java:79)- 已存在
2017-12-15 11:37:34,816 INFO (UserController.java:85)- 检测完成…………
2017-12-15 11:37:40,640 DEBUG (BaseJdbcLogger.java:159)- ==>  Preparing: select userid,username,userphone,userpassword,usergrade from user where userphone = ? 
2017-12-15 11:37:40,641 DEBUG (BaseJdbcLogger.java:159)- ==> Parameters: 13000000000(String)
2017-12-15 11:37:40,643 DEBUG (BaseJdbcLogger.java:159)- <==      Total: 1
2017-12-15 11:37:40,646 DEBUG (BaseJdbcLogger.java:159)- ==>  Preparing: select userid,username,userphone,userpassword,usergrade from user where userphone = ? and userpassword = ? 
2017-12-15 11:37:40,647 DEBUG (BaseJdbcLogger.java:159)- ==> Parameters: 13000000000(String), e10adc3949ba59abbe56e057f20f883e(String)
2017-12-15 11:37:40,649 DEBUG (BaseJdbcLogger.java:159)- <==      Total: 1
2017-12-15 11:37:40,650 DEBUG (BaseJdbcLogger.java:159)- ==>  Preparing: select logid, userphone, failtimes, lastfailtime from userlog where userphone = ? 
2017-12-15 11:37:40,651 DEBUG (BaseJdbcLogger.java:159)- ==> Parameters: 13000000000(String)
2017-12-15 11:37:40,653 DEBUG (BaseJdbcLogger.java:159)- <==      Total: 1
2017-12-15 11:37:40,654 INFO (UserController.java:171)- 登陆成功
2017-12-15 11:37:40,655 INFO (UserController.java:172)- 重置用户密码输错次数……
2017-12-15 11:37:40,655 DEBUG (BaseJdbcLogger.java:159)- ==>  Preparing: update userlog set failtimes = 0 where userphone = ? 
2017-12-15 11:37:40,656 DEBUG (BaseJdbcLogger.java:159)- ==> Parameters: 13000000000(String)
2017-12-15 11:37:40,717 DEBUG (BaseJdbcLogger.java:159)- <==    Updates: 1
2017-12-15 11:37:40,718 INFO (UserController.java:175)- 用户密码输错次数已重置为0……
2017-12-15 11:37:40,722 DEBUG (BaseJdbcLogger.java:159)- ==>  Preparing: select a.*,u.username from article a,user u where a.articleuserid=u.userid ORDER BY articlelastcommenttime DESC 
2017-12-15 11:37:40,723 DEBUG (BaseJdbcLogger.java:159)- ==> Parameters: 
2017-12-15 11:37:40,730 DEBUG (BaseJdbcLogger.java:159)- <==      Total: 21
2017-12-15 11:37:40,731 INFO (ArticleServiceImpl.java:48)- 共有21条记录
2017-12-15 11:37:40,731 INFO (ArticleServiceImpl.java:51)- 共有3页
2017-12-15 11:37:40,731 INFO (ArticleServiceImpl.java:54)- 当前的起始记录为第：0条
2017-12-15 11:37:40,731 DEBUG (BaseJdbcLogger.java:159)- ==>  Preparing: select a.*,u.username from article a,user u where a.articleuserid=u.userid ORDER BY articlelastcommenttime DESC limit ?,? 
2017-12-15 11:37:40,732 DEBUG (BaseJdbcLogger.java:159)- ==> Parameters: 0(Integer), 10(Integer)
2017-12-15 11:37:40,735 DEBUG (BaseJdbcLogger.java:159)- <==      Total: 10
2017-12-15 11:37:40,736 DEBUG (BaseJdbcLogger.java:159)- ==>  Preparing: select a.*,u.username from article a,user u where a.articleuserid=u.userid ORDER BY articlelastcommenttime DESC 
2017-12-15 11:37:40,736 DEBUG (BaseJdbcLogger.java:159)- ==> Parameters: 
2017-12-15 11:37:40,742 DEBUG (BaseJdbcLogger.java:159)- <==      Total: 21
2017-12-15 11:38:36,200 DEBUG (BaseJdbcLogger.java:159)- ==>  Preparing: select a.*,u.username from article a,user u where articleid = ? AND a.articleuserid=u.userid 
2017-12-15 11:38:36,201 DEBUG (BaseJdbcLogger.java:159)- ==> Parameters: 13(Integer)
2017-12-15 11:38:36,204 DEBUG (BaseJdbcLogger.java:159)- <==      Total: 1
2017-12-15 11:38:36,205 DEBUG (BaseJdbcLogger.java:159)- ==>  Preparing: select co.*,u.username,u.usergrade,u.userid from comment co,user u where co.commentarticleid = ? AND co.commentuserid=u.userid 
2017-12-15 11:38:36,207 DEBUG (BaseJdbcLogger.java:159)- ==> Parameters: 13(Integer)
2017-12-15 11:38:36,209 DEBUG (BaseJdbcLogger.java:159)- <==      Total: 3
2017-12-15 11:39:07,313 DEBUG (BaseJdbcLogger.java:159)- ==>  Preparing: select a.*,u.username from article a,user u where articleid = ? AND a.articleuserid=u.userid 
2017-12-15 11:39:07,314 DEBUG (BaseJdbcLogger.java:159)- ==> Parameters: 1(Integer)
2017-12-15 11:39:07,316 DEBUG (BaseJdbcLogger.java:159)- <==      Total: 1
2017-12-15 11:39:07,317 DEBUG (BaseJdbcLogger.java:159)- ==>  Preparing: select co.*,u.username,u.usergrade,u.userid from comment co,user u where co.commentarticleid = ? AND co.commentuserid=u.userid 
2017-12-15 11:39:07,318 DEBUG (BaseJdbcLogger.java:159)- ==> Parameters: 1(Integer)
2017-12-15 11:39:07,324 DEBUG (BaseJdbcLogger.java:159)- <==      Total: 6
2017-12-15 11:40:48,648 DEBUG (BaseJdbcLogger.java:159)- ==>  Preparing: select a.*,u.username from article a,user u where a.articleuserid=u.userid ORDER BY articlelastcommenttime DESC 
2017-12-15 11:40:48,649 DEBUG (BaseJdbcLogger.java:159)- ==> Parameters: 
2017-12-15 11:40:48,656 DEBUG (BaseJdbcLogger.java:159)- <==      Total: 21
2017-12-15 11:40:48,657 INFO (ArticleServiceImpl.java:48)- 共有21条记录
2017-12-15 11:40:48,658 INFO (ArticleServiceImpl.java:51)- 共有3页
2017-12-15 11:40:48,658 INFO (ArticleServiceImpl.java:54)- 当前的起始记录为第：10条
2017-12-15 11:40:48,659 DEBUG (BaseJdbcLogger.java:159)- ==>  Preparing: select a.*,u.username from article a,user u where a.articleuserid=u.userid ORDER BY articlelastcommenttime DESC limit ?,? 
2017-12-15 11:40:48,659 DEBUG (BaseJdbcLogger.java:159)- ==> Parameters: 10(Integer), 10(Integer)
2017-12-15 11:40:48,663 DEBUG (BaseJdbcLogger.java:159)- <==      Total: 10
2017-12-15 11:40:48,664 DEBUG (BaseJdbcLogger.java:159)- ==>  Preparing: select a.*,u.username from article a,user u where a.articleuserid=u.userid ORDER BY articlelastcommenttime DESC 
2017-12-15 11:40:48,664 DEBUG (BaseJdbcLogger.java:159)- ==> Parameters: 
2017-12-15 11:40:48,669 DEBUG (BaseJdbcLogger.java:159)- <==      Total: 21
2017-12-15 11:40:51,775 DEBUG (BaseJdbcLogger.java:159)- ==>  Preparing: select a.*,u.username from article a,user u where a.articleuserid=u.userid ORDER BY articlelastcommenttime DESC 
2017-12-15 11:40:51,776 DEBUG (BaseJdbcLogger.java:159)- ==> Parameters: 
2017-12-15 11:40:51,781 DEBUG (BaseJdbcLogger.java:159)- <==      Total: 21
2017-12-15 11:40:51,782 INFO (ArticleServiceImpl.java:48)- 共有21条记录
2017-12-15 11:40:51,783 INFO (ArticleServiceImpl.java:51)- 共有3页
2017-12-15 11:40:51,783 INFO (ArticleServiceImpl.java:54)- 当前的起始记录为第：20条
2017-12-15 11:40:51,783 DEBUG (BaseJdbcLogger.java:159)- ==>  Preparing: select a.*,u.username from article a,user u where a.articleuserid=u.userid ORDER BY articlelastcommenttime DESC limit ?,? 
2017-12-15 11:40:51,784 DEBUG (BaseJdbcLogger.java:159)- ==> Parameters: 20(Integer), 10(Integer)
2017-12-15 11:40:51,786 DEBUG (BaseJdbcLogger.java:159)- <==      Total: 1
2017-12-15 11:40:51,787 DEBUG (BaseJdbcLogger.java:159)- ==>  Preparing: select a.*,u.username from article a,user u where a.articleuserid=u.userid ORDER BY articlelastcommenttime DESC 
2017-12-15 11:40:51,788 DEBUG (BaseJdbcLogger.java:159)- ==> Parameters: 
2017-12-15 11:40:51,793 DEBUG (BaseJdbcLogger.java:159)- <==      Total: 21
2017-12-15 11:40:53,143 DEBUG (BaseJdbcLogger.java:159)- ==>  Preparing: select a.*,u.username from article a,user u where a.articleuserid=u.userid ORDER BY articlelastcommenttime DESC 
2017-12-15 11:40:53,144 DEBUG (BaseJdbcLogger.java:159)- ==> Parameters: 
2017-12-15 11:40:53,150 DEBUG (BaseJdbcLogger.java:159)- <==      Total: 21
2017-12-15 11:40:53,151 INFO (ArticleServiceImpl.java:48)- 共有21条记录
2017-12-15 11:40:53,152 INFO (ArticleServiceImpl.java:51)- 共有3页
2017-12-15 11:40:53,152 INFO (ArticleServiceImpl.java:54)- 当前的起始记录为第：10条
2017-12-15 11:40:53,153 DEBUG (BaseJdbcLogger.java:159)- ==>  Preparing: select a.*,u.username from article a,user u where a.articleuserid=u.userid ORDER BY articlelastcommenttime DESC limit ?,? 
2017-12-15 11:40:53,153 DEBUG (BaseJdbcLogger.java:159)- ==> Parameters: 10(Integer), 10(Integer)
2017-12-15 11:40:53,157 DEBUG (BaseJdbcLogger.java:159)- <==      Total: 10
2017-12-15 11:40:53,158 DEBUG (BaseJdbcLogger.java:159)- ==>  Preparing: select a.*,u.username from article a,user u where a.articleuserid=u.userid ORDER BY articlelastcommenttime DESC 
2017-12-15 11:40:53,159 DEBUG (BaseJdbcLogger.java:159)- ==> Parameters: 
2017-12-15 11:40:53,164 DEBUG (BaseJdbcLogger.java:159)- <==      Total: 21
2017-12-15 11:41:13,351 DEBUG (BaseJdbcLogger.java:159)- ==>  Preparing: select a.*,u.username from article a,user u where a.articleuserid=u.userid ORDER BY articlelastcommenttime DESC 
2017-12-15 11:41:13,351 DEBUG (BaseJdbcLogger.java:159)- ==> Parameters: 
2017-12-15 11:41:13,359 DEBUG (BaseJdbcLogger.java:159)- <==      Total: 21
2017-12-15 11:41:13,360 INFO (ArticleServiceImpl.java:48)- 共有21条记录
2017-12-15 11:41:13,360 INFO (ArticleServiceImpl.java:51)- 共有3页
2017-12-15 11:41:13,361 INFO (ArticleServiceImpl.java:54)- 当前的起始记录为第：20条
2017-12-15 11:41:13,362 DEBUG (BaseJdbcLogger.java:159)- ==>  Preparing: select a.*,u.username from article a,user u where a.articleuserid=u.userid ORDER BY articlelastcommenttime DESC limit ?,? 
2017-12-15 11:41:13,363 DEBUG (BaseJdbcLogger.java:159)- ==> Parameters: 20(Integer), 10(Integer)
2017-12-15 11:41:13,366 DEBUG (BaseJdbcLogger.java:159)- <==      Total: 1
2017-12-15 11:41:13,367 DEBUG (BaseJdbcLogger.java:159)- ==>  Preparing: select a.*,u.username from article a,user u where a.articleuserid=u.userid ORDER BY articlelastcommenttime DESC 
2017-12-15 11:41:13,367 DEBUG (BaseJdbcLogger.java:159)- ==> Parameters: 
2017-12-15 11:41:13,373 DEBUG (BaseJdbcLogger.java:159)- <==      Total: 21
2017-12-15 11:41:14,941 DEBUG (BaseJdbcLogger.java:159)- ==>  Preparing: select a.*,u.username from article a,user u where a.articleuserid=u.userid ORDER BY articlelastcommenttime DESC 
2017-12-15 11:41:14,942 DEBUG (BaseJdbcLogger.java:159)- ==> Parameters: 
2017-12-15 11:41:14,947 DEBUG (BaseJdbcLogger.java:159)- <==      Total: 21
2017-12-15 11:41:14,948 INFO (ArticleServiceImpl.java:48)- 共有21条记录
2017-12-15 11:41:14,949 INFO (ArticleServiceImpl.java:51)- 共有3页
2017-12-15 11:41:14,949 INFO (ArticleServiceImpl.java:54)- 当前的起始记录为第：10条
2017-12-15 11:41:14,950 DEBUG (BaseJdbcLogger.java:159)- ==>  Preparing: select a.*,u.username from article a,user u where a.articleuserid=u.userid ORDER BY articlelastcommenttime DESC limit ?,? 
2017-12-15 11:41:14,951 DEBUG (BaseJdbcLogger.java:159)- ==> Parameters: 10(Integer), 10(Integer)
2017-12-15 11:41:14,953 DEBUG (BaseJdbcLogger.java:159)- <==      Total: 10
2017-12-15 11:41:14,954 DEBUG (BaseJdbcLogger.java:159)- ==>  Preparing: select a.*,u.username from article a,user u where a.articleuserid=u.userid ORDER BY articlelastcommenttime DESC 
2017-12-15 11:41:14,955 DEBUG (BaseJdbcLogger.java:159)- ==> Parameters: 
2017-12-15 11:41:14,958 DEBUG (BaseJdbcLogger.java:159)- <==      Total: 21
2017-12-15 11:41:16,487 DEBUG (BaseJdbcLogger.java:159)- ==>  Preparing: select a.*,u.username from article a,user u where a.articleuserid=u.userid ORDER BY articlelastcommenttime DESC 
2017-12-15 11:41:16,488 DEBUG (BaseJdbcLogger.java:159)- ==> Parameters: 
2017-12-15 11:41:16,493 DEBUG (BaseJdbcLogger.java:159)- <==      Total: 21
2017-12-15 11:41:16,494 INFO (ArticleServiceImpl.java:48)- 共有21条记录
2017-12-15 11:41:16,494 INFO (ArticleServiceImpl.java:51)- 共有3页
2017-12-15 11:41:16,494 INFO (ArticleServiceImpl.java:54)- 当前的起始记录为第：0条
2017-12-15 11:41:16,495 DEBUG (BaseJdbcLogger.java:159)- ==>  Preparing: select a.*,u.username from article a,user u where a.articleuserid=u.userid ORDER BY articlelastcommenttime DESC limit ?,? 
2017-12-15 11:41:16,496 DEBUG (BaseJdbcLogger.java:159)- ==> Parameters: 0(Integer), 10(Integer)
2017-12-15 11:41:16,499 DEBUG (BaseJdbcLogger.java:159)- <==      Total: 10
2017-12-15 11:41:16,500 DEBUG (BaseJdbcLogger.java:159)- ==>  Preparing: select a.*,u.username from article a,user u where a.articleuserid=u.userid ORDER BY articlelastcommenttime DESC 
2017-12-15 11:41:16,501 DEBUG (BaseJdbcLogger.java:159)- ==> Parameters: 
2017-12-15 11:41:16,504 DEBUG (BaseJdbcLogger.java:159)- <==      Total: 21
2017-12-15 11:41:18,383 DEBUG (BaseJdbcLogger.java:159)- ==>  Preparing: select a.*,u.username from article a,user u where a.articleuserid=u.userid ORDER BY articlelastcommenttime DESC 
2017-12-15 11:41:18,384 DEBUG (BaseJdbcLogger.java:159)- ==> Parameters: 
2017-12-15 11:41:18,387 DEBUG (BaseJdbcLogger.java:159)- <==      Total: 21
2017-12-15 11:41:18,388 INFO (ArticleServiceImpl.java:48)- 共有21条记录
2017-12-15 11:41:18,389 INFO (ArticleServiceImpl.java:51)- 共有3页
2017-12-15 11:41:18,389 INFO (ArticleServiceImpl.java:54)- 当前的起始记录为第：10条
2017-12-15 11:41:18,390 DEBUG (BaseJdbcLogger.java:159)- ==>  Preparing: select a.*,u.username from article a,user u where a.articleuserid=u.userid ORDER BY articlelastcommenttime DESC limit ?,? 
2017-12-15 11:41:18,391 DEBUG (BaseJdbcLogger.java:159)- ==> Parameters: 10(Integer), 10(Integer)
2017-12-15 11:41:18,394 DEBUG (BaseJdbcLogger.java:159)- <==      Total: 10
2017-12-15 11:41:18,395 DEBUG (BaseJdbcLogger.java:159)- ==>  Preparing: select a.*,u.username from article a,user u where a.articleuserid=u.userid ORDER BY articlelastcommenttime DESC 
2017-12-15 11:41:18,396 DEBUG (BaseJdbcLogger.java:159)- ==> Parameters: 
2017-12-15 11:41:18,401 DEBUG (BaseJdbcLogger.java:159)- <==      Total: 21
2017-12-15 11:41:20,125 DEBUG (BaseJdbcLogger.java:159)- ==>  Preparing: select a.*,u.username from article a,user u where a.articleuserid=u.userid ORDER BY articlelastcommenttime DESC 
2017-12-15 11:41:20,126 DEBUG (BaseJdbcLogger.java:159)- ==> Parameters: 
2017-12-15 11:41:20,132 DEBUG (BaseJdbcLogger.java:159)- <==      Total: 21
2017-12-15 11:41:20,133 INFO (ArticleServiceImpl.java:48)- 共有21条记录
2017-12-15 11:41:20,134 INFO (ArticleServiceImpl.java:51)- 共有3页
2017-12-15 11:41:20,134 INFO (ArticleServiceImpl.java:54)- 当前的起始记录为第：20条
2017-12-15 11:41:20,135 DEBUG (BaseJdbcLogger.java:159)- ==>  Preparing: select a.*,u.username from article a,user u where a.articleuserid=u.userid ORDER BY articlelastcommenttime DESC limit ?,? 
2017-12-15 11:41:20,136 DEBUG (BaseJdbcLogger.java:159)- ==> Parameters: 20(Integer), 10(Integer)
2017-12-15 11:41:20,138 DEBUG (BaseJdbcLogger.java:159)- <==      Total: 1
2017-12-15 11:41:20,139 DEBUG (BaseJdbcLogger.java:159)- ==>  Preparing: select a.*,u.username from article a,user u where a.articleuserid=u.userid ORDER BY articlelastcommenttime DESC 
2017-12-15 11:41:20,140 DEBUG (BaseJdbcLogger.java:159)- ==> Parameters: 
2017-12-15 11:41:20,146 DEBUG (BaseJdbcLogger.java:159)- <==      Total: 21
2017-12-15 11:41:21,447 DEBUG (BaseJdbcLogger.java:159)- ==>  Preparing: select a.*,u.username from article a,user u where a.articleuserid=u.userid ORDER BY articlelastcommenttime DESC 
2017-12-15 11:41:21,448 DEBUG (BaseJdbcLogger.java:159)- ==> Parameters: 
2017-12-15 11:41:21,452 DEBUG (BaseJdbcLogger.java:159)- <==      Total: 21
2017-12-15 11:41:21,452 INFO (ArticleServiceImpl.java:48)- 共有21条记录
2017-12-15 11:41:21,453 INFO (ArticleServiceImpl.java:51)- 共有3页
2017-12-15 11:41:21,453 INFO (ArticleServiceImpl.java:54)- 当前的起始记录为第：10条
2017-12-15 11:41:21,453 DEBUG (BaseJdbcLogger.java:159)- ==>  Preparing: select a.*,u.username from article a,user u where a.articleuserid=u.userid ORDER BY articlelastcommenttime DESC limit ?,? 
2017-12-15 11:41:21,454 DEBUG (BaseJdbcLogger.java:159)- ==> Parameters: 10(Integer), 10(Integer)
2017-12-15 11:41:21,457 DEBUG (BaseJdbcLogger.java:159)- <==      Total: 10
2017-12-15 11:41:21,458 DEBUG (BaseJdbcLogger.java:159)- ==>  Preparing: select a.*,u.username from article a,user u where a.articleuserid=u.userid ORDER BY articlelastcommenttime DESC 
2017-12-15 11:41:21,458 DEBUG (BaseJdbcLogger.java:159)- ==> Parameters: 
2017-12-15 11:41:21,463 DEBUG (BaseJdbcLogger.java:159)- <==      Total: 21
2017-12-15 11:41:24,138 DEBUG (BaseJdbcLogger.java:159)- ==>  Preparing: select a.*,u.username from article a,user u where articleuserid = ? AND u.userid=? ORDER BY articleaddtime DESC 
2017-12-15 11:41:24,141 DEBUG (BaseJdbcLogger.java:159)- ==> Parameters: 2(Integer), 2(Integer)
2017-12-15 11:41:24,144 DEBUG (BaseJdbcLogger.java:159)- <==      Total: 6
2017-12-15 11:41:29,821 INFO (ArticleController.java:149)- 正在前往新增文章界面……
2017-12-15 11:41:40,884 INFO (ArticleController.java:164)- 即将插入数据库的文章信息为：Article{articleid=null, articletitle='是dads的萨达萨达是', articlecontent='梵蒂冈地方官梵蒂冈地方官梵蒂冈的个地方的说法大苏打实打实大', articleaddtime=Fri Dec 15 11:41:40 CST 2017, articleuserid=2, articlecommentnum=null, articlelastcommenttime=Fri Dec 15 11:41:40 CST 2017, user=null}
2017-12-15 11:41:40,918 DEBUG (BaseJdbcLogger.java:159)- ==>  Preparing: insert into article ( articletitle, articlecontent, articleaddtime, articleuserid, articlelastcommenttime ) values ( ?, ?, ?, ?, ? ) 
2017-12-15 11:41:40,920 DEBUG (BaseJdbcLogger.java:159)- ==> Parameters: 是dads的萨达萨达是(String), 梵蒂冈地方官梵蒂冈地方官梵蒂冈的个地方的说法大苏打实打实大(String), 2017-12-15 11:41:40.0(Timestamp), 2(Integer), 2017-12-15 11:41:40.0(Timestamp)
2017-12-15 11:41:40,999 DEBUG (BaseJdbcLogger.java:159)- <==    Updates: 1
2017-12-15 11:41:41,006 DEBUG (BaseJdbcLogger.java:159)- ==>  Preparing: select a.*,u.username from article a,user u where articleuserid = ? AND u.userid=? ORDER BY articleaddtime DESC 
2017-12-15 11:41:41,007 DEBUG (BaseJdbcLogger.java:159)- ==> Parameters: 2(Integer), 2(Integer)
2017-12-15 11:41:41,008 DEBUG (BaseJdbcLogger.java:159)- <==      Total: 7
2017-12-15 11:41:44,695 DEBUG (BaseJdbcLogger.java:159)- ==>  Preparing: select a.*,u.username from article a,user u where a.articleuserid=u.userid ORDER BY articlelastcommenttime DESC 
2017-12-15 11:41:44,696 DEBUG (BaseJdbcLogger.java:159)- ==> Parameters: 
2017-12-15 11:41:44,699 DEBUG (BaseJdbcLogger.java:159)- <==      Total: 22
2017-12-15 11:41:44,699 INFO (ArticleServiceImpl.java:48)- 共有22条记录
2017-12-15 11:41:44,700 INFO (ArticleServiceImpl.java:51)- 共有3页
2017-12-15 11:41:44,700 INFO (ArticleServiceImpl.java:54)- 当前的起始记录为第：0条
2017-12-15 11:41:44,701 DEBUG (BaseJdbcLogger.java:159)- ==>  Preparing: select a.*,u.username from article a,user u where a.articleuserid=u.userid ORDER BY articlelastcommenttime DESC limit ?,? 
2017-12-15 11:41:44,702 DEBUG (BaseJdbcLogger.java:159)- ==> Parameters: 0(Integer), 10(Integer)
2017-12-15 11:41:44,704 DEBUG (BaseJdbcLogger.java:159)- <==      Total: 10
2017-12-15 11:41:44,705 DEBUG (BaseJdbcLogger.java:159)- ==>  Preparing: select a.*,u.username from article a,user u where a.articleuserid=u.userid ORDER BY articlelastcommenttime DESC 
2017-12-15 11:41:44,706 DEBUG (BaseJdbcLogger.java:159)- ==> Parameters: 
2017-12-15 11:41:44,710 DEBUG (BaseJdbcLogger.java:159)- <==      Total: 22
2017-12-15 11:41:49,959 DEBUG (BaseJdbcLogger.java:159)- ==>  Preparing: select a.*,u.username from article a,user u where articleuserid = ? AND u.userid=? ORDER BY articleaddtime DESC 
2017-12-15 11:41:49,960 DEBUG (BaseJdbcLogger.java:159)- ==> Parameters: 2(Integer), 2(Integer)
2017-12-15 11:41:49,962 DEBUG (BaseJdbcLogger.java:159)- <==      Total: 7
2017-12-15 11:41:54,211 DEBUG (BaseJdbcLogger.java:159)- ==>  Preparing: delete from article where articleid = ? 
2017-12-15 11:41:54,212 DEBUG (BaseJdbcLogger.java:159)- ==> Parameters: 29(Integer)
2017-12-15 11:41:54,269 DEBUG (BaseJdbcLogger.java:159)- <==    Updates: 1
2017-12-15 11:41:54,270 DEBUG (BaseJdbcLogger.java:159)- ==>  Preparing: delete from comment where commentarticleid = ? 
2017-12-15 11:41:54,271 DEBUG (BaseJdbcLogger.java:159)- ==> Parameters: 29(Integer)
2017-12-15 11:41:54,272 DEBUG (BaseJdbcLogger.java:159)- <==    Updates: 0
2017-12-15 11:42:29,081 DEBUG (BaseJdbcLogger.java:159)- ==>  Preparing: select a.*,u.username from article a,user u where a.articleuserid=u.userid ORDER BY articlelastcommenttime DESC 
2017-12-15 11:42:29,082 DEBUG (BaseJdbcLogger.java:159)- ==> Parameters: 
2017-12-15 11:42:29,086 DEBUG (BaseJdbcLogger.java:159)- <==      Total: 21
2017-12-15 11:42:29,087 INFO (ArticleServiceImpl.java:48)- 共有21条记录
2017-12-15 11:42:29,087 INFO (ArticleServiceImpl.java:51)- 共有3页
2017-12-15 11:42:29,087 INFO (ArticleServiceImpl.java:54)- 当前的起始记录为第：0条
2017-12-15 11:42:29,088 DEBUG (BaseJdbcLogger.java:159)- ==>  Preparing: select a.*,u.username from article a,user u where a.articleuserid=u.userid ORDER BY articlelastcommenttime DESC limit ?,? 
2017-12-15 11:42:29,089 DEBUG (BaseJdbcLogger.java:159)- ==> Parameters: 0(Integer), 10(Integer)
2017-12-15 11:42:29,090 DEBUG (BaseJdbcLogger.java:159)- <==      Total: 10
2017-12-15 11:42:29,091 DEBUG (BaseJdbcLogger.java:159)- ==>  Preparing: select a.*,u.username from article a,user u where a.articleuserid=u.userid ORDER BY articlelastcommenttime DESC 
2017-12-15 11:42:29,091 DEBUG (BaseJdbcLogger.java:159)- ==> Parameters: 
2017-12-15 11:42:29,094 DEBUG (BaseJdbcLogger.java:159)- <==      Total: 21
2017-12-15 11:42:45,671 DEBUG (BaseJdbcLogger.java:159)- ==>  Preparing: select a.*,u.username from article a,user u where articleid = ? AND a.articleuserid=u.userid 
2017-12-15 11:42:45,672 DEBUG (BaseJdbcLogger.java:159)- ==> Parameters: 23(Integer)
2017-12-15 11:42:45,673 DEBUG (BaseJdbcLogger.java:159)- <==      Total: 1
2017-12-15 11:42:45,675 DEBUG (BaseJdbcLogger.java:159)- ==>  Preparing: select co.*,u.username,u.usergrade,u.userid from comment co,user u where co.commentarticleid = ? AND co.commentuserid=u.userid 
2017-12-15 11:42:45,675 DEBUG (BaseJdbcLogger.java:159)- ==> Parameters: 23(Integer)
2017-12-15 11:42:45,679 DEBUG (BaseJdbcLogger.java:159)- <==      Total: 1
2017-12-15 11:44:11,476 DEBUG (BaseJdbcLogger.java:159)- ==>  Preparing: select a.*,u.username from article a,user u where articleid = ? AND a.articleuserid=u.userid 
2017-12-15 11:44:11,477 DEBUG (BaseJdbcLogger.java:159)- ==> Parameters: 5(Integer)
2017-12-15 11:44:11,478 DEBUG (BaseJdbcLogger.java:159)- <==      Total: 0
2017-12-15 11:44:11,479 DEBUG (BaseJdbcLogger.java:159)- ==>  Preparing: select co.*,u.username,u.usergrade,u.userid from comment co,user u where co.commentarticleid = ? AND co.commentuserid=u.userid 
2017-12-15 11:44:11,480 DEBUG (BaseJdbcLogger.java:159)- ==> Parameters: 5(Integer)
2017-12-15 11:44:11,481 DEBUG (BaseJdbcLogger.java:159)- <==      Total: 0
2017-12-15 11:44:17,760 DEBUG (BaseJdbcLogger.java:159)- ==>  Preparing: select a.*,u.username from article a,user u where articleid = ? AND a.articleuserid=u.userid 
2017-12-15 11:44:17,761 DEBUG (BaseJdbcLogger.java:159)- ==> Parameters: 3(Integer)
2017-12-15 11:44:17,762 DEBUG (BaseJdbcLogger.java:159)- <==      Total: 1
2017-12-15 11:44:17,763 DEBUG (BaseJdbcLogger.java:159)- ==>  Preparing: select co.*,u.username,u.usergrade,u.userid from comment co,user u where co.commentarticleid = ? AND co.commentuserid=u.userid 
2017-12-15 11:44:17,763 DEBUG (BaseJdbcLogger.java:159)- ==> Parameters: 3(Integer)
2017-12-15 11:44:17,765 DEBUG (BaseJdbcLogger.java:159)- <==      Total: 4
2017-12-15 11:44:21,538 DEBUG (BaseJdbcLogger.java:159)- ==>  Preparing: select a.*,u.username from article a,user u where articleid = ? AND a.articleuserid=u.userid 
2017-12-15 11:44:21,539 DEBUG (BaseJdbcLogger.java:159)- ==> Parameters: 7(Integer)
2017-12-15 11:44:21,541 DEBUG (BaseJdbcLogger.java:159)- <==      Total: 1
2017-12-15 11:44:21,542 DEBUG (BaseJdbcLogger.java:159)- ==>  Preparing: select co.*,u.username,u.usergrade,u.userid from comment co,user u where co.commentarticleid = ? AND co.commentuserid=u.userid 
2017-12-15 11:44:21,543 DEBUG (BaseJdbcLogger.java:159)- ==> Parameters: 7(Integer)
2017-12-15 11:44:21,545 DEBUG (BaseJdbcLogger.java:159)- <==      Total: 2
2017-12-15 11:44:25,893 DEBUG (BaseJdbcLogger.java:159)- ==>  Preparing: select a.*,u.username from article a,user u where articleid = ? AND a.articleuserid=u.userid 
2017-12-15 11:44:25,894 DEBUG (BaseJdbcLogger.java:159)- ==> Parameters: 8(Integer)
2017-12-15 11:44:25,895 DEBUG (BaseJdbcLogger.java:159)- <==      Total: 1
2017-12-15 11:44:25,896 DEBUG (BaseJdbcLogger.java:159)- ==>  Preparing: select co.*,u.username,u.usergrade,u.userid from comment co,user u where co.commentarticleid = ? AND co.commentuserid=u.userid 
2017-12-15 11:44:25,897 DEBUG (BaseJdbcLogger.java:159)- ==> Parameters: 8(Integer)
2017-12-15 11:44:25,898 DEBUG (BaseJdbcLogger.java:159)- <==      Total: 0
2017-12-15 11:44:30,998 DEBUG (BaseJdbcLogger.java:159)- ==>  Preparing: select a.*,u.username from article a,user u where articleid = ? AND a.articleuserid=u.userid 
2017-12-15 11:44:30,999 DEBUG (BaseJdbcLogger.java:159)- ==> Parameters: 13(Integer)
2017-12-15 11:44:31,001 DEBUG (BaseJdbcLogger.java:159)- <==      Total: 1
2017-12-15 11:44:31,002 DEBUG (BaseJdbcLogger.java:159)- ==>  Preparing: select co.*,u.username,u.usergrade,u.userid from comment co,user u where co.commentarticleid = ? AND co.commentuserid=u.userid 
2017-12-15 11:44:31,002 DEBUG (BaseJdbcLogger.java:159)- ==> Parameters: 13(Integer)
2017-12-15 11:44:31,004 DEBUG (BaseJdbcLogger.java:159)- <==      Total: 3
2017-12-15 11:44:46,886 DEBUG (BaseJdbcLogger.java:159)- ==>  Preparing: select a.*,u.username from article a,user u where a.articleuserid=u.userid ORDER BY articlelastcommenttime DESC 
2017-12-15 11:44:46,886 DEBUG (BaseJdbcLogger.java:159)- ==> Parameters: 
2017-12-15 11:44:46,890 DEBUG (BaseJdbcLogger.java:159)- <==      Total: 21
2017-12-15 11:44:46,890 INFO (ArticleServiceImpl.java:48)- 共有21条记录
2017-12-15 11:44:46,890 INFO (ArticleServiceImpl.java:51)- 共有3页
2017-12-15 11:44:46,891 INFO (ArticleServiceImpl.java:54)- 当前的起始记录为第：0条
2017-12-15 11:44:46,891 DEBUG (BaseJdbcLogger.java:159)- ==>  Preparing: select a.*,u.username from article a,user u where a.articleuserid=u.userid ORDER BY articlelastcommenttime DESC limit ?,? 
2017-12-15 11:44:46,891 DEBUG (BaseJdbcLogger.java:159)- ==> Parameters: 0(Integer), 10(Integer)
2017-12-15 11:44:46,893 DEBUG (BaseJdbcLogger.java:159)- <==      Total: 10
2017-12-15 11:44:46,895 DEBUG (BaseJdbcLogger.java:159)- ==>  Preparing: select a.*,u.username from article a,user u where a.articleuserid=u.userid ORDER BY articlelastcommenttime DESC 
2017-12-15 11:44:46,896 DEBUG (BaseJdbcLogger.java:159)- ==> Parameters: 
2017-12-15 11:44:46,900 DEBUG (BaseJdbcLogger.java:159)- <==      Total: 21
2017-12-15 12:48:37,115 DEBUG (BaseJdbcLogger.java:159)- ==>  Preparing: select a.*,u.username from article a,user u where a.articleuserid=u.userid ORDER BY articlelastcommenttime DESC 
2017-12-15 12:48:37,116 DEBUG (BaseJdbcLogger.java:159)- ==> Parameters: 
2017-12-15 12:48:37,120 DEBUG (BaseJdbcLogger.java:159)- <==      Total: 21
2017-12-15 12:48:37,122 INFO (ArticleServiceImpl.java:48)- 共有21条记录
2017-12-15 12:48:37,123 INFO (ArticleServiceImpl.java:51)- 共有3页
2017-12-15 12:48:37,123 INFO (ArticleServiceImpl.java:54)- 当前的起始记录为第：0条
2017-12-15 12:48:37,124 DEBUG (BaseJdbcLogger.java:159)- ==>  Preparing: select a.*,u.username from article a,user u where a.articleuserid=u.userid ORDER BY articlelastcommenttime DESC limit ?,? 
2017-12-15 12:48:37,125 DEBUG (BaseJdbcLogger.java:159)- ==> Parameters: 0(Integer), 10(Integer)
2017-12-15 12:48:37,127 DEBUG (BaseJdbcLogger.java:159)- <==      Total: 10
2017-12-15 12:48:37,128 DEBUG (BaseJdbcLogger.java:159)- ==>  Preparing: select a.*,u.username from article a,user u where a.articleuserid=u.userid ORDER BY articlelastcommenttime DESC 
2017-12-15 12:48:37,129 DEBUG (BaseJdbcLogger.java:159)- ==> Parameters: 
2017-12-15 12:48:37,131 DEBUG (BaseJdbcLogger.java:159)- <==      Total: 21
2017-12-15 14:11:12,712 INFO (UserController.java:42)- 正在前往登录页面…………
2017-12-15 14:11:17,241 INFO (UserController.java:74)- 正在检测用户手机号是否存在…………
2017-12-15 14:11:17,242 INFO (UserController.java:75)- userphoneuserphoneuserphoneuserphone13867675555
2017-12-15 14:11:17,251 DEBUG (BaseJdbcLogger.java:159)- ==>  Preparing: select userid,username,userphone,userpassword,usergrade from user where userphone = ? 
2017-12-15 14:11:17,253 DEBUG (BaseJdbcLogger.java:159)- ==> Parameters: 13867675555(String)
2017-12-15 14:11:17,256 DEBUG (BaseJdbcLogger.java:159)- <==      Total: 1
2017-12-15 14:11:17,257 ERROR (UserController.java:79)- 已存在
2017-12-15 14:11:17,257 INFO (UserController.java:85)- 检测完成…………
2017-12-15 14:11:19,804 DEBUG (BaseJdbcLogger.java:159)- ==>  Preparing: select userid,username,userphone,userpassword,usergrade from user where userphone = ? 
2017-12-15 14:11:19,805 DEBUG (BaseJdbcLogger.java:159)- ==> Parameters: 13867675555(String)
2017-12-15 14:11:19,806 DEBUG (BaseJdbcLogger.java:159)- <==      Total: 1
2017-12-15 14:11:19,807 DEBUG (BaseJdbcLogger.java:159)- ==>  Preparing: select userid,username,userphone,userpassword,usergrade from user where userphone = ? and userpassword = ? 
2017-12-15 14:11:19,808 DEBUG (BaseJdbcLogger.java:159)- ==> Parameters: 13867675555(String), e10adc3949ba59abbe56e057f20f883e(String)
2017-12-15 14:11:19,809 DEBUG (BaseJdbcLogger.java:159)- <==      Total: 1
2017-12-15 14:11:19,810 DEBUG (BaseJdbcLogger.java:159)- ==>  Preparing: select logid, userphone, failtimes, lastfailtime from userlog where userphone = ? 
2017-12-15 14:11:19,811 DEBUG (BaseJdbcLogger.java:159)- ==> Parameters: 13867675555(String)
2017-12-15 14:11:19,813 DEBUG (BaseJdbcLogger.java:159)- <==      Total: 1
2017-12-15 14:11:19,814 INFO (UserController.java:171)- 登陆成功
2017-12-15 14:11:19,815 INFO (UserController.java:172)- 重置用户密码输错次数……
2017-12-15 14:11:19,815 DEBUG (BaseJdbcLogger.java:159)- ==>  Preparing: update userlog set failtimes = 0 where userphone = ? 
2017-12-15 14:11:19,816 DEBUG (BaseJdbcLogger.java:159)- ==> Parameters: 13867675555(String)
2017-12-15 14:11:19,881 DEBUG (BaseJdbcLogger.java:159)- <==    Updates: 1
2017-12-15 14:11:19,882 INFO (UserController.java:175)- 用户密码输错次数已重置为0……
2017-12-15 14:11:19,892 DEBUG (BaseJdbcLogger.java:159)- ==>  Preparing: select a.*,u.username from article a,user u where a.articleuserid=u.userid ORDER BY articlelastcommenttime DESC 
2017-12-15 14:11:19,892 DEBUG (BaseJdbcLogger.java:159)- ==> Parameters: 
2017-12-15 14:11:19,896 DEBUG (BaseJdbcLogger.java:159)- <==      Total: 21
2017-12-15 14:11:19,897 INFO (ArticleServiceImpl.java:48)- 共有21条记录
2017-12-15 14:11:19,897 INFO (ArticleServiceImpl.java:51)- 共有3页
2017-12-15 14:11:19,897 INFO (ArticleServiceImpl.java:54)- 当前的起始记录为第：0条
2017-12-15 14:11:19,898 DEBUG (BaseJdbcLogger.java:159)- ==>  Preparing: select a.*,u.username from article a,user u where a.articleuserid=u.userid ORDER BY articlelastcommenttime DESC limit ?,? 
2017-12-15 14:11:19,899 DEBUG (BaseJdbcLogger.java:159)- ==> Parameters: 0(Integer), 10(Integer)
2017-12-15 14:11:19,901 DEBUG (BaseJdbcLogger.java:159)- <==      Total: 10
2017-12-15 14:11:19,902 DEBUG (BaseJdbcLogger.java:159)- ==>  Preparing: select a.*,u.username from article a,user u where a.articleuserid=u.userid ORDER BY articlelastcommenttime DESC 
2017-12-15 14:11:19,902 DEBUG (BaseJdbcLogger.java:159)- ==> Parameters: 
2017-12-15 14:11:19,906 DEBUG (BaseJdbcLogger.java:159)- <==      Total: 21
2017-12-15 14:11:33,165 DEBUG (BaseJdbcLogger.java:159)- ==>  Preparing: select a.*,u.username from article a,user u where a.articleuserid=u.userid ORDER BY articlelastcommenttime DESC 
2017-12-15 14:11:33,166 DEBUG (BaseJdbcLogger.java:159)- ==> Parameters: 
2017-12-15 14:11:33,169 DEBUG (BaseJdbcLogger.java:159)- <==      Total: 21
2017-12-15 14:11:33,169 INFO (ArticleServiceImpl.java:48)- 共有21条记录
2017-12-15 14:11:33,170 INFO (ArticleServiceImpl.java:51)- 共有3页
2017-12-15 14:11:33,170 INFO (ArticleServiceImpl.java:54)- 当前的起始记录为第：220条
2017-12-15 14:11:33,170 DEBUG (BaseJdbcLogger.java:159)- ==>  Preparing: select a.*,u.username from article a,user u where a.articleuserid=u.userid ORDER BY articlelastcommenttime DESC limit ?,? 
2017-12-15 14:11:33,170 DEBUG (BaseJdbcLogger.java:159)- ==> Parameters: 220(Integer), 10(Integer)
2017-12-15 14:11:33,171 DEBUG (BaseJdbcLogger.java:159)- <==      Total: 0
2017-12-15 14:11:33,172 DEBUG (BaseJdbcLogger.java:159)- ==>  Preparing: select a.*,u.username from article a,user u where a.articleuserid=u.userid ORDER BY articlelastcommenttime DESC 
2017-12-15 14:11:33,172 DEBUG (BaseJdbcLogger.java:159)- ==> Parameters: 
2017-12-15 14:11:33,176 DEBUG (BaseJdbcLogger.java:159)- <==      Total: 21
2017-12-15 14:11:33,186 DEBUG (BaseJdbcLogger.java:159)- ==>  Preparing: select a.*,u.username from article a,user u where a.articleuserid=u.userid ORDER BY articlelastcommenttime DESC 
2017-12-15 14:11:33,187 DEBUG (BaseJdbcLogger.java:159)- ==> Parameters: 
2017-12-15 14:11:33,190 DEBUG (BaseJdbcLogger.java:159)- <==      Total: 21
2017-12-15 14:11:33,191 INFO (ArticleServiceImpl.java:48)- 共有21条记录
2017-12-15 14:11:33,191 INFO (ArticleServiceImpl.java:51)- 共有3页
2017-12-15 14:11:33,191 INFO (ArticleServiceImpl.java:54)- 当前的起始记录为第：20条
2017-12-15 14:11:33,192 DEBUG (BaseJdbcLogger.java:159)- ==>  Preparing: select a.*,u.username from article a,user u where a.articleuserid=u.userid ORDER BY articlelastcommenttime DESC limit ?,? 
2017-12-15 14:11:33,192 DEBUG (BaseJdbcLogger.java:159)- ==> Parameters: 20(Integer), 10(Integer)
2017-12-15 14:11:33,193 DEBUG (BaseJdbcLogger.java:159)- <==      Total: 1
2017-12-15 14:11:33,195 DEBUG (BaseJdbcLogger.java:159)- ==>  Preparing: select a.*,u.username from article a,user u where a.articleuserid=u.userid ORDER BY articlelastcommenttime DESC 
2017-12-15 14:11:33,196 DEBUG (BaseJdbcLogger.java:159)- ==> Parameters: 
2017-12-15 14:11:33,200 DEBUG (BaseJdbcLogger.java:159)- <==      Total: 21
2017-12-15 14:11:48,112 DEBUG (BaseJdbcLogger.java:159)- ==>  Preparing: select a.*,u.username from article a,user u where articleid = ? AND a.articleuserid=u.userid 
2017-12-15 14:11:48,113 DEBUG (BaseJdbcLogger.java:159)- ==> Parameters: 3(Integer)
2017-12-15 14:11:48,114 DEBUG (BaseJdbcLogger.java:159)- <==      Total: 1
2017-12-15 14:11:48,116 DEBUG (BaseJdbcLogger.java:159)- ==>  Preparing: select co.*,u.username,u.usergrade,u.userid from comment co,user u where co.commentarticleid = ? AND co.commentuserid=u.userid 
2017-12-15 14:11:48,117 DEBUG (BaseJdbcLogger.java:159)- ==> Parameters: 3(Integer)
2017-12-15 14:11:48,120 DEBUG (BaseJdbcLogger.java:159)- <==      Total: 4
2017-12-15 14:20:56,333 DEBUG (BaseJdbcLogger.java:159)- ==>  Preparing: select a.*,u.username from article a,user u where a.articleuserid=u.userid ORDER BY articlelastcommenttime DESC 
2017-12-15 14:20:56,334 DEBUG (BaseJdbcLogger.java:159)- ==> Parameters: 
2017-12-15 14:20:56,339 DEBUG (BaseJdbcLogger.java:159)- <==      Total: 21
2017-12-15 14:20:56,339 INFO (ArticleServiceImpl.java:48)- 共有21条记录
2017-12-15 14:20:56,340 INFO (ArticleServiceImpl.java:51)- 共有3页
2017-12-15 14:20:56,340 INFO (ArticleServiceImpl.java:54)- 当前的起始记录为第：0条
2017-12-15 14:20:56,341 DEBUG (BaseJdbcLogger.java:159)- ==>  Preparing: select a.*,u.username from article a,user u where a.articleuserid=u.userid ORDER BY articlelastcommenttime DESC limit ?,? 
2017-12-15 14:20:56,341 DEBUG (BaseJdbcLogger.java:159)- ==> Parameters: 0(Integer), 10(Integer)
2017-12-15 14:20:56,344 DEBUG (BaseJdbcLogger.java:159)- <==      Total: 10
2017-12-15 14:20:56,344 DEBUG (BaseJdbcLogger.java:159)- ==>  Preparing: select a.*,u.username from article a,user u where a.articleuserid=u.userid ORDER BY articlelastcommenttime DESC 
2017-12-15 14:20:56,345 DEBUG (BaseJdbcLogger.java:159)- ==> Parameters: 
2017-12-15 14:20:56,348 DEBUG (BaseJdbcLogger.java:159)- <==      Total: 21
2017-12-15 14:27:58,416 INFO (ArticleController.java:106)- 传进来的articleid是：5969546
2017-12-15 14:27:58,416 INFO (ArticleController.java:108)- 改变之后的articleid是：22
2017-12-15 14:27:58,418 DEBUG (BaseJdbcLogger.java:159)- ==>  Preparing: select a.*,u.username from article a,user u where articleid = ? AND a.articleuserid=u.userid 
2017-12-15 14:27:58,420 DEBUG (BaseJdbcLogger.java:159)- ==> Parameters: 22(Integer)
2017-12-15 14:27:58,422 DEBUG (BaseJdbcLogger.java:159)- <==      Total: 1
2017-12-15 14:28:06,037 INFO (ArticleController.java:106)- 传进来的articleid是：5969546
2017-12-15 14:28:06,037 INFO (ArticleController.java:108)- 改变之后的articleid是：22
2017-12-15 14:28:06,038 DEBUG (BaseJdbcLogger.java:159)- ==>  Preparing: select a.*,u.username from article a,user u where articleid = ? AND a.articleuserid=u.userid 
2017-12-15 14:28:06,039 DEBUG (BaseJdbcLogger.java:159)- ==> Parameters: 22(Integer)
2017-12-15 14:28:06,041 DEBUG (BaseJdbcLogger.java:159)- <==      Total: 1
2017-12-15 14:28:09,277 INFO (ArticleController.java:106)- 传进来的articleid是：5969546
2017-12-15 14:28:09,277 INFO (ArticleController.java:108)- 改变之后的articleid是：22
2017-12-15 14:28:09,278 DEBUG (BaseJdbcLogger.java:159)- ==>  Preparing: select a.*,u.username from article a,user u where articleid = ? AND a.articleuserid=u.userid 
2017-12-15 14:28:09,279 DEBUG (BaseJdbcLogger.java:159)- ==> Parameters: 22(Integer)
2017-12-15 14:28:09,281 DEBUG (BaseJdbcLogger.java:159)- <==      Total: 1
2017-12-15 14:28:12,828 INFO (ArticleController.java:106)- 传进来的articleid是：5969546
2017-12-15 14:28:12,828 INFO (ArticleController.java:108)- 改变之后的articleid是：22
2017-12-15 14:28:12,829 DEBUG (BaseJdbcLogger.java:159)- ==>  Preparing: select a.*,u.username from article a,user u where articleid = ? AND a.articleuserid=u.userid 
2017-12-15 14:28:12,830 DEBUG (BaseJdbcLogger.java:159)- ==> Parameters: 22(Integer)
2017-12-15 14:28:12,832 DEBUG (BaseJdbcLogger.java:159)- <==      Total: 1
2017-12-15 14:28:16,601 INFO (ArticleController.java:106)- 传进来的articleid是：5969546
2017-12-15 14:28:16,601 INFO (ArticleController.java:108)- 改变之后的articleid是：22
2017-12-15 14:28:16,602 DEBUG (BaseJdbcLogger.java:159)- ==>  Preparing: select a.*,u.username from article a,user u where articleid = ? AND a.articleuserid=u.userid 
2017-12-15 14:28:16,603 DEBUG (BaseJdbcLogger.java:159)- ==> Parameters: 22(Integer)
2017-12-15 14:28:16,605 DEBUG (BaseJdbcLogger.java:159)- <==      Total: 1
2017-12-15 14:29:28,847 DEBUG (BaseJdbcLogger.java:159)- ==>  Preparing: select a.*,u.username from article a,user u where a.articleuserid=u.userid ORDER BY articlelastcommenttime DESC 
2017-12-15 14:29:28,848 DEBUG (BaseJdbcLogger.java:159)- ==> Parameters: 
2017-12-15 14:29:28,852 DEBUG (BaseJdbcLogger.java:159)- <==      Total: 21
2017-12-15 14:29:28,853 INFO (ArticleServiceImpl.java:48)- 共有21条记录
2017-12-15 14:29:28,853 INFO (ArticleServiceImpl.java:51)- 共有3页
2017-12-15 14:29:28,853 INFO (ArticleServiceImpl.java:54)- 当前的起始记录为第：0条
2017-12-15 14:29:28,854 DEBUG (BaseJdbcLogger.java:159)- ==>  Preparing: select a.*,u.username from article a,user u where a.articleuserid=u.userid ORDER BY articlelastcommenttime DESC limit ?,? 
2017-12-15 14:29:28,854 DEBUG (BaseJdbcLogger.java:159)- ==> Parameters: 0(Integer), 10(Integer)
2017-12-15 14:29:28,856 DEBUG (BaseJdbcLogger.java:159)- <==      Total: 10
2017-12-15 14:29:28,857 DEBUG (BaseJdbcLogger.java:159)- ==>  Preparing: select a.*,u.username from article a,user u where a.articleuserid=u.userid ORDER BY articlelastcommenttime DESC 
2017-12-15 14:29:28,857 DEBUG (BaseJdbcLogger.java:159)- ==> Parameters: 
2017-12-15 14:29:28,862 DEBUG (BaseJdbcLogger.java:159)- <==      Total: 21
2017-12-15 14:30:51,536 DEBUG (BaseJdbcLogger.java:159)- ==>  Preparing: select a.*,u.username from article a,user u where articleid = ? AND a.articleuserid=u.userid 
2017-12-15 14:30:51,537 DEBUG (BaseJdbcLogger.java:159)- ==> Parameters: 21(Integer)
2017-12-15 14:30:51,538 DEBUG (BaseJdbcLogger.java:159)- <==      Total: 1
2017-12-15 14:30:51,539 DEBUG (BaseJdbcLogger.java:159)- ==>  Preparing: select co.*,u.username,u.usergrade,u.userid from comment co,user u where co.commentarticleid = ? AND co.commentuserid=u.userid 
2017-12-15 14:30:51,540 DEBUG (BaseJdbcLogger.java:159)- ==> Parameters: 21(Integer)
2017-12-15 14:30:51,542 DEBUG (BaseJdbcLogger.java:159)- <==      Total: 6
2017-12-15 14:32:33,499 DEBUG (BaseJdbcLogger.java:159)- ==>  Preparing: select a.*,u.username from article a,user u where a.articleuserid=u.userid ORDER BY articlelastcommenttime DESC 
2017-12-15 14:32:33,499 DEBUG (BaseJdbcLogger.java:159)- ==> Parameters: 
2017-12-15 14:32:33,502 DEBUG (BaseJdbcLogger.java:159)- <==      Total: 21
2017-12-15 14:32:33,503 INFO (ArticleServiceImpl.java:48)- 共有21条记录
2017-12-15 14:32:33,503 INFO (ArticleServiceImpl.java:51)- 共有3页
2017-12-15 14:32:33,503 INFO (ArticleServiceImpl.java:54)- 当前的起始记录为第：0条
2017-12-15 14:32:33,504 DEBUG (BaseJdbcLogger.java:159)- ==>  Preparing: select a.*,u.username from article a,user u where a.articleuserid=u.userid ORDER BY articlelastcommenttime DESC limit ?,? 
2017-12-15 14:32:33,504 DEBUG (BaseJdbcLogger.java:159)- ==> Parameters: 0(Integer), 10(Integer)
2017-12-15 14:32:33,507 DEBUG (BaseJdbcLogger.java:159)- <==      Total: 10
2017-12-15 14:32:33,507 DEBUG (BaseJdbcLogger.java:159)- ==>  Preparing: select a.*,u.username from article a,user u where a.articleuserid=u.userid ORDER BY articlelastcommenttime DESC 
2017-12-15 14:32:33,508 DEBUG (BaseJdbcLogger.java:159)- ==> Parameters: 
2017-12-15 14:32:33,511 DEBUG (BaseJdbcLogger.java:159)- <==      Total: 21
2017-12-15 14:32:42,215 DEBUG (BaseJdbcLogger.java:159)- ==>  Preparing: select a.*,u.username from article a,user u where a.articleuserid=u.userid ORDER BY articlelastcommenttime DESC 
2017-12-15 14:32:42,216 DEBUG (BaseJdbcLogger.java:159)- ==> Parameters: 
2017-12-15 14:32:42,220 DEBUG (BaseJdbcLogger.java:159)- <==      Total: 21
2017-12-15 14:32:42,221 INFO (ArticleServiceImpl.java:48)- 共有21条记录
2017-12-15 14:32:42,221 INFO (ArticleServiceImpl.java:51)- 共有3页
2017-12-15 14:32:42,221 INFO (ArticleServiceImpl.java:54)- 当前的起始记录为第：0条
2017-12-15 14:32:42,222 DEBUG (BaseJdbcLogger.java:159)- ==>  Preparing: select a.*,u.username from article a,user u where a.articleuserid=u.userid ORDER BY articlelastcommenttime DESC limit ?,? 
2017-12-15 14:32:42,223 DEBUG (BaseJdbcLogger.java:159)- ==> Parameters: 0(Integer), 10(Integer)
2017-12-15 14:32:42,225 DEBUG (BaseJdbcLogger.java:159)- <==      Total: 10
2017-12-15 14:32:42,226 DEBUG (BaseJdbcLogger.java:159)- ==>  Preparing: select a.*,u.username from article a,user u where a.articleuserid=u.userid ORDER BY articlelastcommenttime DESC 
2017-12-15 14:32:42,226 DEBUG (BaseJdbcLogger.java:159)- ==> Parameters: 
2017-12-15 14:32:42,229 DEBUG (BaseJdbcLogger.java:159)- <==      Total: 21
2017-12-15 14:33:46,310 DEBUG (BaseJdbcLogger.java:159)- ==>  Preparing: select a.*,u.username from article a,user u where a.articleuserid=u.userid ORDER BY articlelastcommenttime DESC 
2017-12-15 14:33:46,311 DEBUG (BaseJdbcLogger.java:159)- ==> Parameters: 
2017-12-15 14:33:46,321 DEBUG (BaseJdbcLogger.java:159)- <==      Total: 21
2017-12-15 14:33:46,322 INFO (ArticleServiceImpl.java:48)- 共有21条记录
2017-12-15 14:33:46,323 INFO (ArticleServiceImpl.java:51)- 共有3页
2017-12-15 14:33:46,324 INFO (ArticleServiceImpl.java:54)- 当前的起始记录为第：3420条
2017-12-15 14:33:46,325 DEBUG (BaseJdbcLogger.java:159)- ==>  Preparing: select a.*,u.username from article a,user u where a.articleuserid=u.userid ORDER BY articlelastcommenttime DESC limit ?,? 
2017-12-15 14:33:46,326 DEBUG (BaseJdbcLogger.java:159)- ==> Parameters: 3420(Integer), 10(Integer)
2017-12-15 14:33:46,329 DEBUG (BaseJdbcLogger.java:159)- <==      Total: 0
2017-12-15 14:33:46,332 DEBUG (BaseJdbcLogger.java:159)- ==>  Preparing: select a.*,u.username from article a,user u where a.articleuserid=u.userid ORDER BY articlelastcommenttime DESC 
2017-12-15 14:33:46,333 DEBUG (BaseJdbcLogger.java:159)- ==> Parameters: 
2017-12-15 14:33:46,341 DEBUG (BaseJdbcLogger.java:159)- <==      Total: 21
2017-12-15 14:33:46,348 DEBUG (BaseJdbcLogger.java:159)- ==>  Preparing: select a.*,u.username from article a,user u where a.articleuserid=u.userid ORDER BY articlelastcommenttime DESC 
2017-12-15 14:33:46,349 DEBUG (BaseJdbcLogger.java:159)- ==> Parameters: 
2017-12-15 14:33:46,353 DEBUG (BaseJdbcLogger.java:159)- <==      Total: 21
2017-12-15 14:33:46,354 INFO (ArticleServiceImpl.java:48)- 共有21条记录
2017-12-15 14:33:46,354 INFO (ArticleServiceImpl.java:51)- 共有3页
2017-12-15 14:33:46,354 INFO (ArticleServiceImpl.java:54)- 当前的起始记录为第：20条
2017-12-15 14:33:46,355 DEBUG (BaseJdbcLogger.java:159)- ==>  Preparing: select a.*,u.username from article a,user u where a.articleuserid=u.userid ORDER BY articlelastcommenttime DESC limit ?,? 
2017-12-15 14:33:46,356 DEBUG (BaseJdbcLogger.java:159)- ==> Parameters: 20(Integer), 10(Integer)
2017-12-15 14:33:46,357 DEBUG (BaseJdbcLogger.java:159)- <==      Total: 1
2017-12-15 14:33:46,358 DEBUG (BaseJdbcLogger.java:159)- ==>  Preparing: select a.*,u.username from article a,user u where a.articleuserid=u.userid ORDER BY articlelastcommenttime DESC 
2017-12-15 14:33:46,359 DEBUG (BaseJdbcLogger.java:159)- ==> Parameters: 
2017-12-15 14:33:46,363 DEBUG (BaseJdbcLogger.java:159)- <==      Total: 21
2017-12-15 14:34:08,934 DEBUG (BaseJdbcLogger.java:159)- ==>  Preparing: select a.*,u.username from article a,user u where a.articleuserid=u.userid ORDER BY articlelastcommenttime DESC 
2017-12-15 14:34:08,935 DEBUG (BaseJdbcLogger.java:159)- ==> Parameters: 
2017-12-15 14:34:08,940 DEBUG (BaseJdbcLogger.java:159)- <==      Total: 21
2017-12-15 14:34:08,941 INFO (ArticleServiceImpl.java:48)- 共有21条记录
2017-12-15 14:34:08,942 INFO (ArticleServiceImpl.java:51)- 共有3页
2017-12-15 14:34:08,942 INFO (ArticleServiceImpl.java:54)- 当前的起始记录为第：10条
2017-12-15 14:34:08,943 DEBUG (BaseJdbcLogger.java:159)- ==>  Preparing: select a.*,u.username from article a,user u where a.articleuserid=u.userid ORDER BY articlelastcommenttime DESC limit ?,? 
2017-12-15 14:34:08,944 DEBUG (BaseJdbcLogger.java:159)- ==> Parameters: 10(Integer), 10(Integer)
2017-12-15 14:34:08,947 DEBUG (BaseJdbcLogger.java:159)- <==      Total: 10
2017-12-15 14:34:08,948 DEBUG (BaseJdbcLogger.java:159)- ==>  Preparing: select a.*,u.username from article a,user u where a.articleuserid=u.userid ORDER BY articlelastcommenttime DESC 
2017-12-15 14:34:08,948 DEBUG (BaseJdbcLogger.java:159)- ==> Parameters: 
2017-12-15 14:34:08,951 DEBUG (BaseJdbcLogger.java:159)- <==      Total: 21
2017-12-15 14:34:58,436 INFO (UserController.java:197)- 尊敬的联蔚论坛管理员正在前往管理会员界面
2017-12-15 14:34:58,436 INFO (UserController.java:198)- 正在从数据库中查询出所有非管理员账号……（即等级小于10的账号）
2017-12-15 14:34:58,439 DEBUG (BaseJdbcLogger.java:159)- ==>  Preparing: select userid,username,userphone,userpassword,usergrade from user where usergrade < 10 
2017-12-15 14:34:58,440 DEBUG (BaseJdbcLogger.java:159)- ==> Parameters: 
2017-12-15 14:34:58,444 DEBUG (BaseJdbcLogger.java:159)- <==      Total: 7
2017-12-15 14:35:01,889 INFO (ArticleController.java:149)- 正在前往新增文章界面……
2017-12-15 14:35:07,618 DEBUG (BaseJdbcLogger.java:159)- ==>  Preparing: select a.*,u.username from article a,user u where articleuserid = ? AND u.userid=? ORDER BY articleaddtime DESC 
2017-12-15 14:35:07,619 DEBUG (BaseJdbcLogger.java:159)- ==> Parameters: 1(Integer), 1(Integer)
2017-12-15 14:35:07,621 DEBUG (BaseJdbcLogger.java:159)- <==      Total: 1
2017-12-15 14:35:17,241 DEBUG (BaseJdbcLogger.java:159)- ==>  Preparing: select a.*,u.username from article a,user u where a.articleuserid=u.userid ORDER BY articlelastcommenttime DESC 
2017-12-15 14:35:17,242 DEBUG (BaseJdbcLogger.java:159)- ==> Parameters: 
2017-12-15 14:35:17,245 DEBUG (BaseJdbcLogger.java:159)- <==      Total: 21
2017-12-15 14:35:17,246 INFO (ArticleServiceImpl.java:48)- 共有21条记录
2017-12-15 14:35:17,246 INFO (ArticleServiceImpl.java:51)- 共有3页
2017-12-15 14:35:17,246 INFO (ArticleServiceImpl.java:54)- 当前的起始记录为第：0条
2017-12-15 14:35:17,247 DEBUG (BaseJdbcLogger.java:159)- ==>  Preparing: select a.*,u.username from article a,user u where a.articleuserid=u.userid ORDER BY articlelastcommenttime DESC limit ?,? 
2017-12-15 14:35:17,247 DEBUG (BaseJdbcLogger.java:159)- ==> Parameters: 0(Integer), 10(Integer)
2017-12-15 14:35:17,250 DEBUG (BaseJdbcLogger.java:159)- <==      Total: 10
2017-12-15 14:35:17,251 DEBUG (BaseJdbcLogger.java:159)- ==>  Preparing: select a.*,u.username from article a,user u where a.articleuserid=u.userid ORDER BY articlelastcommenttime DESC 
2017-12-15 14:35:17,252 DEBUG (BaseJdbcLogger.java:159)- ==> Parameters: 
2017-12-15 14:35:17,256 DEBUG (BaseJdbcLogger.java:159)- <==      Total: 21
2017-12-15 14:35:22,120 DEBUG (BaseJdbcLogger.java:159)- ==>  Preparing: select a.*,u.username from article a,user u where articleid = ? AND a.articleuserid=u.userid 
2017-12-15 14:35:22,121 DEBUG (BaseJdbcLogger.java:159)- ==> Parameters: 1(Integer)
2017-12-15 14:35:22,123 DEBUG (BaseJdbcLogger.java:159)- <==      Total: 1
2017-12-15 14:35:22,124 DEBUG (BaseJdbcLogger.java:159)- ==>  Preparing: select co.*,u.username,u.usergrade,u.userid from comment co,user u where co.commentarticleid = ? AND co.commentuserid=u.userid 
2017-12-15 14:35:22,125 DEBUG (BaseJdbcLogger.java:159)- ==> Parameters: 1(Integer)
2017-12-15 14:35:22,127 DEBUG (BaseJdbcLogger.java:159)- <==      Total: 6
2017-12-15 16:09:22,003 INFO (UserController.java:42)- 正在前往登录页面…………
2017-12-15 16:23:56,806 INFO (StartupInfoLogger.java:48)- Starting Work2ZacharyApplication on nkgw10nh1485 with PID 10476 (E:\WorkSpace\Work2_Zachary\target\classes started by Zach.Zhang in E:\WorkSpace\Work2_Zachary)
2017-12-15 16:23:56,812 DEBUG (StartupInfoLogger.java:51)- Running with Spring Boot v1.5.9.RELEASE, Spring v4.3.13.RELEASE
2017-12-15 16:23:56,812 INFO (SpringApplication.java:593)- No active profile set, falling back to default profiles: default
2017-12-15 16:24:03,055 INFO (StartupInfoLogger.java:57)- Started Work2ZacharyApplication in 6.962 seconds (JVM running for 7.605)
2017-12-15 16:24:06,298 INFO (UserController.java:42)- 正在前往登录页面…………
2017-12-15 16:24:10,125 INFO (UserController.java:74)- 正在检测用户手机号是否存在…………
2017-12-15 16:24:10,129 INFO (UserController.java:75)- userphoneuserphoneuserphoneuserphone15161182029
2017-12-15 16:24:10,521 DEBUG (BaseJdbcLogger.java:159)- ==>  Preparing: select userid,username,userphone,userpassword,usergrade from user where userphone = ? 
2017-12-15 16:24:10,551 DEBUG (BaseJdbcLogger.java:159)- ==> Parameters: 15161182029(String)
2017-12-15 16:24:10,564 DEBUG (BaseJdbcLogger.java:159)- <==      Total: 1
2017-12-15 16:24:10,566 ERROR (UserController.java:79)- 已存在
2017-12-15 16:24:10,566 INFO (UserController.java:85)- 检测完成…………
2017-12-15 16:24:12,230 DEBUG (BaseJdbcLogger.java:159)- ==>  Preparing: select userid,username,userphone,userpassword,usergrade from user where userphone = ? 
2017-12-15 16:24:12,231 DEBUG (BaseJdbcLogger.java:159)- ==> Parameters: 15161182029(String)
2017-12-15 16:24:12,233 DEBUG (BaseJdbcLogger.java:159)- <==      Total: 1
2017-12-15 16:24:12,236 DEBUG (BaseJdbcLogger.java:159)- ==>  Preparing: select userid,username,userphone,userpassword,usergrade from user where userphone = ? and userpassword = ? 
2017-12-15 16:24:12,237 DEBUG (BaseJdbcLogger.java:159)- ==> Parameters: 15161182029(String), e10adc3949ba59abbe56e057f20f883e(String)
2017-12-15 16:24:12,238 DEBUG (BaseJdbcLogger.java:159)- <==      Total: 1
2017-12-15 16:24:12,240 DEBUG (BaseJdbcLogger.java:159)- ==>  Preparing: select logid, userphone, failtimes, lastfailtime from userlog where userphone = ? 
2017-12-15 16:24:12,240 DEBUG (BaseJdbcLogger.java:159)- ==> Parameters: 15161182029(String)
2017-12-15 16:24:12,242 DEBUG (BaseJdbcLogger.java:159)- <==      Total: 1
2017-12-15 16:24:12,243 INFO (UserController.java:171)- 登陆成功
2017-12-15 16:24:12,244 INFO (UserController.java:172)- 重置用户密码输错次数……
2017-12-15 16:24:12,245 DEBUG (BaseJdbcLogger.java:159)- ==>  Preparing: update userlog set failtimes = 0 where userphone = ? 
2017-12-15 16:24:12,246 DEBUG (BaseJdbcLogger.java:159)- ==> Parameters: 15161182029(String)
2017-12-15 16:24:12,334 DEBUG (BaseJdbcLogger.java:159)- <==    Updates: 1
2017-12-15 16:24:12,335 INFO (UserController.java:175)- 用户密码输错次数已重置为0……
2017-12-15 16:24:12,350 DEBUG (BaseJdbcLogger.java:159)- ==>  Preparing: select a.*,u.username from article a,user u where a.articleuserid=u.userid ORDER BY articlelastcommenttime DESC 
2017-12-15 16:24:12,350 DEBUG (BaseJdbcLogger.java:159)- ==> Parameters: 
2017-12-15 16:24:12,370 DEBUG (BaseJdbcLogger.java:159)- <==      Total: 21
2017-12-15 16:24:12,374 INFO (ArticleServiceImpl.java:48)- 共有21条记录
2017-12-15 16:24:12,374 INFO (ArticleServiceImpl.java:51)- 共有3页
2017-12-15 16:24:12,375 INFO (ArticleServiceImpl.java:54)- 当前的起始记录为第：0条
2017-12-15 16:24:12,378 DEBUG (BaseJdbcLogger.java:159)- ==>  Preparing: select a.*,u.username from article a,user u where a.articleuserid=u.userid ORDER BY articlelastcommenttime DESC limit ?,? 
2017-12-15 16:24:12,379 DEBUG (BaseJdbcLogger.java:159)- ==> Parameters: 0(Integer), 10(Integer)
2017-12-15 16:24:12,386 DEBUG (BaseJdbcLogger.java:159)- <==      Total: 10
2017-12-15 16:24:12,387 DEBUG (BaseJdbcLogger.java:159)- ==>  Preparing: select a.*,u.username from article a,user u where a.articleuserid=u.userid ORDER BY articlelastcommenttime DESC 
2017-12-15 16:24:12,388 DEBUG (BaseJdbcLogger.java:159)- ==> Parameters: 
2017-12-15 16:24:12,399 DEBUG (BaseJdbcLogger.java:159)- <==      Total: 21
2017-12-15 16:24:46,329 DEBUG (BaseJdbcLogger.java:159)- ==>  Preparing: select a.*,u.username from article a,user u where articleuserid = ? AND u.userid=? ORDER BY articleaddtime DESC 
2017-12-15 16:24:46,330 DEBUG (BaseJdbcLogger.java:159)- ==> Parameters: 2(Integer), 2(Integer)
2017-12-15 16:24:46,335 DEBUG (BaseJdbcLogger.java:159)- <==      Total: 6
2017-12-15 16:31:06,137 DEBUG (BaseJdbcLogger.java:159)- ==>  Preparing: select a.*,u.username from article a,user u where articleuserid = ? AND u.userid=? ORDER BY articleaddtime DESC 
2017-12-15 16:31:06,139 DEBUG (BaseJdbcLogger.java:159)- ==> Parameters: 2(Integer), 2(Integer)
2017-12-15 16:31:06,144 DEBUG (BaseJdbcLogger.java:159)- <==      Total: 6
2017-12-15 16:38:53,669 DEBUG (BaseJdbcLogger.java:159)- ==>  Preparing: select a.*,u.username from article a,user u where a.articleuserid=u.userid ORDER BY articlelastcommenttime DESC 
2017-12-15 16:38:53,671 DEBUG (BaseJdbcLogger.java:159)- ==> Parameters: 
2017-12-15 16:38:53,680 DEBUG (BaseJdbcLogger.java:159)- <==      Total: 21
2017-12-15 16:38:53,681 INFO (ArticleServiceImpl.java:48)- 共有21条记录
2017-12-15 16:38:53,681 INFO (ArticleServiceImpl.java:51)- 共有3页
2017-12-15 16:38:53,681 INFO (ArticleServiceImpl.java:54)- 当前的起始记录为第：0条
2017-12-15 16:38:53,681 DEBUG (BaseJdbcLogger.java:159)- ==>  Preparing: select a.*,u.username from article a,user u where a.articleuserid=u.userid ORDER BY articlelastcommenttime DESC limit ?,? 
2017-12-15 16:38:53,683 DEBUG (BaseJdbcLogger.java:159)- ==> Parameters: 0(Integer), 10(Integer)
2017-12-15 16:38:53,688 DEBUG (BaseJdbcLogger.java:159)- <==      Total: 10
2017-12-15 16:38:53,689 DEBUG (BaseJdbcLogger.java:159)- ==>  Preparing: select a.*,u.username from article a,user u where a.articleuserid=u.userid ORDER BY articlelastcommenttime DESC 
2017-12-15 16:38:53,690 DEBUG (BaseJdbcLogger.java:159)- ==> Parameters: 
2017-12-15 16:38:53,698 DEBUG (BaseJdbcLogger.java:159)- <==      Total: 21
