2017-12-14 15:53:33,360 DEBUG (BaseJdbcLogger.java:159)- ==>  Preparing: select a.*,u.username from article a,user u where a.articleuserid=u.userid ORDER BY articlelastcommenttime DESC 
2017-12-14 15:53:33,372 DEBUG (BaseJdbcLogger.java:159)- ==> Parameters: 
2017-12-14 15:53:33,376 DEBUG (BaseJdbcLogger.java:159)- <==      Total: 21
2017-12-14 15:53:52,344 DEBUG (BaseJdbcLogger.java:159)- ==>  Preparing: select a.*,u.username from article a,user u where articleid = ? AND a.articleuserid=u.userid 
2017-12-14 15:53:52,345 DEBUG (BaseJdbcLogger.java:159)- ==> Parameters: 3(Integer)
2017-12-14 15:53:52,347 DEBUG (BaseJdbcLogger.java:159)- <==      Total: 1
2017-12-14 15:53:52,348 DEBUG (BaseJdbcLogger.java:159)- ==>  Preparing: select co.*,u.username,u.usergrade,u.userid from comment co,user u where co.commentarticleid = ? AND co.commentuserid=u.userid 
2017-12-14 15:53:52,349 DEBUG (BaseJdbcLogger.java:159)- ==> Parameters: 3(Integer)
2017-12-14 15:53:52,352 DEBUG (BaseJdbcLogger.java:159)- <==      Total: 4
2017-12-14 15:53:58,835 DEBUG (BaseJdbcLogger.java:159)- ==>  Preparing: select a.*,u.username from article a,user u where a.articleuserid=u.userid ORDER BY articlelastcommenttime DESC 
2017-12-14 15:53:58,836 DEBUG (BaseJdbcLogger.java:159)- ==> Parameters: 
2017-12-14 15:53:58,841 DEBUG (BaseJdbcLogger.java:159)- <==      Total: 21
2017-12-14 15:53:58,842 INFO (ArticleServiceImpl.java:46)- 共有21条记录
2017-12-14 15:53:58,842 INFO (ArticleServiceImpl.java:49)- 共有3页
2017-12-14 15:53:58,843 INFO (ArticleServiceImpl.java:52)- 当前的起始记录为第：0条
2017-12-14 15:53:58,843 DEBUG (BaseJdbcLogger.java:159)- ==>  Preparing: select a.*,u.username from article a,user u where a.articleuserid=u.userid ORDER BY articlelastcommenttime DESC limit ?,? 
2017-12-14 15:53:58,844 DEBUG (BaseJdbcLogger.java:159)- ==> Parameters: 0(Integer), 10(Integer)
2017-12-14 15:53:58,847 DEBUG (BaseJdbcLogger.java:159)- <==      Total: 10
2017-12-14 15:53:58,849 DEBUG (BaseJdbcLogger.java:159)- ==>  Preparing: select a.*,u.username from article a,user u where a.articleuserid=u.userid ORDER BY articlelastcommenttime DESC 
2017-12-14 15:53:58,849 DEBUG (BaseJdbcLogger.java:159)- ==> Parameters: 
2017-12-14 15:53:58,853 DEBUG (BaseJdbcLogger.java:159)- <==      Total: 21
2017-12-14 15:54:00,378 INFO (UserController.java:42)- 正在前往登录页面…………
2017-12-14 15:54:04,715 INFO (UserController.java:74)- 正在检测用户手机号是否存在…………
2017-12-14 15:54:04,716 INFO (UserController.java:75)- userphoneuserphoneuserphoneuserphone15161182027
2017-12-14 15:54:04,718 DEBUG (BaseJdbcLogger.java:159)- ==>  Preparing: select userid,username,userphone,userpassword,usergrade from user where userphone = ? 
2017-12-14 15:54:04,720 DEBUG (BaseJdbcLogger.java:159)- ==> Parameters: 15161182027(String)
2017-12-14 15:54:04,723 DEBUG (BaseJdbcLogger.java:159)- <==      Total: 1
2017-12-14 15:54:04,725 ERROR (UserController.java:79)- 已存在
2017-12-14 15:54:04,726 INFO (UserController.java:85)- 检测完成…………
2017-12-14 15:54:06,693 DEBUG (BaseJdbcLogger.java:159)- ==>  Preparing: select userid,username,userphone,userpassword,usergrade from user where userphone = ? 
2017-12-14 15:54:06,694 DEBUG (BaseJdbcLogger.java:159)- ==> Parameters: 15161182027(String)
2017-12-14 15:54:06,695 DEBUG (BaseJdbcLogger.java:159)- <==      Total: 1
2017-12-14 15:54:06,696 DEBUG (BaseJdbcLogger.java:159)- ==>  Preparing: select userid,username,userphone,userpassword,usergrade from user where userphone = ? and userpassword = ? 
2017-12-14 15:54:06,697 DEBUG (BaseJdbcLogger.java:159)- ==> Parameters: 15161182027(String), e10adc3949ba59abbe56e057f20f883e(String)
2017-12-14 15:54:06,698 DEBUG (BaseJdbcLogger.java:159)- <==      Total: 1
2017-12-14 15:54:06,699 DEBUG (BaseJdbcLogger.java:159)- ==>  Preparing: select logid, userphone, failtimes, lastfailtime from userlog where userphone = ? 
2017-12-14 15:54:06,700 DEBUG (BaseJdbcLogger.java:159)- ==> Parameters: 15161182027(String)
2017-12-14 15:54:06,701 DEBUG (BaseJdbcLogger.java:159)- <==      Total: 1
2017-12-14 15:54:06,701 INFO (UserController.java:171)- 登陆成功
2017-12-14 15:54:06,701 INFO (UserController.java:172)- 重置用户密码输错次数……
2017-12-14 15:54:06,702 DEBUG (BaseJdbcLogger.java:159)- ==>  Preparing: update userlog set failtimes = 0 where userphone = ? 
2017-12-14 15:54:06,702 DEBUG (BaseJdbcLogger.java:159)- ==> Parameters: 15161182027(String)
2017-12-14 15:54:06,772 DEBUG (BaseJdbcLogger.java:159)- <==    Updates: 1
2017-12-14 15:54:06,772 INFO (UserController.java:175)- 用户密码输错次数已重置为0……
2017-12-14 15:54:06,791 DEBUG (BaseJdbcLogger.java:159)- ==>  Preparing: select a.*,u.username from article a,user u where a.articleuserid=u.userid ORDER BY articlelastcommenttime DESC 
2017-12-14 15:54:06,792 DEBUG (BaseJdbcLogger.java:159)- ==> Parameters: 
2017-12-14 15:54:06,798 DEBUG (BaseJdbcLogger.java:159)- <==      Total: 21
2017-12-14 15:54:06,799 INFO (ArticleServiceImpl.java:46)- 共有21条记录
2017-12-14 15:54:06,800 INFO (ArticleServiceImpl.java:49)- 共有3页
2017-12-14 15:54:06,800 INFO (ArticleServiceImpl.java:52)- 当前的起始记录为第：0条
2017-12-14 15:54:06,801 DEBUG (BaseJdbcLogger.java:159)- ==>  Preparing: select a.*,u.username from article a,user u where a.articleuserid=u.userid ORDER BY articlelastcommenttime DESC limit ?,? 
2017-12-14 15:54:06,802 DEBUG (BaseJdbcLogger.java:159)- ==> Parameters: 0(Integer), 10(Integer)
2017-12-14 15:54:06,805 DEBUG (BaseJdbcLogger.java:159)- <==      Total: 10
2017-12-14 15:54:06,806 DEBUG (BaseJdbcLogger.java:159)- ==>  Preparing: select a.*,u.username from article a,user u where a.articleuserid=u.userid ORDER BY articlelastcommenttime DESC 
2017-12-14 15:54:06,807 DEBUG (BaseJdbcLogger.java:159)- ==> Parameters: 
2017-12-14 15:54:06,809 DEBUG (BaseJdbcLogger.java:159)- <==      Total: 21
2017-12-14 15:54:23,897 DEBUG (BaseJdbcLogger.java:159)- ==>  Preparing: select a.*,u.username from article a,user u where articleid = ? AND a.articleuserid=u.userid 
2017-12-14 15:54:23,898 DEBUG (BaseJdbcLogger.java:159)- ==> Parameters: 20(Integer)
2017-12-14 15:54:23,900 DEBUG (BaseJdbcLogger.java:159)- <==      Total: 1
2017-12-14 15:54:23,901 DEBUG (BaseJdbcLogger.java:159)- ==>  Preparing: select co.*,u.username,u.usergrade,u.userid from comment co,user u where co.commentarticleid = ? AND co.commentuserid=u.userid 
2017-12-14 15:54:23,902 DEBUG (BaseJdbcLogger.java:159)- ==> Parameters: 20(Integer)
2017-12-14 15:54:23,904 DEBUG (BaseJdbcLogger.java:159)- <==      Total: 0
2017-12-14 15:54:32,577 INFO (CommentController.java:36)- 前事不忘后事之师420
2017-12-14 15:54:32,579 DEBUG (BaseJdbcLogger.java:159)- ==>  Preparing: insert into comment ( commentcontent, commentuserid, commentarticleid, commenttime ) values ( ?, ?, ?, ? ) 
2017-12-14 15:54:32,581 DEBUG (BaseJdbcLogger.java:159)- ==> Parameters: 前事不忘后事之师(String), 4(Integer), 20(Integer), 2017-12-14 15:54:32.0(Timestamp)
2017-12-14 15:54:32,635 DEBUG (BaseJdbcLogger.java:159)- <==    Updates: 1
2017-12-14 15:54:32,636 DEBUG (BaseJdbcLogger.java:159)- ==>  Preparing: select a.*,u.username from article a,user u where articleid = ? AND a.articleuserid=u.userid 
2017-12-14 15:54:32,636 DEBUG (BaseJdbcLogger.java:159)- ==> Parameters: 20(Integer)
2017-12-14 15:54:32,638 DEBUG (BaseJdbcLogger.java:159)- <==      Total: 1
2017-12-14 15:54:32,639 DEBUG (BaseJdbcLogger.java:159)- ==>  Preparing: update article SET articlecommentnum = ?, articlelastcommenttime = ? where articleid = ? 
2017-12-14 15:54:32,640 DEBUG (BaseJdbcLogger.java:159)- ==> Parameters: 1(Integer), 2017-12-14 15:54:32.0(Timestamp), 20(Integer)
2017-12-14 15:54:32,685 DEBUG (BaseJdbcLogger.java:159)- <==    Updates: 1
2017-12-14 15:54:32,690 DEBUG (BaseJdbcLogger.java:159)- ==>  Preparing: select a.*,u.username from article a,user u where articleid = ? AND a.articleuserid=u.userid 
2017-12-14 15:54:32,691 DEBUG (BaseJdbcLogger.java:159)- ==> Parameters: 20(Integer)
2017-12-14 15:54:32,692 DEBUG (BaseJdbcLogger.java:159)- <==      Total: 1
2017-12-14 15:54:32,693 DEBUG (BaseJdbcLogger.java:159)- ==>  Preparing: select co.*,u.username,u.usergrade,u.userid from comment co,user u where co.commentarticleid = ? AND co.commentuserid=u.userid 
2017-12-14 15:54:32,694 DEBUG (BaseJdbcLogger.java:159)- ==> Parameters: 20(Integer)
2017-12-14 15:54:32,695 DEBUG (BaseJdbcLogger.java:159)- <==      Total: 1
2017-12-14 15:54:33,711 DEBUG (BaseJdbcLogger.java:159)- ==>  Preparing: select a.*,u.username from article a,user u where articleid = ? AND a.articleuserid=u.userid 
2017-12-14 15:54:33,712 DEBUG (BaseJdbcLogger.java:159)- ==> Parameters: 20(Integer)
2017-12-14 15:54:33,715 DEBUG (BaseJdbcLogger.java:159)- <==      Total: 1
2017-12-14 15:54:33,717 DEBUG (BaseJdbcLogger.java:159)- ==>  Preparing: select co.*,u.username,u.usergrade,u.userid from comment co,user u where co.commentarticleid = ? AND co.commentuserid=u.userid 
2017-12-14 15:54:33,718 DEBUG (BaseJdbcLogger.java:159)- ==> Parameters: 20(Integer)
2017-12-14 15:54:33,721 DEBUG (BaseJdbcLogger.java:159)- <==      Total: 1
2017-12-14 15:55:05,120 DEBUG (BaseJdbcLogger.java:159)- ==>  Preparing: select a.*,u.username from article a,user u where a.articleuserid=u.userid ORDER BY articlelastcommenttime DESC 
2017-12-14 15:55:05,122 DEBUG (BaseJdbcLogger.java:159)- ==> Parameters: 
2017-12-14 15:55:05,125 DEBUG (BaseJdbcLogger.java:159)- <==      Total: 21
2017-12-14 15:55:05,126 INFO (ArticleServiceImpl.java:46)- 共有21条记录
2017-12-14 15:55:05,127 INFO (ArticleServiceImpl.java:49)- 共有3页
2017-12-14 15:55:05,127 INFO (ArticleServiceImpl.java:52)- 当前的起始记录为第：0条
2017-12-14 15:55:05,128 DEBUG (BaseJdbcLogger.java:159)- ==>  Preparing: select a.*,u.username from article a,user u where a.articleuserid=u.userid ORDER BY articlelastcommenttime DESC limit ?,? 
2017-12-14 15:55:05,129 DEBUG (BaseJdbcLogger.java:159)- ==> Parameters: 0(Integer), 10(Integer)
2017-12-14 15:55:05,132 DEBUG (BaseJdbcLogger.java:159)- <==      Total: 10
2017-12-14 15:55:05,133 DEBUG (BaseJdbcLogger.java:159)- ==>  Preparing: select a.*,u.username from article a,user u where a.articleuserid=u.userid ORDER BY articlelastcommenttime DESC 
2017-12-14 15:55:05,133 DEBUG (BaseJdbcLogger.java:159)- ==> Parameters: 
2017-12-14 15:55:05,137 DEBUG (BaseJdbcLogger.java:159)- <==      Total: 21
2017-12-14 15:55:12,337 DEBUG (BaseJdbcLogger.java:159)- ==>  Preparing: select a.*,u.username from article a,user u where a.articleuserid=u.userid ORDER BY articlelastcommenttime DESC 
2017-12-14 15:55:12,338 DEBUG (BaseJdbcLogger.java:159)- ==> Parameters: 
2017-12-14 15:55:12,341 DEBUG (BaseJdbcLogger.java:159)- <==      Total: 21
2017-12-14 15:55:12,342 INFO (ArticleServiceImpl.java:46)- 共有21条记录
2017-12-14 15:55:12,342 INFO (ArticleServiceImpl.java:49)- 共有3页
2017-12-14 15:55:12,343 INFO (ArticleServiceImpl.java:52)- 当前的起始记录为第：10条
2017-12-14 15:55:12,343 DEBUG (BaseJdbcLogger.java:159)- ==>  Preparing: select a.*,u.username from article a,user u where a.articleuserid=u.userid ORDER BY articlelastcommenttime DESC limit ?,? 
2017-12-14 15:55:12,344 DEBUG (BaseJdbcLogger.java:159)- ==> Parameters: 10(Integer), 10(Integer)
2017-12-14 15:55:12,346 DEBUG (BaseJdbcLogger.java:159)- <==      Total: 10
2017-12-14 15:55:12,347 DEBUG (BaseJdbcLogger.java:159)- ==>  Preparing: select a.*,u.username from article a,user u where a.articleuserid=u.userid ORDER BY articlelastcommenttime DESC 
2017-12-14 15:55:12,347 DEBUG (BaseJdbcLogger.java:159)- ==> Parameters: 
2017-12-14 15:55:12,350 DEBUG (BaseJdbcLogger.java:159)- <==      Total: 21
2017-12-14 15:57:21,723 DEBUG (BaseJdbcLogger.java:159)- ==>  Preparing: select a.*,u.username from article a,user u where a.articleuserid=u.userid ORDER BY articlelastcommenttime DESC 
2017-12-14 15:57:21,724 DEBUG (BaseJdbcLogger.java:159)- ==> Parameters: 
2017-12-14 15:57:21,728 DEBUG (BaseJdbcLogger.java:159)- <==      Total: 21
2017-12-14 15:57:21,729 INFO (ArticleServiceImpl.java:46)- 共有21条记录
2017-12-14 15:57:21,729 INFO (ArticleServiceImpl.java:49)- 共有3页
2017-12-14 15:57:21,729 INFO (ArticleServiceImpl.java:52)- 当前的起始记录为第：20条
2017-12-14 15:57:21,730 DEBUG (BaseJdbcLogger.java:159)- ==>  Preparing: select a.*,u.username from article a,user u where a.articleuserid=u.userid ORDER BY articlelastcommenttime DESC limit ?,? 
2017-12-14 15:57:21,731 DEBUG (BaseJdbcLogger.java:159)- ==> Parameters: 20(Integer), 10(Integer)
2017-12-14 15:57:21,732 DEBUG (BaseJdbcLogger.java:159)- <==      Total: 1
2017-12-14 15:57:21,733 DEBUG (BaseJdbcLogger.java:159)- ==>  Preparing: select a.*,u.username from article a,user u where a.articleuserid=u.userid ORDER BY articlelastcommenttime DESC 
2017-12-14 15:57:21,734 DEBUG (BaseJdbcLogger.java:159)- ==> Parameters: 
2017-12-14 15:57:21,736 DEBUG (BaseJdbcLogger.java:159)- <==      Total: 21
2017-12-14 15:57:23,184 DEBUG (BaseJdbcLogger.java:159)- ==>  Preparing: select a.*,u.username from article a,user u where a.articleuserid=u.userid ORDER BY articlelastcommenttime DESC 
2017-12-14 15:57:23,186 DEBUG (BaseJdbcLogger.java:159)- ==> Parameters: 
2017-12-14 15:57:23,189 DEBUG (BaseJdbcLogger.java:159)- <==      Total: 21
2017-12-14 15:57:23,189 INFO (ArticleServiceImpl.java:46)- 共有21条记录
2017-12-14 15:57:23,189 INFO (ArticleServiceImpl.java:49)- 共有3页
2017-12-14 15:57:23,190 INFO (ArticleServiceImpl.java:52)- 当前的起始记录为第：10条
2017-12-14 15:57:23,190 DEBUG (BaseJdbcLogger.java:159)- ==>  Preparing: select a.*,u.username from article a,user u where a.articleuserid=u.userid ORDER BY articlelastcommenttime DESC limit ?,? 
2017-12-14 15:57:23,190 DEBUG (BaseJdbcLogger.java:159)- ==> Parameters: 10(Integer), 10(Integer)
2017-12-14 15:57:23,192 DEBUG (BaseJdbcLogger.java:159)- <==      Total: 10
2017-12-14 15:57:23,193 DEBUG (BaseJdbcLogger.java:159)- ==>  Preparing: select a.*,u.username from article a,user u where a.articleuserid=u.userid ORDER BY articlelastcommenttime DESC 
2017-12-14 15:57:23,193 DEBUG (BaseJdbcLogger.java:159)- ==> Parameters: 
2017-12-14 15:57:23,196 DEBUG (BaseJdbcLogger.java:159)- <==      Total: 21
2017-12-14 15:57:24,962 DEBUG (BaseJdbcLogger.java:159)- ==>  Preparing: select a.*,u.username from article a,user u where a.articleuserid=u.userid ORDER BY articlelastcommenttime DESC 
2017-12-14 15:57:24,962 DEBUG (BaseJdbcLogger.java:159)- ==> Parameters: 
2017-12-14 15:57:24,965 DEBUG (BaseJdbcLogger.java:159)- <==      Total: 21
2017-12-14 15:57:24,966 INFO (ArticleServiceImpl.java:46)- 共有21条记录
2017-12-14 15:57:24,966 INFO (ArticleServiceImpl.java:49)- 共有3页
2017-12-14 15:57:24,966 INFO (ArticleServiceImpl.java:52)- 当前的起始记录为第：0条
2017-12-14 15:57:24,967 DEBUG (BaseJdbcLogger.java:159)- ==>  Preparing: select a.*,u.username from article a,user u where a.articleuserid=u.userid ORDER BY articlelastcommenttime DESC limit ?,? 
2017-12-14 15:57:24,967 DEBUG (BaseJdbcLogger.java:159)- ==> Parameters: 0(Integer), 10(Integer)
2017-12-14 15:57:24,969 DEBUG (BaseJdbcLogger.java:159)- <==      Total: 10
2017-12-14 15:57:24,969 DEBUG (BaseJdbcLogger.java:159)- ==>  Preparing: select a.*,u.username from article a,user u where a.articleuserid=u.userid ORDER BY articlelastcommenttime DESC 
2017-12-14 15:57:24,970 DEBUG (BaseJdbcLogger.java:159)- ==> Parameters: 
2017-12-14 15:57:24,973 DEBUG (BaseJdbcLogger.java:159)- <==      Total: 21
2017-12-14 15:57:29,225 DEBUG (BaseJdbcLogger.java:159)- ==>  Preparing: select a.*,u.username from article a,user u where a.articleuserid=u.userid ORDER BY articlelastcommenttime DESC 
2017-12-14 15:57:29,225 DEBUG (BaseJdbcLogger.java:159)- ==> Parameters: 
2017-12-14 15:57:29,229 DEBUG (BaseJdbcLogger.java:159)- <==      Total: 21
2017-12-14 15:57:29,229 INFO (ArticleServiceImpl.java:46)- 共有21条记录
2017-12-14 15:57:29,229 INFO (ArticleServiceImpl.java:49)- 共有3页
2017-12-14 15:57:29,229 INFO (ArticleServiceImpl.java:52)- 当前的起始记录为第：10条
2017-12-14 15:57:29,230 DEBUG (BaseJdbcLogger.java:159)- ==>  Preparing: select a.*,u.username from article a,user u where a.articleuserid=u.userid ORDER BY articlelastcommenttime DESC limit ?,? 
2017-12-14 15:57:29,230 DEBUG (BaseJdbcLogger.java:159)- ==> Parameters: 10(Integer), 10(Integer)
2017-12-14 15:57:29,232 DEBUG (BaseJdbcLogger.java:159)- <==      Total: 10
2017-12-14 15:57:29,233 DEBUG (BaseJdbcLogger.java:159)- ==>  Preparing: select a.*,u.username from article a,user u where a.articleuserid=u.userid ORDER BY articlelastcommenttime DESC 
2017-12-14 15:57:29,233 DEBUG (BaseJdbcLogger.java:159)- ==> Parameters: 
2017-12-14 15:57:29,236 DEBUG (BaseJdbcLogger.java:159)- <==      Total: 21
2017-12-14 15:57:33,255 DEBUG (BaseJdbcLogger.java:159)- ==>  Preparing: select a.*,u.username from article a,user u where a.articleuserid=u.userid ORDER BY articlelastcommenttime DESC 
2017-12-14 15:57:33,256 DEBUG (BaseJdbcLogger.java:159)- ==> Parameters: 
2017-12-14 15:57:33,260 DEBUG (BaseJdbcLogger.java:159)- <==      Total: 21
2017-12-14 15:57:33,260 INFO (ArticleServiceImpl.java:46)- 共有21条记录
2017-12-14 15:57:33,261 INFO (ArticleServiceImpl.java:49)- 共有3页
2017-12-14 15:57:33,261 INFO (ArticleServiceImpl.java:52)- 当前的起始记录为第：20条
2017-12-14 15:57:33,262 DEBUG (BaseJdbcLogger.java:159)- ==>  Preparing: select a.*,u.username from article a,user u where a.articleuserid=u.userid ORDER BY articlelastcommenttime DESC limit ?,? 
2017-12-14 15:57:33,263 DEBUG (BaseJdbcLogger.java:159)- ==> Parameters: 20(Integer), 10(Integer)
2017-12-14 15:57:33,264 DEBUG (BaseJdbcLogger.java:159)- <==      Total: 1
2017-12-14 15:57:33,265 DEBUG (BaseJdbcLogger.java:159)- ==>  Preparing: select a.*,u.username from article a,user u where a.articleuserid=u.userid ORDER BY articlelastcommenttime DESC 
2017-12-14 15:57:33,266 DEBUG (BaseJdbcLogger.java:159)- ==> Parameters: 
2017-12-14 15:57:33,268 DEBUG (BaseJdbcLogger.java:159)- <==      Total: 21
2017-12-14 15:57:34,495 DEBUG (BaseJdbcLogger.java:159)- ==>  Preparing: select a.*,u.username from article a,user u where a.articleuserid=u.userid ORDER BY articlelastcommenttime DESC 
2017-12-14 15:57:34,496 DEBUG (BaseJdbcLogger.java:159)- ==> Parameters: 
2017-12-14 15:57:34,500 DEBUG (BaseJdbcLogger.java:159)- <==      Total: 21
2017-12-14 15:57:34,501 INFO (ArticleServiceImpl.java:46)- 共有21条记录
2017-12-14 15:57:34,502 INFO (ArticleServiceImpl.java:49)- 共有3页
2017-12-14 15:57:34,502 INFO (ArticleServiceImpl.java:52)- 当前的起始记录为第：10条
2017-12-14 15:57:34,502 DEBUG (BaseJdbcLogger.java:159)- ==>  Preparing: select a.*,u.username from article a,user u where a.articleuserid=u.userid ORDER BY articlelastcommenttime DESC limit ?,? 
2017-12-14 15:57:34,503 DEBUG (BaseJdbcLogger.java:159)- ==> Parameters: 10(Integer), 10(Integer)
2017-12-14 15:57:34,505 DEBUG (BaseJdbcLogger.java:159)- <==      Total: 10
2017-12-14 15:57:34,505 DEBUG (BaseJdbcLogger.java:159)- ==>  Preparing: select a.*,u.username from article a,user u where a.articleuserid=u.userid ORDER BY articlelastcommenttime DESC 
2017-12-14 15:57:34,506 DEBUG (BaseJdbcLogger.java:159)- ==> Parameters: 
2017-12-14 15:57:34,508 DEBUG (BaseJdbcLogger.java:159)- <==      Total: 21
2017-12-14 15:57:36,079 DEBUG (BaseJdbcLogger.java:159)- ==>  Preparing: select a.*,u.username from article a,user u where a.articleuserid=u.userid ORDER BY articlelastcommenttime DESC 
2017-12-14 15:57:36,080 DEBUG (BaseJdbcLogger.java:159)- ==> Parameters: 
2017-12-14 15:57:36,082 DEBUG (BaseJdbcLogger.java:159)- <==      Total: 21
2017-12-14 15:57:36,083 INFO (ArticleServiceImpl.java:46)- 共有21条记录
2017-12-14 15:57:36,083 INFO (ArticleServiceImpl.java:49)- 共有3页
2017-12-14 15:57:36,083 INFO (ArticleServiceImpl.java:52)- 当前的起始记录为第：0条
2017-12-14 15:57:36,084 DEBUG (BaseJdbcLogger.java:159)- ==>  Preparing: select a.*,u.username from article a,user u where a.articleuserid=u.userid ORDER BY articlelastcommenttime DESC limit ?,? 
2017-12-14 15:57:36,084 DEBUG (BaseJdbcLogger.java:159)- ==> Parameters: 0(Integer), 10(Integer)
2017-12-14 15:57:36,086 DEBUG (BaseJdbcLogger.java:159)- <==      Total: 10
2017-12-14 15:57:36,087 DEBUG (BaseJdbcLogger.java:159)- ==>  Preparing: select a.*,u.username from article a,user u where a.articleuserid=u.userid ORDER BY articlelastcommenttime DESC 
2017-12-14 15:57:36,088 DEBUG (BaseJdbcLogger.java:159)- ==> Parameters: 
2017-12-14 15:57:36,091 DEBUG (BaseJdbcLogger.java:159)- <==      Total: 21
2017-12-14 16:07:19,436 DEBUG (BaseJdbcLogger.java:159)- ==>  Preparing: select a.*,u.username from article a,user u where a.articleuserid=u.userid ORDER BY articlelastcommenttime DESC 
2017-12-14 16:07:19,437 DEBUG (BaseJdbcLogger.java:159)- ==> Parameters: 
2017-12-14 16:07:19,439 DEBUG (BaseJdbcLogger.java:159)- <==      Total: 21
2017-12-14 16:07:19,440 INFO (ArticleServiceImpl.java:46)- 共有21条记录
2017-12-14 16:07:19,440 INFO (ArticleServiceImpl.java:49)- 共有3页
2017-12-14 16:07:19,440 INFO (ArticleServiceImpl.java:52)- 当前的起始记录为第：0条
2017-12-14 16:07:19,441 DEBUG (BaseJdbcLogger.java:159)- ==>  Preparing: select a.*,u.username from article a,user u where a.articleuserid=u.userid ORDER BY articlelastcommenttime DESC limit ?,? 
2017-12-14 16:07:19,441 DEBUG (BaseJdbcLogger.java:159)- ==> Parameters: 0(Integer), 10(Integer)
2017-12-14 16:07:19,443 DEBUG (BaseJdbcLogger.java:159)- <==      Total: 10
2017-12-14 16:07:19,443 DEBUG (BaseJdbcLogger.java:159)- ==>  Preparing: select a.*,u.username from article a,user u where a.articleuserid=u.userid ORDER BY articlelastcommenttime DESC 
2017-12-14 16:07:19,444 DEBUG (BaseJdbcLogger.java:159)- ==> Parameters: 
2017-12-14 16:07:19,446 DEBUG (BaseJdbcLogger.java:159)- <==      Total: 21
2017-12-14 16:07:23,516 INFO (UserController.java:188)- 尊敬的联蔚论坛管理员正在前往管理会员界面
2017-12-14 16:07:23,517 INFO (UserController.java:189)- 正在从数据库中查询出所有非管理员账号……（即等级小于10的账号）
2017-12-14 16:07:23,518 DEBUG (BaseJdbcLogger.java:159)- ==>  Preparing: select userid,username,userphone,userpassword,usergrade from user where usergrade < 10 
2017-12-14 16:07:23,519 DEBUG (BaseJdbcLogger.java:159)- ==> Parameters: 
2017-12-14 16:07:23,522 DEBUG (BaseJdbcLogger.java:159)- <==      Total: 7
2017-12-14 16:09:58,049 INFO (StartupInfoLogger.java:48)- Starting Work2ZacharyApplication on nkgw10nh1485 with PID 428 (E:\WorkSpace\Work2_Zachary\target\classes started by Zach.Zhang in E:\WorkSpace\Work2_Zachary)
2017-12-14 16:09:58,054 DEBUG (StartupInfoLogger.java:51)- Running with Spring Boot v1.5.9.RELEASE, Spring v4.3.13.RELEASE
2017-12-14 16:09:58,055 INFO (SpringApplication.java:593)- No active profile set, falling back to default profiles: default
2017-12-14 16:10:04,013 INFO (StartupInfoLogger.java:57)- Started Work2ZacharyApplication in 6.609 seconds (JVM running for 7.228)
2017-12-14 16:10:27,939 INFO (UserController.java:42)- 正在前往登录页面…………
2017-12-14 16:10:28,069 INFO (UserController.java:42)- 正在前往登录页面…………
2017-12-14 16:10:32,729 INFO (UserController.java:74)- 正在检测用户手机号是否存在…………
2017-12-14 16:10:32,730 INFO (UserController.java:75)- userphoneuserphoneuserphoneuserphone15161182029
2017-12-14 16:10:33,086 DEBUG (BaseJdbcLogger.java:159)- ==>  Preparing: select userid,username,userphone,userpassword,usergrade from user where userphone = ? 
2017-12-14 16:10:33,114 DEBUG (BaseJdbcLogger.java:159)- ==> Parameters: 15161182029(String)
2017-12-14 16:10:33,127 DEBUG (BaseJdbcLogger.java:159)- <==      Total: 1
2017-12-14 16:10:33,129 ERROR (UserController.java:79)- 已存在
2017-12-14 16:10:33,131 INFO (UserController.java:85)- 检测完成…………
2017-12-14 16:10:34,889 DEBUG (BaseJdbcLogger.java:159)- ==>  Preparing: select userid,username,userphone,userpassword,usergrade from user where userphone = ? 
2017-12-14 16:10:34,890 DEBUG (BaseJdbcLogger.java:159)- ==> Parameters: 15161182029(String)
2017-12-14 16:10:34,892 DEBUG (BaseJdbcLogger.java:159)- <==      Total: 1
2017-12-14 16:10:34,895 DEBUG (BaseJdbcLogger.java:159)- ==>  Preparing: select userid,username,userphone,userpassword,usergrade from user where userphone = ? and userpassword = ? 
2017-12-14 16:10:34,896 DEBUG (BaseJdbcLogger.java:159)- ==> Parameters: 15161182029(String), e10adc3949ba59abbe56e057f20f883e(String)
2017-12-14 16:10:34,897 DEBUG (BaseJdbcLogger.java:159)- <==      Total: 1
2017-12-14 16:10:34,898 DEBUG (BaseJdbcLogger.java:159)- ==>  Preparing: select logid, userphone, failtimes, lastfailtime from userlog where userphone = ? 
2017-12-14 16:10:34,899 DEBUG (BaseJdbcLogger.java:159)- ==> Parameters: 15161182029(String)
2017-12-14 16:10:34,901 DEBUG (BaseJdbcLogger.java:159)- <==      Total: 1
2017-12-14 16:10:34,902 INFO (UserController.java:171)- 登陆成功
2017-12-14 16:10:34,902 INFO (UserController.java:172)- 重置用户密码输错次数……
2017-12-14 16:10:34,903 DEBUG (BaseJdbcLogger.java:159)- ==>  Preparing: update userlog set failtimes = 0 where userphone = ? 
2017-12-14 16:10:34,903 DEBUG (BaseJdbcLogger.java:159)- ==> Parameters: 15161182029(String)
2017-12-14 16:10:34,978 DEBUG (BaseJdbcLogger.java:159)- <==    Updates: 1
2017-12-14 16:10:34,979 INFO (UserController.java:175)- 用户密码输错次数已重置为0……
2017-12-14 16:10:34,993 DEBUG (BaseJdbcLogger.java:159)- ==>  Preparing: select a.*,u.username from article a,user u where a.articleuserid=u.userid ORDER BY articlelastcommenttime DESC 
2017-12-14 16:10:34,994 DEBUG (BaseJdbcLogger.java:159)- ==> Parameters: 
2017-12-14 16:10:35,010 DEBUG (BaseJdbcLogger.java:159)- <==      Total: 21
2017-12-14 16:10:35,011 INFO (ArticleServiceImpl.java:46)- 共有21条记录
2017-12-14 16:10:35,012 INFO (ArticleServiceImpl.java:49)- 共有3页
2017-12-14 16:10:35,012 INFO (ArticleServiceImpl.java:52)- 当前的起始记录为第：0条
2017-12-14 16:10:35,014 DEBUG (BaseJdbcLogger.java:159)- ==>  Preparing: select a.*,u.username from article a,user u where a.articleuserid=u.userid ORDER BY articlelastcommenttime DESC limit ?,? 
2017-12-14 16:10:35,015 DEBUG (BaseJdbcLogger.java:159)- ==> Parameters: 0(Integer), 10(Integer)
2017-12-14 16:10:35,019 DEBUG (BaseJdbcLogger.java:159)- <==      Total: 10
2017-12-14 16:10:35,020 DEBUG (BaseJdbcLogger.java:159)- ==>  Preparing: select a.*,u.username from article a,user u where a.articleuserid=u.userid ORDER BY articlelastcommenttime DESC 
2017-12-14 16:10:35,021 DEBUG (BaseJdbcLogger.java:159)- ==> Parameters: 
2017-12-14 16:10:35,028 DEBUG (BaseJdbcLogger.java:159)- <==      Total: 21
2017-12-14 16:10:48,407 INFO (UserController.java:191)- 非法操作：用户等级不够
2017-12-14 16:10:48,419 DEBUG (BaseJdbcLogger.java:159)- ==>  Preparing: select a.*,u.username from article a,user u where a.articleuserid=u.userid ORDER BY articlelastcommenttime DESC 
2017-12-14 16:10:48,420 DEBUG (BaseJdbcLogger.java:159)- ==> Parameters: 
2017-12-14 16:10:48,432 DEBUG (BaseJdbcLogger.java:159)- <==      Total: 21
2017-12-14 16:10:48,434 INFO (ArticleServiceImpl.java:46)- 共有21条记录
2017-12-14 16:10:48,435 INFO (ArticleServiceImpl.java:49)- 共有3页
2017-12-14 16:10:48,435 INFO (ArticleServiceImpl.java:52)- 当前的起始记录为第：0条
2017-12-14 16:10:48,436 DEBUG (BaseJdbcLogger.java:159)- ==>  Preparing: select a.*,u.username from article a,user u where a.articleuserid=u.userid ORDER BY articlelastcommenttime DESC limit ?,? 
2017-12-14 16:10:48,437 DEBUG (BaseJdbcLogger.java:159)- ==> Parameters: 0(Integer), 10(Integer)
2017-12-14 16:10:48,443 DEBUG (BaseJdbcLogger.java:159)- <==      Total: 10
2017-12-14 16:10:48,444 DEBUG (BaseJdbcLogger.java:159)- ==>  Preparing: select a.*,u.username from article a,user u where a.articleuserid=u.userid ORDER BY articlelastcommenttime DESC 
2017-12-14 16:10:48,445 DEBUG (BaseJdbcLogger.java:159)- ==> Parameters: 
2017-12-14 16:10:48,454 DEBUG (BaseJdbcLogger.java:159)- <==      Total: 21
2017-12-14 16:10:56,863 DEBUG (BaseJdbcLogger.java:159)- ==>  Preparing: select a.*,u.username from article a,user u where a.articleuserid=u.userid ORDER BY articlelastcommenttime DESC 
2017-12-14 16:10:56,864 DEBUG (BaseJdbcLogger.java:159)- ==> Parameters: 
2017-12-14 16:10:56,871 DEBUG (BaseJdbcLogger.java:159)- <==      Total: 21
2017-12-14 16:10:56,872 INFO (ArticleServiceImpl.java:46)- 共有21条记录
2017-12-14 16:10:56,873 INFO (ArticleServiceImpl.java:49)- 共有3页
2017-12-14 16:10:56,873 INFO (ArticleServiceImpl.java:52)- 当前的起始记录为第：0条
2017-12-14 16:10:56,874 DEBUG (BaseJdbcLogger.java:159)- ==>  Preparing: select a.*,u.username from article a,user u where a.articleuserid=u.userid ORDER BY articlelastcommenttime DESC limit ?,? 
2017-12-14 16:10:56,874 DEBUG (BaseJdbcLogger.java:159)- ==> Parameters: 0(Integer), 10(Integer)
2017-12-14 16:10:56,882 DEBUG (BaseJdbcLogger.java:159)- <==      Total: 10
2017-12-14 16:10:56,883 DEBUG (BaseJdbcLogger.java:159)- ==>  Preparing: select a.*,u.username from article a,user u where a.articleuserid=u.userid ORDER BY articlelastcommenttime DESC 
2017-12-14 16:10:56,884 DEBUG (BaseJdbcLogger.java:159)- ==> Parameters: 
2017-12-14 16:10:56,892 DEBUG (BaseJdbcLogger.java:159)- <==      Total: 21
2017-12-14 16:11:13,248 DEBUG (BaseJdbcLogger.java:159)- ==>  Preparing: select a.*,u.username from article a,user u where a.articleuserid=u.userid ORDER BY articlelastcommenttime DESC 
2017-12-14 16:11:13,249 DEBUG (BaseJdbcLogger.java:159)- ==> Parameters: 
2017-12-14 16:11:13,258 DEBUG (BaseJdbcLogger.java:159)- <==      Total: 21
2017-12-14 16:11:13,259 INFO (ArticleServiceImpl.java:46)- 共有21条记录
2017-12-14 16:11:13,259 INFO (ArticleServiceImpl.java:49)- 共有3页
2017-12-14 16:11:13,259 INFO (ArticleServiceImpl.java:52)- 当前的起始记录为第：10条
2017-12-14 16:11:13,260 DEBUG (BaseJdbcLogger.java:159)- ==>  Preparing: select a.*,u.username from article a,user u where a.articleuserid=u.userid ORDER BY articlelastcommenttime DESC limit ?,? 
2017-12-14 16:11:13,262 DEBUG (BaseJdbcLogger.java:159)- ==> Parameters: 10(Integer), 10(Integer)
2017-12-14 16:11:13,265 DEBUG (BaseJdbcLogger.java:159)- <==      Total: 10
2017-12-14 16:11:13,266 DEBUG (BaseJdbcLogger.java:159)- ==>  Preparing: select a.*,u.username from article a,user u where a.articleuserid=u.userid ORDER BY articlelastcommenttime DESC 
2017-12-14 16:11:13,267 DEBUG (BaseJdbcLogger.java:159)- ==> Parameters: 
2017-12-14 16:11:13,274 DEBUG (BaseJdbcLogger.java:159)- <==      Total: 21
2017-12-14 16:11:33,749 DEBUG (BaseJdbcLogger.java:159)- ==>  Preparing: select a.*,u.username from article a,user u where a.articleuserid=u.userid ORDER BY articlelastcommenttime DESC 
2017-12-14 16:11:33,750 DEBUG (BaseJdbcLogger.java:159)- ==> Parameters: 
2017-12-14 16:11:33,758 DEBUG (BaseJdbcLogger.java:159)- <==      Total: 21
2017-12-14 16:11:33,759 INFO (ArticleServiceImpl.java:46)- 共有21条记录
2017-12-14 16:11:33,759 INFO (ArticleServiceImpl.java:49)- 共有3页
2017-12-14 16:11:33,759 INFO (ArticleServiceImpl.java:52)- 当前的起始记录为第：2120条
2017-12-14 16:11:33,760 DEBUG (BaseJdbcLogger.java:159)- ==>  Preparing: select a.*,u.username from article a,user u where a.articleuserid=u.userid ORDER BY articlelastcommenttime DESC limit ?,? 
2017-12-14 16:11:33,760 DEBUG (BaseJdbcLogger.java:159)- ==> Parameters: 2120(Integer), 10(Integer)
2017-12-14 16:11:33,761 DEBUG (BaseJdbcLogger.java:159)- <==      Total: 0
2017-12-14 16:11:33,762 DEBUG (BaseJdbcLogger.java:159)- ==>  Preparing: select a.*,u.username from article a,user u where a.articleuserid=u.userid ORDER BY articlelastcommenttime DESC 
2017-12-14 16:11:33,763 DEBUG (BaseJdbcLogger.java:159)- ==> Parameters: 
2017-12-14 16:11:33,768 DEBUG (BaseJdbcLogger.java:159)- <==      Total: 21
2017-12-14 16:13:44,283 DEBUG (BaseJdbcLogger.java:159)- ==>  Preparing: select a.*,u.username from article a,user u where a.articleuserid=u.userid ORDER BY articlelastcommenttime DESC 
2017-12-14 16:13:44,284 DEBUG (BaseJdbcLogger.java:159)- ==> Parameters: 
2017-12-14 16:13:44,291 DEBUG (BaseJdbcLogger.java:159)- <==      Total: 21
2017-12-14 16:13:44,292 INFO (ArticleServiceImpl.java:46)- 共有21条记录
2017-12-14 16:13:44,293 INFO (ArticleServiceImpl.java:49)- 共有3页
2017-12-14 16:13:44,293 INFO (ArticleServiceImpl.java:52)- 当前的起始记录为第：2110条
2017-12-14 16:13:44,294 DEBUG (BaseJdbcLogger.java:159)- ==>  Preparing: select a.*,u.username from article a,user u where a.articleuserid=u.userid ORDER BY articlelastcommenttime DESC limit ?,? 
2017-12-14 16:13:44,295 DEBUG (BaseJdbcLogger.java:159)- ==> Parameters: 2110(Integer), 10(Integer)
2017-12-14 16:13:44,296 DEBUG (BaseJdbcLogger.java:159)- <==      Total: 0
2017-12-14 16:13:44,296 DEBUG (BaseJdbcLogger.java:159)- ==>  Preparing: select a.*,u.username from article a,user u where a.articleuserid=u.userid ORDER BY articlelastcommenttime DESC 
2017-12-14 16:13:44,297 DEBUG (BaseJdbcLogger.java:159)- ==> Parameters: 
2017-12-14 16:13:44,301 DEBUG (BaseJdbcLogger.java:159)- <==      Total: 21
2017-12-14 16:13:45,311 DEBUG (BaseJdbcLogger.java:159)- ==>  Preparing: select a.*,u.username from article a,user u where a.articleuserid=u.userid ORDER BY articlelastcommenttime DESC 
2017-12-14 16:13:45,313 DEBUG (BaseJdbcLogger.java:159)- ==> Parameters: 
2017-12-14 16:13:45,319 DEBUG (BaseJdbcLogger.java:159)- <==      Total: 21
2017-12-14 16:13:45,321 INFO (ArticleServiceImpl.java:46)- 共有21条记录
2017-12-14 16:13:45,321 INFO (ArticleServiceImpl.java:49)- 共有3页
2017-12-14 16:13:45,321 INFO (ArticleServiceImpl.java:52)- 当前的起始记录为第：2100条
2017-12-14 16:13:45,322 DEBUG (BaseJdbcLogger.java:159)- ==>  Preparing: select a.*,u.username from article a,user u where a.articleuserid=u.userid ORDER BY articlelastcommenttime DESC limit ?,? 
2017-12-14 16:13:45,323 DEBUG (BaseJdbcLogger.java:159)- ==> Parameters: 2100(Integer), 10(Integer)
2017-12-14 16:13:45,324 DEBUG (BaseJdbcLogger.java:159)- <==      Total: 0
2017-12-14 16:13:45,325 DEBUG (BaseJdbcLogger.java:159)- ==>  Preparing: select a.*,u.username from article a,user u where a.articleuserid=u.userid ORDER BY articlelastcommenttime DESC 
2017-12-14 16:13:45,326 DEBUG (BaseJdbcLogger.java:159)- ==> Parameters: 
2017-12-14 16:13:45,332 DEBUG (BaseJdbcLogger.java:159)- <==      Total: 21
2017-12-14 16:13:45,998 DEBUG (BaseJdbcLogger.java:159)- ==>  Preparing: select a.*,u.username from article a,user u where a.articleuserid=u.userid ORDER BY articlelastcommenttime DESC 
2017-12-14 16:13:45,998 DEBUG (BaseJdbcLogger.java:159)- ==> Parameters: 
2017-12-14 16:13:46,002 DEBUG (BaseJdbcLogger.java:159)- <==      Total: 21
2017-12-14 16:13:46,003 INFO (ArticleServiceImpl.java:46)- 共有21条记录
2017-12-14 16:13:46,004 INFO (ArticleServiceImpl.java:49)- 共有3页
2017-12-14 16:13:46,004 INFO (ArticleServiceImpl.java:52)- 当前的起始记录为第：2090条
2017-12-14 16:13:46,005 DEBUG (BaseJdbcLogger.java:159)- ==>  Preparing: select a.*,u.username from article a,user u where a.articleuserid=u.userid ORDER BY articlelastcommenttime DESC limit ?,? 
2017-12-14 16:13:46,006 DEBUG (BaseJdbcLogger.java:159)- ==> Parameters: 2090(Integer), 10(Integer)
2017-12-14 16:13:46,020 DEBUG (BaseJdbcLogger.java:159)- <==      Total: 0
2017-12-14 16:13:46,022 DEBUG (BaseJdbcLogger.java:159)- ==>  Preparing: select a.*,u.username from article a,user u where a.articleuserid=u.userid ORDER BY articlelastcommenttime DESC 
2017-12-14 16:13:46,024 DEBUG (BaseJdbcLogger.java:159)- ==> Parameters: 
2017-12-14 16:13:46,027 DEBUG (BaseJdbcLogger.java:159)- <==      Total: 21
2017-12-14 16:13:46,630 DEBUG (BaseJdbcLogger.java:159)- ==>  Preparing: select a.*,u.username from article a,user u where a.articleuserid=u.userid ORDER BY articlelastcommenttime DESC 
2017-12-14 16:13:46,631 DEBUG (BaseJdbcLogger.java:159)- ==> Parameters: 
2017-12-14 16:13:46,635 DEBUG (BaseJdbcLogger.java:159)- <==      Total: 21
2017-12-14 16:13:46,636 INFO (ArticleServiceImpl.java:46)- 共有21条记录
2017-12-14 16:13:46,637 INFO (ArticleServiceImpl.java:49)- 共有3页
2017-12-14 16:13:46,637 INFO (ArticleServiceImpl.java:52)- 当前的起始记录为第：2080条
2017-12-14 16:13:46,638 DEBUG (BaseJdbcLogger.java:159)- ==>  Preparing: select a.*,u.username from article a,user u where a.articleuserid=u.userid ORDER BY articlelastcommenttime DESC limit ?,? 
2017-12-14 16:13:46,638 DEBUG (BaseJdbcLogger.java:159)- ==> Parameters: 2080(Integer), 10(Integer)
2017-12-14 16:13:46,639 DEBUG (BaseJdbcLogger.java:159)- <==      Total: 0
2017-12-14 16:13:46,641 DEBUG (BaseJdbcLogger.java:159)- ==>  Preparing: select a.*,u.username from article a,user u where a.articleuserid=u.userid ORDER BY articlelastcommenttime DESC 
2017-12-14 16:13:46,642 DEBUG (BaseJdbcLogger.java:159)- ==> Parameters: 
2017-12-14 16:13:46,649 DEBUG (BaseJdbcLogger.java:159)- <==      Total: 21
2017-12-14 16:13:47,276 DEBUG (BaseJdbcLogger.java:159)- ==>  Preparing: select a.*,u.username from article a,user u where a.articleuserid=u.userid ORDER BY articlelastcommenttime DESC 
2017-12-14 16:13:47,280 DEBUG (BaseJdbcLogger.java:159)- ==> Parameters: 
2017-12-14 16:13:47,284 DEBUG (BaseJdbcLogger.java:159)- <==      Total: 21
2017-12-14 16:13:47,285 INFO (ArticleServiceImpl.java:46)- 共有21条记录
2017-12-14 16:13:47,285 INFO (ArticleServiceImpl.java:49)- 共有3页
2017-12-14 16:13:47,286 INFO (ArticleServiceImpl.java:52)- 当前的起始记录为第：2070条
2017-12-14 16:13:47,287 DEBUG (BaseJdbcLogger.java:159)- ==>  Preparing: select a.*,u.username from article a,user u where a.articleuserid=u.userid ORDER BY articlelastcommenttime DESC limit ?,? 
2017-12-14 16:13:47,289 DEBUG (BaseJdbcLogger.java:159)- ==> Parameters: 2070(Integer), 10(Integer)
2017-12-14 16:13:47,291 DEBUG (BaseJdbcLogger.java:159)- <==      Total: 0
2017-12-14 16:13:47,293 DEBUG (BaseJdbcLogger.java:159)- ==>  Preparing: select a.*,u.username from article a,user u where a.articleuserid=u.userid ORDER BY articlelastcommenttime DESC 
2017-12-14 16:13:47,294 DEBUG (BaseJdbcLogger.java:159)- ==> Parameters: 
2017-12-14 16:13:47,298 DEBUG (BaseJdbcLogger.java:159)- <==      Total: 21
2017-12-14 16:13:47,862 DEBUG (BaseJdbcLogger.java:159)- ==>  Preparing: select a.*,u.username from article a,user u where a.articleuserid=u.userid ORDER BY articlelastcommenttime DESC 
2017-12-14 16:13:47,863 DEBUG (BaseJdbcLogger.java:159)- ==> Parameters: 
2017-12-14 16:13:47,867 DEBUG (BaseJdbcLogger.java:159)- <==      Total: 21
2017-12-14 16:13:47,867 INFO (ArticleServiceImpl.java:46)- 共有21条记录
2017-12-14 16:13:47,867 INFO (ArticleServiceImpl.java:49)- 共有3页
2017-12-14 16:13:47,868 INFO (ArticleServiceImpl.java:52)- 当前的起始记录为第：2060条
2017-12-14 16:13:47,868 DEBUG (BaseJdbcLogger.java:159)- ==>  Preparing: select a.*,u.username from article a,user u where a.articleuserid=u.userid ORDER BY articlelastcommenttime DESC limit ?,? 
2017-12-14 16:13:47,868 DEBUG (BaseJdbcLogger.java:159)- ==> Parameters: 2060(Integer), 10(Integer)
2017-12-14 16:13:47,870 DEBUG (BaseJdbcLogger.java:159)- <==      Total: 0
2017-12-14 16:13:47,870 DEBUG (BaseJdbcLogger.java:159)- ==>  Preparing: select a.*,u.username from article a,user u where a.articleuserid=u.userid ORDER BY articlelastcommenttime DESC 
2017-12-14 16:13:47,871 DEBUG (BaseJdbcLogger.java:159)- ==> Parameters: 
2017-12-14 16:13:47,874 DEBUG (BaseJdbcLogger.java:159)- <==      Total: 21
2017-12-14 16:13:48,436 DEBUG (BaseJdbcLogger.java:159)- ==>  Preparing: select a.*,u.username from article a,user u where a.articleuserid=u.userid ORDER BY articlelastcommenttime DESC 
2017-12-14 16:13:48,437 DEBUG (BaseJdbcLogger.java:159)- ==> Parameters: 
2017-12-14 16:13:48,440 DEBUG (BaseJdbcLogger.java:159)- <==      Total: 21
2017-12-14 16:13:48,441 INFO (ArticleServiceImpl.java:46)- 共有21条记录
2017-12-14 16:13:48,441 INFO (ArticleServiceImpl.java:49)- 共有3页
2017-12-14 16:13:48,442 INFO (ArticleServiceImpl.java:52)- 当前的起始记录为第：2050条
2017-12-14 16:13:48,442 DEBUG (BaseJdbcLogger.java:159)- ==>  Preparing: select a.*,u.username from article a,user u where a.articleuserid=u.userid ORDER BY articlelastcommenttime DESC limit ?,? 
2017-12-14 16:13:48,443 DEBUG (BaseJdbcLogger.java:159)- ==> Parameters: 2050(Integer), 10(Integer)
2017-12-14 16:13:48,444 DEBUG (BaseJdbcLogger.java:159)- <==      Total: 0
2017-12-14 16:13:48,444 DEBUG (BaseJdbcLogger.java:159)- ==>  Preparing: select a.*,u.username from article a,user u where a.articleuserid=u.userid ORDER BY articlelastcommenttime DESC 
2017-12-14 16:13:48,445 DEBUG (BaseJdbcLogger.java:159)- ==> Parameters: 
2017-12-14 16:13:48,448 DEBUG (BaseJdbcLogger.java:159)- <==      Total: 21
2017-12-14 16:13:49,005 DEBUG (BaseJdbcLogger.java:159)- ==>  Preparing: select a.*,u.username from article a,user u where a.articleuserid=u.userid ORDER BY articlelastcommenttime DESC 
2017-12-14 16:13:49,006 DEBUG (BaseJdbcLogger.java:159)- ==> Parameters: 
2017-12-14 16:13:49,011 DEBUG (BaseJdbcLogger.java:159)- <==      Total: 21
2017-12-14 16:13:49,012 INFO (ArticleServiceImpl.java:46)- 共有21条记录
2017-12-14 16:13:49,012 INFO (ArticleServiceImpl.java:49)- 共有3页
2017-12-14 16:13:49,012 INFO (ArticleServiceImpl.java:52)- 当前的起始记录为第：2040条
2017-12-14 16:13:49,013 DEBUG (BaseJdbcLogger.java:159)- ==>  Preparing: select a.*,u.username from article a,user u where a.articleuserid=u.userid ORDER BY articlelastcommenttime DESC limit ?,? 
2017-12-14 16:13:49,014 DEBUG (BaseJdbcLogger.java:159)- ==> Parameters: 2040(Integer), 10(Integer)
2017-12-14 16:13:49,016 DEBUG (BaseJdbcLogger.java:159)- <==      Total: 0
2017-12-14 16:13:49,018 DEBUG (BaseJdbcLogger.java:159)- ==>  Preparing: select a.*,u.username from article a,user u where a.articleuserid=u.userid ORDER BY articlelastcommenttime DESC 
2017-12-14 16:13:49,018 DEBUG (BaseJdbcLogger.java:159)- ==> Parameters: 
2017-12-14 16:13:49,023 DEBUG (BaseJdbcLogger.java:159)- <==      Total: 21
2017-12-14 16:13:49,670 DEBUG (BaseJdbcLogger.java:159)- ==>  Preparing: select a.*,u.username from article a,user u where a.articleuserid=u.userid ORDER BY articlelastcommenttime DESC 
2017-12-14 16:13:49,672 DEBUG (BaseJdbcLogger.java:159)- ==> Parameters: 
2017-12-14 16:13:49,676 DEBUG (BaseJdbcLogger.java:159)- <==      Total: 21
2017-12-14 16:13:49,677 INFO (ArticleServiceImpl.java:46)- 共有21条记录
2017-12-14 16:13:49,677 INFO (ArticleServiceImpl.java:49)- 共有3页
2017-12-14 16:13:49,677 INFO (ArticleServiceImpl.java:52)- 当前的起始记录为第：2030条
2017-12-14 16:13:49,678 DEBUG (BaseJdbcLogger.java:159)- ==>  Preparing: select a.*,u.username from article a,user u where a.articleuserid=u.userid ORDER BY articlelastcommenttime DESC limit ?,? 
2017-12-14 16:13:49,678 DEBUG (BaseJdbcLogger.java:159)- ==> Parameters: 2030(Integer), 10(Integer)
2017-12-14 16:13:49,679 DEBUG (BaseJdbcLogger.java:159)- <==      Total: 0
2017-12-14 16:13:49,680 DEBUG (BaseJdbcLogger.java:159)- ==>  Preparing: select a.*,u.username from article a,user u where a.articleuserid=u.userid ORDER BY articlelastcommenttime DESC 
2017-12-14 16:13:49,681 DEBUG (BaseJdbcLogger.java:159)- ==> Parameters: 
2017-12-14 16:13:49,685 DEBUG (BaseJdbcLogger.java:159)- <==      Total: 21
2017-12-14 16:13:50,781 DEBUG (BaseJdbcLogger.java:159)- ==>  Preparing: select a.*,u.username from article a,user u where a.articleuserid=u.userid ORDER BY articlelastcommenttime DESC 
2017-12-14 16:13:50,782 DEBUG (BaseJdbcLogger.java:159)- ==> Parameters: 
2017-12-14 16:13:50,790 DEBUG (BaseJdbcLogger.java:159)- <==      Total: 21
2017-12-14 16:13:50,791 INFO (ArticleServiceImpl.java:46)- 共有21条记录
2017-12-14 16:13:50,791 INFO (ArticleServiceImpl.java:49)- 共有3页
2017-12-14 16:13:50,792 INFO (ArticleServiceImpl.java:52)- 当前的起始记录为第：2020条
2017-12-14 16:13:50,793 DEBUG (BaseJdbcLogger.java:159)- ==>  Preparing: select a.*,u.username from article a,user u where a.articleuserid=u.userid ORDER BY articlelastcommenttime DESC limit ?,? 
2017-12-14 16:13:50,793 DEBUG (BaseJdbcLogger.java:159)- ==> Parameters: 2020(Integer), 10(Integer)
2017-12-14 16:13:50,795 DEBUG (BaseJdbcLogger.java:159)- <==      Total: 0
2017-12-14 16:13:50,796 DEBUG (BaseJdbcLogger.java:159)- ==>  Preparing: select a.*,u.username from article a,user u where a.articleuserid=u.userid ORDER BY articlelastcommenttime DESC 
2017-12-14 16:13:50,797 DEBUG (BaseJdbcLogger.java:159)- ==> Parameters: 
2017-12-14 16:13:50,800 DEBUG (BaseJdbcLogger.java:159)- <==      Total: 21
2017-12-14 16:19:28,560 INFO (StartupInfoLogger.java:48)- Starting Work2ZacharyApplication on nkgw10nh1485 with PID 11640 (E:\WorkSpace\Work2_Zachary\target\classes started by Zach.Zhang in E:\WorkSpace\Work2_Zachary)
2017-12-14 16:19:28,565 DEBUG (StartupInfoLogger.java:51)- Running with Spring Boot v1.5.9.RELEASE, Spring v4.3.13.RELEASE
2017-12-14 16:19:28,565 INFO (SpringApplication.java:593)- No active profile set, falling back to default profiles: default
2017-12-14 16:19:34,591 INFO (StartupInfoLogger.java:57)- Started Work2ZacharyApplication in 6.583 seconds (JVM running for 7.175)
2017-12-14 16:19:49,470 INFO (UserController.java:42)- 正在前往登录页面…………
2017-12-14 16:19:49,750 INFO (UserController.java:42)- 正在前往登录页面…………
2017-12-14 16:19:52,704 INFO (UserController.java:74)- 正在检测用户手机号是否存在…………
2017-12-14 16:19:52,705 INFO (UserController.java:75)- userphoneuserphoneuserphoneuserphone15161182029
2017-12-14 16:19:53,048 DEBUG (BaseJdbcLogger.java:159)- ==>  Preparing: select userid,username,userphone,userpassword,usergrade from user where userphone = ? 
2017-12-14 16:19:53,080 DEBUG (BaseJdbcLogger.java:159)- ==> Parameters: 15161182029(String)
2017-12-14 16:19:53,099 DEBUG (BaseJdbcLogger.java:159)- <==      Total: 1
2017-12-14 16:19:53,102 ERROR (UserController.java:79)- 已存在
2017-12-14 16:19:53,103 INFO (UserController.java:85)- 检测完成…………
2017-12-14 16:19:55,126 DEBUG (BaseJdbcLogger.java:159)- ==>  Preparing: select userid,username,userphone,userpassword,usergrade from user where userphone = ? 
2017-12-14 16:19:55,127 DEBUG (BaseJdbcLogger.java:159)- ==> Parameters: 15161182029(String)
2017-12-14 16:19:55,129 DEBUG (BaseJdbcLogger.java:159)- <==      Total: 1
2017-12-14 16:19:55,131 DEBUG (BaseJdbcLogger.java:159)- ==>  Preparing: select userid,username,userphone,userpassword,usergrade from user where userphone = ? and userpassword = ? 
2017-12-14 16:19:55,132 DEBUG (BaseJdbcLogger.java:159)- ==> Parameters: 15161182029(String), e10adc3949ba59abbe56e057f20f883e(String)
2017-12-14 16:19:55,133 DEBUG (BaseJdbcLogger.java:159)- <==      Total: 1
2017-12-14 16:19:55,135 DEBUG (BaseJdbcLogger.java:159)- ==>  Preparing: select logid, userphone, failtimes, lastfailtime from userlog where userphone = ? 
2017-12-14 16:19:55,135 DEBUG (BaseJdbcLogger.java:159)- ==> Parameters: 15161182029(String)
2017-12-14 16:19:55,139 DEBUG (BaseJdbcLogger.java:159)- <==      Total: 1
2017-12-14 16:19:55,139 INFO (UserController.java:171)- 登陆成功
2017-12-14 16:19:55,140 INFO (UserController.java:172)- 重置用户密码输错次数……
2017-12-14 16:19:55,140 DEBUG (BaseJdbcLogger.java:159)- ==>  Preparing: update userlog set failtimes = 0 where userphone = ? 
2017-12-14 16:19:55,141 DEBUG (BaseJdbcLogger.java:159)- ==> Parameters: 15161182029(String)
2017-12-14 16:19:55,355 DEBUG (BaseJdbcLogger.java:159)- <==    Updates: 1
2017-12-14 16:19:55,358 INFO (UserController.java:175)- 用户密码输错次数已重置为0……
2017-12-14 16:19:55,382 DEBUG (BaseJdbcLogger.java:159)- ==>  Preparing: select a.*,u.username from article a,user u where a.articleuserid=u.userid ORDER BY articlelastcommenttime DESC 
2017-12-14 16:19:55,383 DEBUG (BaseJdbcLogger.java:159)- ==> Parameters: 
2017-12-14 16:19:55,405 DEBUG (BaseJdbcLogger.java:159)- <==      Total: 21
2017-12-14 16:19:55,406 INFO (ArticleServiceImpl.java:46)- 共有21条记录
2017-12-14 16:19:55,406 INFO (ArticleServiceImpl.java:49)- 共有3页
2017-12-14 16:19:55,407 INFO (ArticleServiceImpl.java:52)- 当前的起始记录为第：0条
2017-12-14 16:19:55,409 DEBUG (BaseJdbcLogger.java:159)- ==>  Preparing: select a.*,u.username from article a,user u where a.articleuserid=u.userid ORDER BY articlelastcommenttime DESC limit ?,? 
2017-12-14 16:19:55,409 DEBUG (BaseJdbcLogger.java:159)- ==> Parameters: 0(Integer), 10(Integer)
2017-12-14 16:19:55,415 DEBUG (BaseJdbcLogger.java:159)- <==      Total: 10
2017-12-14 16:19:55,416 DEBUG (BaseJdbcLogger.java:159)- ==>  Preparing: select a.*,u.username from article a,user u where a.articleuserid=u.userid ORDER BY articlelastcommenttime DESC 
2017-12-14 16:19:55,418 DEBUG (BaseJdbcLogger.java:159)- ==> Parameters: 
2017-12-14 16:19:55,426 DEBUG (BaseJdbcLogger.java:159)- <==      Total: 21
2017-12-14 16:20:05,308 INFO (UserController.java:191)- 非法操作：用户等级不够
2017-12-14 16:21:43,884 INFO (StartupInfoLogger.java:48)- Starting Work2ZacharyApplication on nkgw10nh1485 with PID 5196 (E:\WorkSpace\Work2_Zachary\target\classes started by Zach.Zhang in E:\WorkSpace\Work2_Zachary)
2017-12-14 16:21:43,892 DEBUG (StartupInfoLogger.java:51)- Running with Spring Boot v1.5.9.RELEASE, Spring v4.3.13.RELEASE
2017-12-14 16:21:43,892 INFO (SpringApplication.java:593)- No active profile set, falling back to default profiles: default
2017-12-14 16:21:45,628 INFO (StartupInfoLogger.java:48)- Starting Work2ZacharyApplication on nkgw10nh1485 with PID 11188 (E:\WorkSpace\Work2_Zachary\target\classes started by Zach.Zhang in E:\WorkSpace\Work2_Zachary)
2017-12-14 16:21:45,660 DEBUG (StartupInfoLogger.java:51)- Running with Spring Boot v1.5.9.RELEASE, Spring v4.3.13.RELEASE
2017-12-14 16:21:45,661 INFO (SpringApplication.java:593)- No active profile set, falling back to default profiles: default
2017-12-14 16:22:03,852 INFO (StartupInfoLogger.java:57)- Started Work2ZacharyApplication in 21.221 seconds (JVM running for 23.088)
2017-12-14 16:22:28,702 INFO (StartupInfoLogger.java:48)- Starting Work2ZacharyApplication on nkgw10nh1485 with PID 12576 (E:\WorkSpace\Work2_Zachary\target\classes started by Zach.Zhang in E:\WorkSpace\Work2_Zachary)
2017-12-14 16:22:28,707 DEBUG (StartupInfoLogger.java:51)- Running with Spring Boot v1.5.9.RELEASE, Spring v4.3.13.RELEASE
2017-12-14 16:22:28,708 INFO (SpringApplication.java:593)- No active profile set, falling back to default profiles: default
2017-12-14 16:22:34,914 INFO (StartupInfoLogger.java:57)- Started Work2ZacharyApplication in 6.894 seconds (JVM running for 7.498)
2017-12-14 16:22:40,914 INFO (UserController.java:42)- 正在前往登录页面…………
2017-12-14 16:22:40,990 INFO (UserController.java:42)- 正在前往登录页面…………
2017-12-14 16:22:43,827 INFO (UserController.java:74)- 正在检测用户手机号是否存在…………
2017-12-14 16:22:43,828 INFO (UserController.java:75)- userphoneuserphoneuserphoneuserphone15161182029
2017-12-14 16:22:44,199 DEBUG (BaseJdbcLogger.java:159)- ==>  Preparing: select userid,username,userphone,userpassword,usergrade from user where userphone = ? 
2017-12-14 16:22:44,235 DEBUG (BaseJdbcLogger.java:159)- ==> Parameters: 15161182029(String)
2017-12-14 16:22:44,255 DEBUG (BaseJdbcLogger.java:159)- <==      Total: 1
2017-12-14 16:22:44,257 ERROR (UserController.java:79)- 已存在
2017-12-14 16:22:44,258 INFO (UserController.java:85)- 检测完成…………
2017-12-14 16:22:45,996 DEBUG (BaseJdbcLogger.java:159)- ==>  Preparing: select userid,username,userphone,userpassword,usergrade from user where userphone = ? 
2017-12-14 16:22:45,998 DEBUG (BaseJdbcLogger.java:159)- ==> Parameters: 15161182029(String)
2017-12-14 16:22:46,000 DEBUG (BaseJdbcLogger.java:159)- <==      Total: 1
2017-12-14 16:22:46,003 DEBUG (BaseJdbcLogger.java:159)- ==>  Preparing: select userid,username,userphone,userpassword,usergrade from user where userphone = ? and userpassword = ? 
2017-12-14 16:22:46,004 DEBUG (BaseJdbcLogger.java:159)- ==> Parameters: 15161182029(String), e10adc3949ba59abbe56e057f20f883e(String)
2017-12-14 16:22:46,006 DEBUG (BaseJdbcLogger.java:159)- <==      Total: 1
2017-12-14 16:22:46,007 DEBUG (BaseJdbcLogger.java:159)- ==>  Preparing: select logid, userphone, failtimes, lastfailtime from userlog where userphone = ? 
2017-12-14 16:22:46,008 DEBUG (BaseJdbcLogger.java:159)- ==> Parameters: 15161182029(String)
2017-12-14 16:22:46,010 DEBUG (BaseJdbcLogger.java:159)- <==      Total: 1
2017-12-14 16:22:46,011 INFO (UserController.java:171)- 登陆成功
2017-12-14 16:22:46,011 INFO (UserController.java:172)- 重置用户密码输错次数……
2017-12-14 16:22:46,012 DEBUG (BaseJdbcLogger.java:159)- ==>  Preparing: update userlog set failtimes = 0 where userphone = ? 
2017-12-14 16:22:46,013 DEBUG (BaseJdbcLogger.java:159)- ==> Parameters: 15161182029(String)
2017-12-14 16:22:46,119 DEBUG (BaseJdbcLogger.java:159)- <==    Updates: 1
2017-12-14 16:22:46,120 INFO (UserController.java:175)- 用户密码输错次数已重置为0……
2017-12-14 16:22:46,132 DEBUG (BaseJdbcLogger.java:159)- ==>  Preparing: select a.*,u.username from article a,user u where a.articleuserid=u.userid ORDER BY articlelastcommenttime DESC 
2017-12-14 16:22:46,133 DEBUG (BaseJdbcLogger.java:159)- ==> Parameters: 
2017-12-14 16:22:46,153 DEBUG (BaseJdbcLogger.java:159)- <==      Total: 21
2017-12-14 16:22:46,154 INFO (ArticleServiceImpl.java:46)- 共有21条记录
2017-12-14 16:22:46,154 INFO (ArticleServiceImpl.java:49)- 共有3页
2017-12-14 16:22:46,154 INFO (ArticleServiceImpl.java:52)- 当前的起始记录为第：0条
2017-12-14 16:22:46,158 DEBUG (BaseJdbcLogger.java:159)- ==>  Preparing: select a.*,u.username from article a,user u where a.articleuserid=u.userid ORDER BY articlelastcommenttime DESC limit ?,? 
2017-12-14 16:22:46,158 DEBUG (BaseJdbcLogger.java:159)- ==> Parameters: 0(Integer), 10(Integer)
2017-12-14 16:22:46,163 DEBUG (BaseJdbcLogger.java:159)- <==      Total: 10
2017-12-14 16:22:46,165 DEBUG (BaseJdbcLogger.java:159)- ==>  Preparing: select a.*,u.username from article a,user u where a.articleuserid=u.userid ORDER BY articlelastcommenttime DESC 
2017-12-14 16:22:46,167 DEBUG (BaseJdbcLogger.java:159)- ==> Parameters: 
2017-12-14 16:22:46,177 DEBUG (BaseJdbcLogger.java:159)- <==      Total: 21
2017-12-14 16:22:52,759 INFO (UserController.java:191)- 非法操作：用户等级不够
2017-12-14 16:22:52,769 DEBUG (BaseJdbcLogger.java:159)- ==>  Preparing: select a.*,u.username from article a,user u where a.articleuserid=u.userid ORDER BY articlelastcommenttime DESC 
2017-12-14 16:22:52,770 DEBUG (BaseJdbcLogger.java:159)- ==> Parameters: 
2017-12-14 16:22:52,776 DEBUG (BaseJdbcLogger.java:159)- <==      Total: 21
2017-12-14 16:22:52,778 INFO (ArticleServiceImpl.java:46)- 共有21条记录
2017-12-14 16:22:52,778 INFO (ArticleServiceImpl.java:49)- 共有3页
2017-12-14 16:22:52,779 INFO (ArticleServiceImpl.java:52)- 当前的起始记录为第：0条
2017-12-14 16:22:52,779 DEBUG (BaseJdbcLogger.java:159)- ==>  Preparing: select a.*,u.username from article a,user u where a.articleuserid=u.userid ORDER BY articlelastcommenttime DESC limit ?,? 
2017-12-14 16:22:52,780 DEBUG (BaseJdbcLogger.java:159)- ==> Parameters: 0(Integer), 10(Integer)
2017-12-14 16:22:52,784 DEBUG (BaseJdbcLogger.java:159)- <==      Total: 10
2017-12-14 16:22:52,784 DEBUG (BaseJdbcLogger.java:159)- ==>  Preparing: select a.*,u.username from article a,user u where a.articleuserid=u.userid ORDER BY articlelastcommenttime DESC 
2017-12-14 16:22:52,785 DEBUG (BaseJdbcLogger.java:159)- ==> Parameters: 
2017-12-14 16:22:52,792 DEBUG (BaseJdbcLogger.java:159)- <==      Total: 21
2017-12-14 16:28:54,700 INFO (StartupInfoLogger.java:48)- Starting Work2ZacharyApplication on nkgw10nh1485 with PID 12100 (E:\WorkSpace\Work2_Zachary\target\classes started by Zach.Zhang in E:\WorkSpace\Work2_Zachary)
2017-12-14 16:28:54,710 DEBUG (StartupInfoLogger.java:51)- Running with Spring Boot v1.5.9.RELEASE, Spring v4.3.13.RELEASE
2017-12-14 16:28:54,711 INFO (SpringApplication.java:593)- No active profile set, falling back to default profiles: default
2017-12-14 16:29:01,584 INFO (StartupInfoLogger.java:57)- Started Work2ZacharyApplication in 7.582 seconds (JVM running for 8.179)
2017-12-14 16:29:06,488 INFO (UserController.java:42)- 正在前往登录页面…………
2017-12-14 16:29:06,530 INFO (UserController.java:42)- 正在前往登录页面…………
2017-12-14 16:29:09,251 INFO (UserController.java:74)- 正在检测用户手机号是否存在…………
2017-12-14 16:29:09,253 INFO (UserController.java:75)- userphoneuserphoneuserphoneuserphone15161182029
2017-12-14 16:29:09,641 DEBUG (BaseJdbcLogger.java:159)- ==>  Preparing: select userid,username,userphone,userpassword,usergrade from user where userphone = ? 
2017-12-14 16:29:09,676 DEBUG (BaseJdbcLogger.java:159)- ==> Parameters: 15161182029(String)
2017-12-14 16:29:09,690 DEBUG (BaseJdbcLogger.java:159)- <==      Total: 1
2017-12-14 16:29:09,692 ERROR (UserController.java:79)- 已存在
2017-12-14 16:29:09,694 INFO (UserController.java:85)- 检测完成…………
2017-12-14 16:29:11,296 DEBUG (BaseJdbcLogger.java:159)- ==>  Preparing: select userid,username,userphone,userpassword,usergrade from user where userphone = ? 
2017-12-14 16:29:11,298 DEBUG (BaseJdbcLogger.java:159)- ==> Parameters: 15161182029(String)
2017-12-14 16:29:11,301 DEBUG (BaseJdbcLogger.java:159)- <==      Total: 1
2017-12-14 16:29:11,304 DEBUG (BaseJdbcLogger.java:159)- ==>  Preparing: select userid,username,userphone,userpassword,usergrade from user where userphone = ? and userpassword = ? 
2017-12-14 16:29:11,305 DEBUG (BaseJdbcLogger.java:159)- ==> Parameters: 15161182029(String), e10adc3949ba59abbe56e057f20f883e(String)
2017-12-14 16:29:11,306 DEBUG (BaseJdbcLogger.java:159)- <==      Total: 1
2017-12-14 16:29:11,307 DEBUG (BaseJdbcLogger.java:159)- ==>  Preparing: select logid, userphone, failtimes, lastfailtime from userlog where userphone = ? 
2017-12-14 16:29:11,308 DEBUG (BaseJdbcLogger.java:159)- ==> Parameters: 15161182029(String)
2017-12-14 16:29:11,310 DEBUG (BaseJdbcLogger.java:159)- <==      Total: 1
2017-12-14 16:29:11,311 INFO (UserController.java:171)- 登陆成功
2017-12-14 16:29:11,311 INFO (UserController.java:172)- 重置用户密码输错次数……
2017-12-14 16:29:11,312 DEBUG (BaseJdbcLogger.java:159)- ==>  Preparing: update userlog set failtimes = 0 where userphone = ? 
2017-12-14 16:29:11,312 DEBUG (BaseJdbcLogger.java:159)- ==> Parameters: 15161182029(String)
2017-12-14 16:29:11,398 DEBUG (BaseJdbcLogger.java:159)- <==    Updates: 1
2017-12-14 16:29:11,400 INFO (UserController.java:175)- 用户密码输错次数已重置为0……
2017-12-14 16:29:11,428 DEBUG (BaseJdbcLogger.java:159)- ==>  Preparing: select a.*,u.username from article a,user u where a.articleuserid=u.userid ORDER BY articlelastcommenttime DESC 
2017-12-14 16:29:11,429 DEBUG (BaseJdbcLogger.java:159)- ==> Parameters: 
2017-12-14 16:29:11,454 DEBUG (BaseJdbcLogger.java:159)- <==      Total: 21
2017-12-14 16:29:11,455 INFO (ArticleServiceImpl.java:46)- 共有21条记录
2017-12-14 16:29:11,455 INFO (ArticleServiceImpl.java:49)- 共有3页
2017-12-14 16:29:11,456 INFO (ArticleServiceImpl.java:52)- 当前的起始记录为第：0条
2017-12-14 16:29:11,459 DEBUG (BaseJdbcLogger.java:159)- ==>  Preparing: select a.*,u.username from article a,user u where a.articleuserid=u.userid ORDER BY articlelastcommenttime DESC limit ?,? 
2017-12-14 16:29:11,460 DEBUG (BaseJdbcLogger.java:159)- ==> Parameters: 0(Integer), 10(Integer)
2017-12-14 16:29:11,464 DEBUG (BaseJdbcLogger.java:159)- <==      Total: 10
2017-12-14 16:29:11,465 DEBUG (BaseJdbcLogger.java:159)- ==>  Preparing: select a.*,u.username from article a,user u where a.articleuserid=u.userid ORDER BY articlelastcommenttime DESC 
2017-12-14 16:29:11,466 DEBUG (BaseJdbcLogger.java:159)- ==> Parameters: 
2017-12-14 16:29:11,474 DEBUG (BaseJdbcLogger.java:159)- <==      Total: 21
2017-12-14 16:29:16,494 DEBUG (BaseJdbcLogger.java:159)- ==>  Preparing: select a.*,u.username from article a,user u where a.articleuserid=u.userid ORDER BY articlelastcommenttime DESC 
2017-12-14 16:29:16,495 DEBUG (BaseJdbcLogger.java:159)- ==> Parameters: 
2017-12-14 16:29:16,505 DEBUG (BaseJdbcLogger.java:159)- <==      Total: 21
2017-12-14 16:29:16,507 INFO (ArticleServiceImpl.java:46)- 共有21条记录
2017-12-14 16:29:16,508 INFO (ArticleServiceImpl.java:49)- 共有3页
2017-12-14 16:29:16,508 INFO (ArticleServiceImpl.java:52)- 当前的起始记录为第：1213110条
2017-12-14 16:29:16,509 DEBUG (BaseJdbcLogger.java:159)- ==>  Preparing: select a.*,u.username from article a,user u where a.articleuserid=u.userid ORDER BY articlelastcommenttime DESC limit ?,? 
2017-12-14 16:29:16,510 DEBUG (BaseJdbcLogger.java:159)- ==> Parameters: 1213110(Integer), 10(Integer)
2017-12-14 16:29:16,511 DEBUG (BaseJdbcLogger.java:159)- <==      Total: 0
2017-12-14 16:29:16,513 DEBUG (BaseJdbcLogger.java:159)- ==>  Preparing: select a.*,u.username from article a,user u where a.articleuserid=u.userid ORDER BY articlelastcommenttime DESC 
2017-12-14 16:29:16,513 DEBUG (BaseJdbcLogger.java:159)- ==> Parameters: 
2017-12-14 16:29:16,524 DEBUG (BaseJdbcLogger.java:159)- <==      Total: 21
2017-12-14 16:29:16,536 DEBUG (BaseJdbcLogger.java:159)- ==>  Preparing: select a.*,u.username from article a,user u where a.articleuserid=u.userid ORDER BY articlelastcommenttime DESC 
2017-12-14 16:29:16,537 DEBUG (BaseJdbcLogger.java:159)- ==> Parameters: 
2017-12-14 16:29:16,549 DEBUG (BaseJdbcLogger.java:159)- <==      Total: 21
2017-12-14 16:29:16,550 INFO (ArticleServiceImpl.java:46)- 共有21条记录
2017-12-14 16:29:16,550 INFO (ArticleServiceImpl.java:49)- 共有3页
2017-12-14 16:29:16,551 INFO (ArticleServiceImpl.java:52)- 当前的起始记录为第：20条
2017-12-14 16:29:16,551 DEBUG (BaseJdbcLogger.java:159)- ==>  Preparing: select a.*,u.username from article a,user u where a.articleuserid=u.userid ORDER BY articlelastcommenttime DESC limit ?,? 
2017-12-14 16:29:16,552 DEBUG (BaseJdbcLogger.java:159)- ==> Parameters: 20(Integer), 10(Integer)
2017-12-14 16:29:16,554 DEBUG (BaseJdbcLogger.java:159)- <==      Total: 1
2017-12-14 16:29:16,556 DEBUG (BaseJdbcLogger.java:159)- ==>  Preparing: select a.*,u.username from article a,user u where a.articleuserid=u.userid ORDER BY articlelastcommenttime DESC 
2017-12-14 16:29:16,556 DEBUG (BaseJdbcLogger.java:159)- ==> Parameters: 
2017-12-14 16:29:16,564 DEBUG (BaseJdbcLogger.java:159)- <==      Total: 21
2017-12-14 16:29:30,210 DEBUG (BaseJdbcLogger.java:159)- ==>  Preparing: select a.*,u.username from article a,user u where a.articleuserid=u.userid ORDER BY articlelastcommenttime DESC 
2017-12-14 16:29:30,211 DEBUG (BaseJdbcLogger.java:159)- ==> Parameters: 
2017-12-14 16:29:30,218 DEBUG (BaseJdbcLogger.java:159)- <==      Total: 21
2017-12-14 16:29:30,219 INFO (ArticleServiceImpl.java:46)- 共有21条记录
2017-12-14 16:29:30,219 INFO (ArticleServiceImpl.java:49)- 共有3页
2017-12-14 16:29:30,220 INFO (ArticleServiceImpl.java:52)- 当前的起始记录为第：312312300条
2017-12-14 16:29:30,221 DEBUG (BaseJdbcLogger.java:159)- ==>  Preparing: select a.*,u.username from article a,user u where a.articleuserid=u.userid ORDER BY articlelastcommenttime DESC limit ?,? 
2017-12-14 16:29:30,223 DEBUG (BaseJdbcLogger.java:159)- ==> Parameters: 312312300(Integer), 10(Integer)
2017-12-14 16:29:30,224 DEBUG (BaseJdbcLogger.java:159)- <==      Total: 0
2017-12-14 16:29:30,226 DEBUG (BaseJdbcLogger.java:159)- ==>  Preparing: select a.*,u.username from article a,user u where a.articleuserid=u.userid ORDER BY articlelastcommenttime DESC 
2017-12-14 16:29:30,226 DEBUG (BaseJdbcLogger.java:159)- ==> Parameters: 
2017-12-14 16:29:30,235 DEBUG (BaseJdbcLogger.java:159)- <==      Total: 21
2017-12-14 16:29:30,244 DEBUG (BaseJdbcLogger.java:159)- ==>  Preparing: select a.*,u.username from article a,user u where a.articleuserid=u.userid ORDER BY articlelastcommenttime DESC 
2017-12-14 16:29:30,244 DEBUG (BaseJdbcLogger.java:159)- ==> Parameters: 
2017-12-14 16:29:30,249 DEBUG (BaseJdbcLogger.java:159)- <==      Total: 21
2017-12-14 16:29:30,249 INFO (ArticleServiceImpl.java:46)- 共有21条记录
2017-12-14 16:29:30,250 INFO (ArticleServiceImpl.java:49)- 共有3页
2017-12-14 16:29:30,250 INFO (ArticleServiceImpl.java:52)- 当前的起始记录为第：20条
2017-12-14 16:29:30,250 DEBUG (BaseJdbcLogger.java:159)- ==>  Preparing: select a.*,u.username from article a,user u where a.articleuserid=u.userid ORDER BY articlelastcommenttime DESC limit ?,? 
2017-12-14 16:29:30,251 DEBUG (BaseJdbcLogger.java:159)- ==> Parameters: 20(Integer), 10(Integer)
2017-12-14 16:29:30,252 DEBUG (BaseJdbcLogger.java:159)- <==      Total: 1
2017-12-14 16:29:30,253 DEBUG (BaseJdbcLogger.java:159)- ==>  Preparing: select a.*,u.username from article a,user u where a.articleuserid=u.userid ORDER BY articlelastcommenttime DESC 
2017-12-14 16:29:30,253 DEBUG (BaseJdbcLogger.java:159)- ==> Parameters: 
2017-12-14 16:29:30,259 DEBUG (BaseJdbcLogger.java:159)- <==      Total: 21
2017-12-14 16:29:36,483 DEBUG (BaseJdbcLogger.java:159)- ==>  Preparing: select a.*,u.username from article a,user u where a.articleuserid=u.userid ORDER BY articlelastcommenttime DESC 
2017-12-14 16:29:36,484 DEBUG (BaseJdbcLogger.java:159)- ==> Parameters: 
2017-12-14 16:29:36,490 DEBUG (BaseJdbcLogger.java:159)- <==      Total: 21
2017-12-14 16:29:36,491 INFO (ArticleServiceImpl.java:46)- 共有21条记录
2017-12-14 16:29:36,491 INFO (ArticleServiceImpl.java:49)- 共有3页
2017-12-14 16:29:36,491 INFO (ArticleServiceImpl.java:52)- 当前的起始记录为第：100850条
2017-12-14 16:29:36,492 DEBUG (BaseJdbcLogger.java:159)- ==>  Preparing: select a.*,u.username from article a,user u where a.articleuserid=u.userid ORDER BY articlelastcommenttime DESC limit ?,? 
2017-12-14 16:29:36,492 DEBUG (BaseJdbcLogger.java:159)- ==> Parameters: 100850(Integer), 10(Integer)
2017-12-14 16:29:36,493 DEBUG (BaseJdbcLogger.java:159)- <==      Total: 0
2017-12-14 16:29:36,494 DEBUG (BaseJdbcLogger.java:159)- ==>  Preparing: select a.*,u.username from article a,user u where a.articleuserid=u.userid ORDER BY articlelastcommenttime DESC 
2017-12-14 16:29:36,495 DEBUG (BaseJdbcLogger.java:159)- ==> Parameters: 
2017-12-14 16:29:36,502 DEBUG (BaseJdbcLogger.java:159)- <==      Total: 21
2017-12-14 16:29:36,509 DEBUG (BaseJdbcLogger.java:159)- ==>  Preparing: select a.*,u.username from article a,user u where a.articleuserid=u.userid ORDER BY articlelastcommenttime DESC 
2017-12-14 16:29:36,510 DEBUG (BaseJdbcLogger.java:159)- ==> Parameters: 
2017-12-14 16:29:36,514 DEBUG (BaseJdbcLogger.java:159)- <==      Total: 21
2017-12-14 16:29:36,514 INFO (ArticleServiceImpl.java:46)- 共有21条记录
2017-12-14 16:29:36,515 INFO (ArticleServiceImpl.java:49)- 共有3页
2017-12-14 16:29:36,515 INFO (ArticleServiceImpl.java:52)- 当前的起始记录为第：20条
2017-12-14 16:29:36,516 DEBUG (BaseJdbcLogger.java:159)- ==>  Preparing: select a.*,u.username from article a,user u where a.articleuserid=u.userid ORDER BY articlelastcommenttime DESC limit ?,? 
2017-12-14 16:29:36,517 DEBUG (BaseJdbcLogger.java:159)- ==> Parameters: 20(Integer), 10(Integer)
2017-12-14 16:29:36,518 DEBUG (BaseJdbcLogger.java:159)- <==      Total: 1
2017-12-14 16:29:36,519 DEBUG (BaseJdbcLogger.java:159)- ==>  Preparing: select a.*,u.username from article a,user u where a.articleuserid=u.userid ORDER BY articlelastcommenttime DESC 
2017-12-14 16:29:36,520 DEBUG (BaseJdbcLogger.java:159)- ==> Parameters: 
2017-12-14 16:29:36,525 DEBUG (BaseJdbcLogger.java:159)- <==      Total: 21
2017-12-14 16:30:00,684 DEBUG (BaseJdbcLogger.java:159)- ==>  Preparing: select a.*,u.username from article a,user u where a.articleuserid=u.userid ORDER BY articlelastcommenttime DESC 
2017-12-14 16:30:00,685 DEBUG (BaseJdbcLogger.java:159)- ==> Parameters: 
2017-12-14 16:30:00,689 DEBUG (BaseJdbcLogger.java:159)- <==      Total: 21
2017-12-14 16:30:00,690 INFO (ArticleServiceImpl.java:46)- 共有21条记录
2017-12-14 16:30:00,691 INFO (ArticleServiceImpl.java:49)- 共有3页
2017-12-14 16:30:00,691 INFO (ArticleServiceImpl.java:52)- 当前的起始记录为第：10条
2017-12-14 16:30:00,691 DEBUG (BaseJdbcLogger.java:159)- ==>  Preparing: select a.*,u.username from article a,user u where a.articleuserid=u.userid ORDER BY articlelastcommenttime DESC limit ?,? 
2017-12-14 16:30:00,692 DEBUG (BaseJdbcLogger.java:159)- ==> Parameters: 10(Integer), 10(Integer)
2017-12-14 16:30:00,694 DEBUG (BaseJdbcLogger.java:159)- <==      Total: 10
2017-12-14 16:30:00,696 DEBUG (BaseJdbcLogger.java:159)- ==>  Preparing: select a.*,u.username from article a,user u where a.articleuserid=u.userid ORDER BY articlelastcommenttime DESC 
2017-12-14 16:30:00,698 DEBUG (BaseJdbcLogger.java:159)- ==> Parameters: 
2017-12-14 16:30:00,702 DEBUG (BaseJdbcLogger.java:159)- <==      Total: 21
2017-12-14 16:30:02,663 DEBUG (BaseJdbcLogger.java:159)- ==>  Preparing: select a.*,u.username from article a,user u where a.articleuserid=u.userid ORDER BY articlelastcommenttime DESC 
2017-12-14 16:30:02,664 DEBUG (BaseJdbcLogger.java:159)- ==> Parameters: 
2017-12-14 16:30:02,667 DEBUG (BaseJdbcLogger.java:159)- <==      Total: 21
2017-12-14 16:30:02,668 INFO (ArticleServiceImpl.java:46)- 共有21条记录
2017-12-14 16:30:02,669 INFO (ArticleServiceImpl.java:49)- 共有3页
2017-12-14 16:30:02,669 INFO (ArticleServiceImpl.java:52)- 当前的起始记录为第：0条
2017-12-14 16:30:02,670 DEBUG (BaseJdbcLogger.java:159)- ==>  Preparing: select a.*,u.username from article a,user u where a.articleuserid=u.userid ORDER BY articlelastcommenttime DESC limit ?,? 
2017-12-14 16:30:02,671 DEBUG (BaseJdbcLogger.java:159)- ==> Parameters: 0(Integer), 10(Integer)
2017-12-14 16:30:02,673 DEBUG (BaseJdbcLogger.java:159)- <==      Total: 10
2017-12-14 16:30:02,675 DEBUG (BaseJdbcLogger.java:159)- ==>  Preparing: select a.*,u.username from article a,user u where a.articleuserid=u.userid ORDER BY articlelastcommenttime DESC 
2017-12-14 16:30:02,675 DEBUG (BaseJdbcLogger.java:159)- ==> Parameters: 
2017-12-14 16:30:02,678 DEBUG (BaseJdbcLogger.java:159)- <==      Total: 21
2017-12-14 16:30:10,953 DEBUG (BaseJdbcLogger.java:159)- ==>  Preparing: select a.*,u.username from article a,user u where a.articleuserid=u.userid ORDER BY articlelastcommenttime DESC 
2017-12-14 16:30:10,954 DEBUG (BaseJdbcLogger.java:159)- ==> Parameters: 
2017-12-14 16:30:10,959 DEBUG (BaseJdbcLogger.java:159)- <==      Total: 21
2017-12-14 16:30:10,961 INFO (ArticleServiceImpl.java:46)- 共有21条记录
2017-12-14 16:30:10,961 INFO (ArticleServiceImpl.java:49)- 共有3页
2017-12-14 16:30:10,962 INFO (ArticleServiceImpl.java:52)- 当前的起始记录为第：10条
2017-12-14 16:30:10,963 DEBUG (BaseJdbcLogger.java:159)- ==>  Preparing: select a.*,u.username from article a,user u where a.articleuserid=u.userid ORDER BY articlelastcommenttime DESC limit ?,? 
2017-12-14 16:30:10,963 DEBUG (BaseJdbcLogger.java:159)- ==> Parameters: 10(Integer), 10(Integer)
2017-12-14 16:30:10,967 DEBUG (BaseJdbcLogger.java:159)- <==      Total: 10
2017-12-14 16:30:10,968 DEBUG (BaseJdbcLogger.java:159)- ==>  Preparing: select a.*,u.username from article a,user u where a.articleuserid=u.userid ORDER BY articlelastcommenttime DESC 
2017-12-14 16:30:10,968 DEBUG (BaseJdbcLogger.java:159)- ==> Parameters: 
2017-12-14 16:30:10,972 DEBUG (BaseJdbcLogger.java:159)- <==      Total: 21
2017-12-14 16:30:13,593 DEBUG (BaseJdbcLogger.java:159)- ==>  Preparing: select a.*,u.username from article a,user u where a.articleuserid=u.userid ORDER BY articlelastcommenttime DESC 
2017-12-14 16:30:13,594 DEBUG (BaseJdbcLogger.java:159)- ==> Parameters: 
2017-12-14 16:30:13,598 DEBUG (BaseJdbcLogger.java:159)- <==      Total: 21
2017-12-14 16:30:13,598 INFO (ArticleServiceImpl.java:46)- 共有21条记录
2017-12-14 16:30:13,599 INFO (ArticleServiceImpl.java:49)- 共有3页
2017-12-14 16:30:13,599 INFO (ArticleServiceImpl.java:52)- 当前的起始记录为第：20条
2017-12-14 16:30:13,600 DEBUG (BaseJdbcLogger.java:159)- ==>  Preparing: select a.*,u.username from article a,user u where a.articleuserid=u.userid ORDER BY articlelastcommenttime DESC limit ?,? 
2017-12-14 16:30:13,601 DEBUG (BaseJdbcLogger.java:159)- ==> Parameters: 20(Integer), 10(Integer)
2017-12-14 16:30:13,602 DEBUG (BaseJdbcLogger.java:159)- <==      Total: 1
2017-12-14 16:30:13,605 DEBUG (BaseJdbcLogger.java:159)- ==>  Preparing: select a.*,u.username from article a,user u where a.articleuserid=u.userid ORDER BY articlelastcommenttime DESC 
2017-12-14 16:30:13,605 DEBUG (BaseJdbcLogger.java:159)- ==> Parameters: 
2017-12-14 16:30:13,609 DEBUG (BaseJdbcLogger.java:159)- <==      Total: 21
2017-12-14 16:30:15,209 DEBUG (BaseJdbcLogger.java:159)- ==>  Preparing: select a.*,u.username from article a,user u where a.articleuserid=u.userid ORDER BY articlelastcommenttime DESC 
2017-12-14 16:30:15,210 DEBUG (BaseJdbcLogger.java:159)- ==> Parameters: 
2017-12-14 16:30:15,213 DEBUG (BaseJdbcLogger.java:159)- <==      Total: 21
2017-12-14 16:30:15,214 INFO (ArticleServiceImpl.java:46)- 共有21条记录
2017-12-14 16:30:15,214 INFO (ArticleServiceImpl.java:49)- 共有3页
2017-12-14 16:30:15,214 INFO (ArticleServiceImpl.java:52)- 当前的起始记录为第：10条
2017-12-14 16:30:15,215 DEBUG (BaseJdbcLogger.java:159)- ==>  Preparing: select a.*,u.username from article a,user u where a.articleuserid=u.userid ORDER BY articlelastcommenttime DESC limit ?,? 
2017-12-14 16:30:15,217 DEBUG (BaseJdbcLogger.java:159)- ==> Parameters: 10(Integer), 10(Integer)
2017-12-14 16:30:15,220 DEBUG (BaseJdbcLogger.java:159)- <==      Total: 10
2017-12-14 16:30:15,221 DEBUG (BaseJdbcLogger.java:159)- ==>  Preparing: select a.*,u.username from article a,user u where a.articleuserid=u.userid ORDER BY articlelastcommenttime DESC 
2017-12-14 16:30:15,222 DEBUG (BaseJdbcLogger.java:159)- ==> Parameters: 
2017-12-14 16:30:15,226 DEBUG (BaseJdbcLogger.java:159)- <==      Total: 21
2017-12-14 16:30:22,712 INFO (UserController.java:42)- 正在前往登录页面…………
2017-12-14 16:30:34,072 INFO (UserController.java:74)- 正在检测用户手机号是否存在…………
2017-12-14 16:30:34,074 INFO (UserController.java:75)- userphoneuserphoneuserphoneuserphone13867675555
2017-12-14 16:30:34,077 DEBUG (BaseJdbcLogger.java:159)- ==>  Preparing: select userid,username,userphone,userpassword,usergrade from user where userphone = ? 
2017-12-14 16:30:34,078 DEBUG (BaseJdbcLogger.java:159)- ==> Parameters: 13867675555(String)
2017-12-14 16:30:34,080 DEBUG (BaseJdbcLogger.java:159)- <==      Total: 1
2017-12-14 16:30:34,081 ERROR (UserController.java:79)- 已存在
2017-12-14 16:30:34,082 INFO (UserController.java:85)- 检测完成…………
2017-12-14 16:30:36,730 DEBUG (BaseJdbcLogger.java:159)- ==>  Preparing: select userid,username,userphone,userpassword,usergrade from user where userphone = ? 
2017-12-14 16:30:36,732 DEBUG (BaseJdbcLogger.java:159)- ==> Parameters: 13867675555(String)
2017-12-14 16:30:36,734 DEBUG (BaseJdbcLogger.java:159)- <==      Total: 1
2017-12-14 16:30:36,736 DEBUG (BaseJdbcLogger.java:159)- ==>  Preparing: select userid,username,userphone,userpassword,usergrade from user where userphone = ? and userpassword = ? 
2017-12-14 16:30:36,737 DEBUG (BaseJdbcLogger.java:159)- ==> Parameters: 13867675555(String), e10adc3949ba59abbe56e057f20f883e(String)
2017-12-14 16:30:36,739 DEBUG (BaseJdbcLogger.java:159)- <==      Total: 1
2017-12-14 16:30:36,740 DEBUG (BaseJdbcLogger.java:159)- ==>  Preparing: select logid, userphone, failtimes, lastfailtime from userlog where userphone = ? 
2017-12-14 16:30:36,740 DEBUG (BaseJdbcLogger.java:159)- ==> Parameters: 13867675555(String)
2017-12-14 16:30:36,742 DEBUG (BaseJdbcLogger.java:159)- <==      Total: 1
2017-12-14 16:30:36,743 INFO (UserController.java:171)- 登陆成功
2017-12-14 16:30:36,743 INFO (UserController.java:172)- 重置用户密码输错次数……
2017-12-14 16:30:36,743 DEBUG (BaseJdbcLogger.java:159)- ==>  Preparing: update userlog set failtimes = 0 where userphone = ? 
2017-12-14 16:30:36,744 DEBUG (BaseJdbcLogger.java:159)- ==> Parameters: 13867675555(String)
2017-12-14 16:30:36,877 DEBUG (BaseJdbcLogger.java:159)- <==    Updates: 1
2017-12-14 16:30:36,878 INFO (UserController.java:175)- 用户密码输错次数已重置为0……
2017-12-14 16:30:36,887 DEBUG (BaseJdbcLogger.java:159)- ==>  Preparing: select a.*,u.username from article a,user u where a.articleuserid=u.userid ORDER BY articlelastcommenttime DESC 
2017-12-14 16:30:36,888 DEBUG (BaseJdbcLogger.java:159)- ==> Parameters: 
2017-12-14 16:30:36,893 DEBUG (BaseJdbcLogger.java:159)- <==      Total: 21
2017-12-14 16:30:36,893 INFO (ArticleServiceImpl.java:46)- 共有21条记录
2017-12-14 16:30:36,894 INFO (ArticleServiceImpl.java:49)- 共有3页
2017-12-14 16:30:36,894 INFO (ArticleServiceImpl.java:52)- 当前的起始记录为第：0条
2017-12-14 16:30:36,895 DEBUG (BaseJdbcLogger.java:159)- ==>  Preparing: select a.*,u.username from article a,user u where a.articleuserid=u.userid ORDER BY articlelastcommenttime DESC limit ?,? 
2017-12-14 16:30:36,895 DEBUG (BaseJdbcLogger.java:159)- ==> Parameters: 0(Integer), 10(Integer)
2017-12-14 16:30:36,898 DEBUG (BaseJdbcLogger.java:159)- <==      Total: 10
2017-12-14 16:30:36,899 DEBUG (BaseJdbcLogger.java:159)- ==>  Preparing: select a.*,u.username from article a,user u where a.articleuserid=u.userid ORDER BY articlelastcommenttime DESC 
2017-12-14 16:30:36,899 DEBUG (BaseJdbcLogger.java:159)- ==> Parameters: 
2017-12-14 16:30:36,903 DEBUG (BaseJdbcLogger.java:159)- <==      Total: 21
2017-12-14 16:30:54,095 DEBUG (BaseJdbcLogger.java:159)- ==>  Preparing: select a.*,u.username from article a,user u where a.articleuserid=u.userid ORDER BY articlelastcommenttime DESC 
2017-12-14 16:30:54,095 DEBUG (BaseJdbcLogger.java:159)- ==> Parameters: 
2017-12-14 16:30:54,100 DEBUG (BaseJdbcLogger.java:159)- <==      Total: 21
2017-12-14 16:30:54,101 INFO (ArticleServiceImpl.java:46)- 共有21条记录
2017-12-14 16:30:54,101 INFO (ArticleServiceImpl.java:49)- 共有3页
2017-12-14 16:30:54,102 INFO (ArticleServiceImpl.java:52)- 当前的起始记录为第：10条
2017-12-14 16:30:54,102 DEBUG (BaseJdbcLogger.java:159)- ==>  Preparing: select a.*,u.username from article a,user u where a.articleuserid=u.userid ORDER BY articlelastcommenttime DESC limit ?,? 
2017-12-14 16:30:54,103 DEBUG (BaseJdbcLogger.java:159)- ==> Parameters: 10(Integer), 10(Integer)
2017-12-14 16:30:54,106 DEBUG (BaseJdbcLogger.java:159)- <==      Total: 10
2017-12-14 16:30:54,108 DEBUG (BaseJdbcLogger.java:159)- ==>  Preparing: select a.*,u.username from article a,user u where a.articleuserid=u.userid ORDER BY articlelastcommenttime DESC 
2017-12-14 16:30:54,109 DEBUG (BaseJdbcLogger.java:159)- ==> Parameters: 
2017-12-14 16:30:54,112 DEBUG (BaseJdbcLogger.java:159)- <==      Total: 21
2017-12-14 16:30:56,578 DEBUG (BaseJdbcLogger.java:159)- ==>  Preparing: select a.*,u.username from article a,user u where a.articleuserid=u.userid ORDER BY articlelastcommenttime DESC 
2017-12-14 16:30:56,579 DEBUG (BaseJdbcLogger.java:159)- ==> Parameters: 
2017-12-14 16:30:56,584 DEBUG (BaseJdbcLogger.java:159)- <==      Total: 21
2017-12-14 16:30:56,585 INFO (ArticleServiceImpl.java:46)- 共有21条记录
2017-12-14 16:30:56,585 INFO (ArticleServiceImpl.java:49)- 共有3页
2017-12-14 16:30:56,585 INFO (ArticleServiceImpl.java:52)- 当前的起始记录为第：0条
2017-12-14 16:30:56,586 DEBUG (BaseJdbcLogger.java:159)- ==>  Preparing: select a.*,u.username from article a,user u where a.articleuserid=u.userid ORDER BY articlelastcommenttime DESC limit ?,? 
2017-12-14 16:30:56,586 DEBUG (BaseJdbcLogger.java:159)- ==> Parameters: 0(Integer), 10(Integer)
2017-12-14 16:30:56,588 DEBUG (BaseJdbcLogger.java:159)- <==      Total: 10
2017-12-14 16:30:56,589 DEBUG (BaseJdbcLogger.java:159)- ==>  Preparing: select a.*,u.username from article a,user u where a.articleuserid=u.userid ORDER BY articlelastcommenttime DESC 
2017-12-14 16:30:56,590 DEBUG (BaseJdbcLogger.java:159)- ==> Parameters: 
2017-12-14 16:30:56,594 DEBUG (BaseJdbcLogger.java:159)- <==      Total: 21
2017-12-14 16:31:22,297 DEBUG (BaseJdbcLogger.java:159)- ==>  Preparing: select a.*,u.username from article a,user u where articleid = ? AND a.articleuserid=u.userid 
2017-12-14 16:31:22,298 DEBUG (BaseJdbcLogger.java:159)- ==> Parameters: 17(Integer)
2017-12-14 16:31:22,300 DEBUG (BaseJdbcLogger.java:159)- <==      Total: 1
2017-12-14 16:31:22,302 DEBUG (BaseJdbcLogger.java:159)- ==>  Preparing: select co.*,u.username,u.usergrade,u.userid from comment co,user u where co.commentarticleid = ? AND co.commentuserid=u.userid 
2017-12-14 16:31:22,303 DEBUG (BaseJdbcLogger.java:159)- ==> Parameters: 17(Integer)
2017-12-14 16:31:22,304 DEBUG (BaseJdbcLogger.java:159)- <==      Total: 0
2017-12-14 16:31:34,425 DEBUG (BaseJdbcLogger.java:159)- ==>  Preparing: select a.*,u.username from article a,user u where articleid = ? AND a.articleuserid=u.userid 
2017-12-14 16:31:34,426 DEBUG (BaseJdbcLogger.java:159)- ==> Parameters: 17(Integer)
2017-12-14 16:31:34,427 DEBUG (BaseJdbcLogger.java:159)- <==      Total: 1
2017-12-14 16:31:34,428 DEBUG (BaseJdbcLogger.java:159)- ==>  Preparing: select co.*,u.username,u.usergrade,u.userid from comment co,user u where co.commentarticleid = ? AND co.commentuserid=u.userid 
2017-12-14 16:31:34,429 DEBUG (BaseJdbcLogger.java:159)- ==> Parameters: 17(Integer)
2017-12-14 16:31:34,430 DEBUG (BaseJdbcLogger.java:159)- <==      Total: 0
2017-12-14 16:31:52,514 DEBUG (BaseJdbcLogger.java:159)- ==>  Preparing: select a.*,u.username from article a,user u where a.articleuserid=u.userid ORDER BY articlelastcommenttime DESC 
2017-12-14 16:31:52,515 DEBUG (BaseJdbcLogger.java:159)- ==> Parameters: 
2017-12-14 16:31:52,518 DEBUG (BaseJdbcLogger.java:159)- <==      Total: 21
2017-12-14 16:31:52,519 INFO (ArticleServiceImpl.java:46)- 共有21条记录
2017-12-14 16:31:52,519 INFO (ArticleServiceImpl.java:49)- 共有3页
2017-12-14 16:31:52,520 INFO (ArticleServiceImpl.java:52)- 当前的起始记录为第：10条
2017-12-14 16:31:52,521 DEBUG (BaseJdbcLogger.java:159)- ==>  Preparing: select a.*,u.username from article a,user u where a.articleuserid=u.userid ORDER BY articlelastcommenttime DESC limit ?,? 
2017-12-14 16:31:52,522 DEBUG (BaseJdbcLogger.java:159)- ==> Parameters: 10(Integer), 10(Integer)
2017-12-14 16:31:52,524 DEBUG (BaseJdbcLogger.java:159)- <==      Total: 10
2017-12-14 16:31:52,524 DEBUG (BaseJdbcLogger.java:159)- ==>  Preparing: select a.*,u.username from article a,user u where a.articleuserid=u.userid ORDER BY articlelastcommenttime DESC 
2017-12-14 16:31:52,525 DEBUG (BaseJdbcLogger.java:159)- ==> Parameters: 
2017-12-14 16:31:52,528 DEBUG (BaseJdbcLogger.java:159)- <==      Total: 21
2017-12-14 16:32:06,601 DEBUG (BaseJdbcLogger.java:159)- ==>  Preparing: select a.*,u.username from article a,user u where a.articleuserid=u.userid ORDER BY articlelastcommenttime DESC 
2017-12-14 16:32:06,602 DEBUG (BaseJdbcLogger.java:159)- ==> Parameters: 
2017-12-14 16:32:06,606 DEBUG (BaseJdbcLogger.java:159)- <==      Total: 21
2017-12-14 16:32:06,607 INFO (ArticleServiceImpl.java:46)- 共有21条记录
2017-12-14 16:32:06,608 INFO (ArticleServiceImpl.java:49)- 共有3页
2017-12-14 16:32:06,608 INFO (ArticleServiceImpl.java:52)- 当前的起始记录为第：20条
2017-12-14 16:32:06,609 DEBUG (BaseJdbcLogger.java:159)- ==>  Preparing: select a.*,u.username from article a,user u where a.articleuserid=u.userid ORDER BY articlelastcommenttime DESC limit ?,? 
2017-12-14 16:32:06,610 DEBUG (BaseJdbcLogger.java:159)- ==> Parameters: 20(Integer), 10(Integer)
2017-12-14 16:32:06,611 DEBUG (BaseJdbcLogger.java:159)- <==      Total: 1
2017-12-14 16:32:06,612 DEBUG (BaseJdbcLogger.java:159)- ==>  Preparing: select a.*,u.username from article a,user u where a.articleuserid=u.userid ORDER BY articlelastcommenttime DESC 
2017-12-14 16:32:06,613 DEBUG (BaseJdbcLogger.java:159)- ==> Parameters: 
2017-12-14 16:32:06,615 DEBUG (BaseJdbcLogger.java:159)- <==      Total: 21
2017-12-14 16:32:08,135 DEBUG (BaseJdbcLogger.java:159)- ==>  Preparing: select a.*,u.username from article a,user u where a.articleuserid=u.userid ORDER BY articlelastcommenttime DESC 
2017-12-14 16:32:08,136 DEBUG (BaseJdbcLogger.java:159)- ==> Parameters: 
2017-12-14 16:32:08,140 DEBUG (BaseJdbcLogger.java:159)- <==      Total: 21
2017-12-14 16:32:08,141 INFO (ArticleServiceImpl.java:46)- 共有21条记录
2017-12-14 16:32:08,141 INFO (ArticleServiceImpl.java:49)- 共有3页
2017-12-14 16:32:08,142 INFO (ArticleServiceImpl.java:52)- 当前的起始记录为第：10条
2017-12-14 16:32:08,142 DEBUG (BaseJdbcLogger.java:159)- ==>  Preparing: select a.*,u.username from article a,user u where a.articleuserid=u.userid ORDER BY articlelastcommenttime DESC limit ?,? 
2017-12-14 16:32:08,143 DEBUG (BaseJdbcLogger.java:159)- ==> Parameters: 10(Integer), 10(Integer)
2017-12-14 16:32:08,145 DEBUG (BaseJdbcLogger.java:159)- <==      Total: 10
2017-12-14 16:32:08,146 DEBUG (BaseJdbcLogger.java:159)- ==>  Preparing: select a.*,u.username from article a,user u where a.articleuserid=u.userid ORDER BY articlelastcommenttime DESC 
2017-12-14 16:32:08,146 DEBUG (BaseJdbcLogger.java:159)- ==> Parameters: 
2017-12-14 16:32:08,149 DEBUG (BaseJdbcLogger.java:159)- <==      Total: 21
2017-12-14 16:32:10,160 DEBUG (BaseJdbcLogger.java:159)- ==>  Preparing: select a.*,u.username from article a,user u where a.articleuserid=u.userid ORDER BY articlelastcommenttime DESC 
2017-12-14 16:32:10,161 DEBUG (BaseJdbcLogger.java:159)- ==> Parameters: 
2017-12-14 16:32:10,164 DEBUG (BaseJdbcLogger.java:159)- <==      Total: 21
2017-12-14 16:32:10,165 INFO (ArticleServiceImpl.java:46)- 共有21条记录
2017-12-14 16:32:10,165 INFO (ArticleServiceImpl.java:49)- 共有3页
2017-12-14 16:32:10,165 INFO (ArticleServiceImpl.java:52)- 当前的起始记录为第：0条
2017-12-14 16:32:10,166 DEBUG (BaseJdbcLogger.java:159)- ==>  Preparing: select a.*,u.username from article a,user u where a.articleuserid=u.userid ORDER BY articlelastcommenttime DESC limit ?,? 
2017-12-14 16:32:10,166 DEBUG (BaseJdbcLogger.java:159)- ==> Parameters: 0(Integer), 10(Integer)
2017-12-14 16:32:10,169 DEBUG (BaseJdbcLogger.java:159)- <==      Total: 10
2017-12-14 16:32:10,170 DEBUG (BaseJdbcLogger.java:159)- ==>  Preparing: select a.*,u.username from article a,user u where a.articleuserid=u.userid ORDER BY articlelastcommenttime DESC 
2017-12-14 16:32:10,170 DEBUG (BaseJdbcLogger.java:159)- ==> Parameters: 
2017-12-14 16:32:10,173 DEBUG (BaseJdbcLogger.java:159)- <==      Total: 21
2017-12-14 16:32:17,375 DEBUG (BaseJdbcLogger.java:159)- ==>  Preparing: select a.*,u.username from article a,user u where articleid = ? AND a.articleuserid=u.userid 
2017-12-14 16:32:17,376 DEBUG (BaseJdbcLogger.java:159)- ==> Parameters: 18(Integer)
2017-12-14 16:32:17,377 DEBUG (BaseJdbcLogger.java:159)- <==      Total: 1
2017-12-14 16:32:17,378 DEBUG (BaseJdbcLogger.java:159)- ==>  Preparing: select co.*,u.username,u.usergrade,u.userid from comment co,user u where co.commentarticleid = ? AND co.commentuserid=u.userid 
2017-12-14 16:32:17,379 DEBUG (BaseJdbcLogger.java:159)- ==> Parameters: 18(Integer)
2017-12-14 16:32:17,381 DEBUG (BaseJdbcLogger.java:159)- <==      Total: 0
2017-12-14 16:32:36,622 INFO (CommentController.java:37)- 看好！！！118
2017-12-14 16:32:36,658 DEBUG (BaseJdbcLogger.java:159)- ==>  Preparing: insert into comment ( commentcontent, commentuserid, commentarticleid, commenttime ) values ( ?, ?, ?, ? ) 
2017-12-14 16:32:36,660 DEBUG (BaseJdbcLogger.java:159)- ==> Parameters: 看好！！！(String), 1(Integer), 18(Integer), 2017-12-14 16:32:36.0(Timestamp)
2017-12-14 16:32:36,720 DEBUG (BaseJdbcLogger.java:159)- <==    Updates: 1
2017-12-14 16:32:36,721 DEBUG (BaseJdbcLogger.java:159)- ==>  Preparing: select a.*,u.username from article a,user u where articleid = ? AND a.articleuserid=u.userid 
2017-12-14 16:32:36,721 DEBUG (BaseJdbcLogger.java:159)- ==> Parameters: 18(Integer)
2017-12-14 16:32:36,722 DEBUG (BaseJdbcLogger.java:159)- <==      Total: 1
2017-12-14 16:32:36,724 DEBUG (BaseJdbcLogger.java:159)- ==>  Preparing: update article SET articlecommentnum = ?, articlelastcommenttime = ? where articleid = ? 
2017-12-14 16:32:36,725 DEBUG (BaseJdbcLogger.java:159)- ==> Parameters: 1(Integer), 2017-12-14 16:32:36.0(Timestamp), 18(Integer)
2017-12-14 16:32:36,753 DEBUG (BaseJdbcLogger.java:159)- <==    Updates: 1
2017-12-14 16:32:36,759 DEBUG (BaseJdbcLogger.java:159)- ==>  Preparing: select a.*,u.username from article a,user u where articleid = ? AND a.articleuserid=u.userid 
2017-12-14 16:32:36,760 DEBUG (BaseJdbcLogger.java:159)- ==> Parameters: 18(Integer)
2017-12-14 16:32:36,761 DEBUG (BaseJdbcLogger.java:159)- <==      Total: 1
2017-12-14 16:32:36,761 DEBUG (BaseJdbcLogger.java:159)- ==>  Preparing: select co.*,u.username,u.usergrade,u.userid from comment co,user u where co.commentarticleid = ? AND co.commentuserid=u.userid 
2017-12-14 16:32:36,762 DEBUG (BaseJdbcLogger.java:159)- ==> Parameters: 18(Integer)
2017-12-14 16:32:36,763 DEBUG (BaseJdbcLogger.java:159)- <==      Total: 1
2017-12-14 16:32:37,787 DEBUG (BaseJdbcLogger.java:159)- ==>  Preparing: select a.*,u.username from article a,user u where articleid = ? AND a.articleuserid=u.userid 
2017-12-14 16:32:37,789 DEBUG (BaseJdbcLogger.java:159)- ==> Parameters: 18(Integer)
2017-12-14 16:32:37,793 DEBUG (BaseJdbcLogger.java:159)- <==      Total: 1
2017-12-14 16:32:37,796 DEBUG (BaseJdbcLogger.java:159)- ==>  Preparing: select co.*,u.username,u.usergrade,u.userid from comment co,user u where co.commentarticleid = ? AND co.commentuserid=u.userid 
2017-12-14 16:32:37,797 DEBUG (BaseJdbcLogger.java:159)- ==> Parameters: 18(Integer)
2017-12-14 16:32:37,799 DEBUG (BaseJdbcLogger.java:159)- <==      Total: 1
2017-12-14 16:32:54,194 DEBUG (BaseJdbcLogger.java:159)- ==>  Preparing: select a.*,u.username from article a,user u where a.articleuserid=u.userid ORDER BY articlelastcommenttime DESC 
2017-12-14 16:32:54,195 DEBUG (BaseJdbcLogger.java:159)- ==> Parameters: 
2017-12-14 16:32:54,198 DEBUG (BaseJdbcLogger.java:159)- <==      Total: 21
2017-12-14 16:32:54,199 INFO (ArticleServiceImpl.java:46)- 共有21条记录
2017-12-14 16:32:54,199 INFO (ArticleServiceImpl.java:49)- 共有3页
2017-12-14 16:32:54,199 INFO (ArticleServiceImpl.java:52)- 当前的起始记录为第：0条
2017-12-14 16:32:54,200 DEBUG (BaseJdbcLogger.java:159)- ==>  Preparing: select a.*,u.username from article a,user u where a.articleuserid=u.userid ORDER BY articlelastcommenttime DESC limit ?,? 
2017-12-14 16:32:54,200 DEBUG (BaseJdbcLogger.java:159)- ==> Parameters: 0(Integer), 10(Integer)
2017-12-14 16:32:54,202 DEBUG (BaseJdbcLogger.java:159)- <==      Total: 10
2017-12-14 16:32:54,203 DEBUG (BaseJdbcLogger.java:159)- ==>  Preparing: select a.*,u.username from article a,user u where a.articleuserid=u.userid ORDER BY articlelastcommenttime DESC 
2017-12-14 16:32:54,204 DEBUG (BaseJdbcLogger.java:159)- ==> Parameters: 
2017-12-14 16:32:54,208 DEBUG (BaseJdbcLogger.java:159)- <==      Total: 21
2017-12-14 16:32:57,183 DEBUG (BaseJdbcLogger.java:159)- ==>  Preparing: select a.*,u.username from article a,user u where articleid = ? AND a.articleuserid=u.userid 
2017-12-14 16:32:57,184 DEBUG (BaseJdbcLogger.java:159)- ==> Parameters: 18(Integer)
2017-12-14 16:32:57,186 DEBUG (BaseJdbcLogger.java:159)- <==      Total: 1
2017-12-14 16:32:57,187 DEBUG (BaseJdbcLogger.java:159)- ==>  Preparing: select co.*,u.username,u.usergrade,u.userid from comment co,user u where co.commentarticleid = ? AND co.commentuserid=u.userid 
2017-12-14 16:32:57,188 DEBUG (BaseJdbcLogger.java:159)- ==> Parameters: 18(Integer)
2017-12-14 16:32:57,189 DEBUG (BaseJdbcLogger.java:159)- <==      Total: 1
2017-12-14 16:33:09,063 DEBUG (BaseJdbcLogger.java:159)- ==>  Preparing: select a.*,u.username from article a,user u where a.articleuserid=u.userid ORDER BY articlelastcommenttime DESC 
2017-12-14 16:33:09,064 DEBUG (BaseJdbcLogger.java:159)- ==> Parameters: 
2017-12-14 16:33:09,069 DEBUG (BaseJdbcLogger.java:159)- <==      Total: 21
2017-12-14 16:33:09,070 INFO (ArticleServiceImpl.java:46)- 共有21条记录
2017-12-14 16:33:09,070 INFO (ArticleServiceImpl.java:49)- 共有3页
2017-12-14 16:33:09,071 INFO (ArticleServiceImpl.java:52)- 当前的起始记录为第：10条
2017-12-14 16:33:09,071 DEBUG (BaseJdbcLogger.java:159)- ==>  Preparing: select a.*,u.username from article a,user u where a.articleuserid=u.userid ORDER BY articlelastcommenttime DESC limit ?,? 
2017-12-14 16:33:09,072 DEBUG (BaseJdbcLogger.java:159)- ==> Parameters: 10(Integer), 10(Integer)
2017-12-14 16:33:09,075 DEBUG (BaseJdbcLogger.java:159)- <==      Total: 10
2017-12-14 16:33:09,076 DEBUG (BaseJdbcLogger.java:159)- ==>  Preparing: select a.*,u.username from article a,user u where a.articleuserid=u.userid ORDER BY articlelastcommenttime DESC 
2017-12-14 16:33:09,076 DEBUG (BaseJdbcLogger.java:159)- ==> Parameters: 
2017-12-14 16:33:09,079 DEBUG (BaseJdbcLogger.java:159)- <==      Total: 21
2017-12-14 16:33:10,808 DEBUG (BaseJdbcLogger.java:159)- ==>  Preparing: select a.*,u.username from article a,user u where articleid = ? AND a.articleuserid=u.userid 
2017-12-14 16:33:10,809 DEBUG (BaseJdbcLogger.java:159)- ==> Parameters: 1(Integer)
2017-12-14 16:33:10,811 DEBUG (BaseJdbcLogger.java:159)- <==      Total: 1
2017-12-14 16:33:10,812 DEBUG (BaseJdbcLogger.java:159)- ==>  Preparing: select co.*,u.username,u.usergrade,u.userid from comment co,user u where co.commentarticleid = ? AND co.commentuserid=u.userid 
2017-12-14 16:33:10,813 DEBUG (BaseJdbcLogger.java:159)- ==> Parameters: 1(Integer)
2017-12-14 16:33:10,815 DEBUG (BaseJdbcLogger.java:159)- <==      Total: 5
2017-12-14 16:41:01,948 INFO (StartupInfoLogger.java:48)- Starting Work2ZacharyApplication on nkgw10nh1485 with PID 6056 (E:\WorkSpace\Work2_Zachary\target\classes started by Zach.Zhang in E:\WorkSpace\Work2_Zachary)
2017-12-14 16:41:01,952 DEBUG (StartupInfoLogger.java:51)- Running with Spring Boot v1.5.9.RELEASE, Spring v4.3.13.RELEASE
2017-12-14 16:41:01,952 INFO (SpringApplication.java:593)- No active profile set, falling back to default profiles: default
2017-12-14 16:41:09,843 INFO (StartupInfoLogger.java:57)- Started Work2ZacharyApplication in 8.568 seconds (JVM running for 9.989)
2017-12-14 16:41:29,068 INFO (UserController.java:42)- 正在前往登录页面…………
2017-12-14 16:41:29,188 INFO (UserController.java:42)- 正在前往登录页面…………
2017-12-14 16:41:32,993 INFO (UserController.java:74)- 正在检测用户手机号是否存在…………
2017-12-14 16:41:32,994 INFO (UserController.java:75)- userphoneuserphoneuserphoneuserphone15161182029
2017-12-14 16:41:33,351 DEBUG (BaseJdbcLogger.java:159)- ==>  Preparing: select userid,username,userphone,userpassword,usergrade from user where userphone = ? 
2017-12-14 16:41:33,378 DEBUG (BaseJdbcLogger.java:159)- ==> Parameters: 15161182029(String)
2017-12-14 16:41:33,388 DEBUG (BaseJdbcLogger.java:159)- <==      Total: 1
2017-12-14 16:41:33,390 ERROR (UserController.java:79)- 已存在
2017-12-14 16:41:33,391 INFO (UserController.java:85)- 检测完成…………
2017-12-14 16:41:35,886 DEBUG (BaseJdbcLogger.java:159)- ==>  Preparing: select userid,username,userphone,userpassword,usergrade from user where userphone = ? 
2017-12-14 16:41:35,888 DEBUG (BaseJdbcLogger.java:159)- ==> Parameters: 15161182029(String)
2017-12-14 16:41:35,893 DEBUG (BaseJdbcLogger.java:159)- <==      Total: 1
2017-12-14 16:41:35,896 DEBUG (BaseJdbcLogger.java:159)- ==>  Preparing: select userid,username,userphone,userpassword,usergrade from user where userphone = ? and userpassword = ? 
2017-12-14 16:41:35,897 DEBUG (BaseJdbcLogger.java:159)- ==> Parameters: 15161182029(String), e10adc3949ba59abbe56e057f20f883e(String)
2017-12-14 16:41:35,898 DEBUG (BaseJdbcLogger.java:159)- <==      Total: 1
2017-12-14 16:41:35,899 DEBUG (BaseJdbcLogger.java:159)- ==>  Preparing: select logid, userphone, failtimes, lastfailtime from userlog where userphone = ? 
2017-12-14 16:41:35,900 DEBUG (BaseJdbcLogger.java:159)- ==> Parameters: 15161182029(String)
2017-12-14 16:41:35,902 DEBUG (BaseJdbcLogger.java:159)- <==      Total: 1
2017-12-14 16:41:35,905 INFO (UserController.java:171)- 登陆成功
2017-12-14 16:41:35,906 INFO (UserController.java:172)- 重置用户密码输错次数……
2017-12-14 16:41:35,907 DEBUG (BaseJdbcLogger.java:159)- ==>  Preparing: update userlog set failtimes = 0 where userphone = ? 
2017-12-14 16:41:35,908 DEBUG (BaseJdbcLogger.java:159)- ==> Parameters: 15161182029(String)
2017-12-14 16:41:35,992 DEBUG (BaseJdbcLogger.java:159)- <==    Updates: 1
2017-12-14 16:41:35,993 INFO (UserController.java:175)- 用户密码输错次数已重置为0……
2017-12-14 16:41:36,010 DEBUG (BaseJdbcLogger.java:159)- ==>  Preparing: select a.*,u.username from article a,user u where a.articleuserid=u.userid ORDER BY articlelastcommenttime DESC 
2017-12-14 16:41:36,011 DEBUG (BaseJdbcLogger.java:159)- ==> Parameters: 
2017-12-14 16:41:36,032 DEBUG (BaseJdbcLogger.java:159)- <==      Total: 21
2017-12-14 16:41:36,033 INFO (ArticleServiceImpl.java:46)- 共有21条记录
2017-12-14 16:41:36,034 INFO (ArticleServiceImpl.java:49)- 共有3页
2017-12-14 16:41:36,034 INFO (ArticleServiceImpl.java:52)- 当前的起始记录为第：0条
2017-12-14 16:41:36,037 DEBUG (BaseJdbcLogger.java:159)- ==>  Preparing: select a.*,u.username from article a,user u where a.articleuserid=u.userid ORDER BY articlelastcommenttime DESC limit ?,? 
2017-12-14 16:41:36,038 DEBUG (BaseJdbcLogger.java:159)- ==> Parameters: 0(Integer), 10(Integer)
2017-12-14 16:41:36,046 DEBUG (BaseJdbcLogger.java:159)- <==      Total: 10
2017-12-14 16:41:36,047 DEBUG (BaseJdbcLogger.java:159)- ==>  Preparing: select a.*,u.username from article a,user u where a.articleuserid=u.userid ORDER BY articlelastcommenttime DESC 
2017-12-14 16:41:36,048 DEBUG (BaseJdbcLogger.java:159)- ==> Parameters: 
2017-12-14 16:41:36,062 DEBUG (BaseJdbcLogger.java:159)- <==      Total: 21
2017-12-14 16:41:38,692 DEBUG (BaseJdbcLogger.java:159)- ==>  Preparing: select a.*,u.username from article a,user u where a.articleuserid=u.userid ORDER BY articlelastcommenttime DESC 
2017-12-14 16:41:38,693 DEBUG (BaseJdbcLogger.java:159)- ==> Parameters: 
2017-12-14 16:41:38,703 DEBUG (BaseJdbcLogger.java:159)- <==      Total: 21
2017-12-14 16:41:38,705 INFO (ArticleServiceImpl.java:46)- 共有21条记录
2017-12-14 16:41:38,706 INFO (ArticleServiceImpl.java:49)- 共有3页
2017-12-14 16:41:38,706 INFO (ArticleServiceImpl.java:52)- 当前的起始记录为第：10条
2017-12-14 16:41:38,707 DEBUG (BaseJdbcLogger.java:159)- ==>  Preparing: select a.*,u.username from article a,user u where a.articleuserid=u.userid ORDER BY articlelastcommenttime DESC limit ?,? 
2017-12-14 16:41:38,708 DEBUG (BaseJdbcLogger.java:159)- ==> Parameters: 10(Integer), 10(Integer)
2017-12-14 16:41:38,713 DEBUG (BaseJdbcLogger.java:159)- <==      Total: 10
2017-12-14 16:41:38,715 DEBUG (BaseJdbcLogger.java:159)- ==>  Preparing: select a.*,u.username from article a,user u where a.articleuserid=u.userid ORDER BY articlelastcommenttime DESC 
2017-12-14 16:41:38,716 DEBUG (BaseJdbcLogger.java:159)- ==> Parameters: 
2017-12-14 16:41:38,725 DEBUG (BaseJdbcLogger.java:159)- <==      Total: 21
2017-12-14 16:41:51,260 DEBUG (BaseJdbcLogger.java:159)- ==>  Preparing: select a.*,u.username from article a,user u where articleid = ? AND a.articleuserid=u.userid 
2017-12-14 16:41:51,262 DEBUG (BaseJdbcLogger.java:159)- ==> Parameters: 4(Integer)
2017-12-14 16:41:51,264 DEBUG (BaseJdbcLogger.java:159)- <==      Total: 1
2017-12-14 16:41:51,265 DEBUG (BaseJdbcLogger.java:159)- ==>  Preparing: select co.*,u.username,u.usergrade,u.userid from comment co,user u where co.commentarticleid = ? AND co.commentuserid=u.userid 
2017-12-14 16:41:51,266 DEBUG (BaseJdbcLogger.java:159)- ==> Parameters: 4(Integer)
2017-12-14 16:41:51,269 DEBUG (BaseJdbcLogger.java:159)- <==      Total: 3
2017-12-14 16:42:16,271 INFO (CommentController.java:37)- 重中之重24
2017-12-14 16:42:16,304 DEBUG (BaseJdbcLogger.java:159)- ==>  Preparing: insert into comment ( commentcontent, commentuserid, commentarticleid, commenttime ) values ( ?, ?, ?, ? ) 
2017-12-14 16:42:16,308 DEBUG (BaseJdbcLogger.java:159)- ==> Parameters: 重中之重(String), 2(Integer), 4(Integer), 2017-12-14 16:42:16.0(Timestamp)
2017-12-14 16:42:16,365 DEBUG (BaseJdbcLogger.java:159)- <==    Updates: 1
2017-12-14 16:42:16,366 DEBUG (BaseJdbcLogger.java:159)- ==>  Preparing: select a.*,u.username from article a,user u where articleid = ? AND a.articleuserid=u.userid 
